12-04 20:12:06.307 [ INFO] [                    c.t.f.FlyApplication: 50] - Starting FlyApplication on wxs with PID 19264 (D:\Git\test\fly\target\classes started by Administrator in D:\Git\test\fly)
12-04 20:12:06.310 [ INFO] [                    c.t.f.FlyApplication:680] - No active profile set, falling back to default profiles: default
12-04 20:12:06.351 [ INFO] [ConfigServletWebServerApplicationContext:590] - Refreshing org.springframework.boot.web.servlet.context.AnnotationConfigServletWebServerApplicationContext@610f7aa: startup date [Tue Dec 04 20:12:06 CST 2018]; root of context hierarchy
12-04 20:12:07.612 [ INFO] [             o.s.b.w.e.t.TomcatWebServer: 91] - Tomcat initialized with port(s): 8080 (http)
12-04 20:12:07.625 [ INFO] [               o.a.c.h.Http11NioProtocol:180] - Initializing ProtocolHandler ["http-nio-8080"]
12-04 20:12:07.634 [ INFO] [                 o.a.c.c.StandardService:180] - Starting service [Tomcat]
12-04 20:12:07.635 [ INFO] [                  o.a.c.c.StandardEngine:180] - Starting Servlet Engine: Apache Tomcat/8.5.34
12-04 20:12:07.639 [ INFO] [            o.a.c.c.AprLifecycleListener:180] - Loaded APR based Apache Tomcat Native library [1.2.17] using APR version [1.6.3].
12-04 20:12:07.639 [ INFO] [            o.a.c.c.AprLifecycleListener:180] - APR capabilities: IPv6 [true], sendfile [true], accept filters [false], random [true].
12-04 20:12:07.639 [ INFO] [            o.a.c.c.AprLifecycleListener:180] - APR/OpenSSL configuration: useAprConnector [false], useOpenSSL [true]
12-04 20:12:08.682 [ INFO] [            o.a.c.c.AprLifecycleListener:180] - OpenSSL successfully initialized [OpenSSL 1.0.2o  27 Mar 2018]
12-04 20:12:08.808 [ INFO] [                       o.a.c.c.C.[.[.[/]:180] - Initializing Spring embedded WebApplicationContext
12-04 20:12:08.808 [ INFO] [                   o.s.w.c.ContextLoader:285] - Root WebApplicationContext: initialization completed in 2462 ms
12-04 20:12:08.857 [ INFO] [       o.s.b.w.s.ServletRegistrationBean:187] - Servlet dispatcherServlet mapped to [/]
12-04 20:12:08.860 [ INFO] [        o.s.b.w.s.FilterRegistrationBean:245] - Mapping filter: 'characterEncodingFilter' to: [/*]
12-04 20:12:08.860 [ INFO] [        o.s.b.w.s.FilterRegistrationBean:245] - Mapping filter: 'hiddenHttpMethodFilter' to: [/*]
12-04 20:12:08.860 [ INFO] [        o.s.b.w.s.FilterRegistrationBean:245] - Mapping filter: 'httpPutFormContentFilter' to: [/*]
12-04 20:12:08.861 [ INFO] [        o.s.b.w.s.FilterRegistrationBean:245] - Mapping filter: 'requestContextFilter' to: [/*]
12-04 20:12:09.245 [ INFO] [       o.s.w.s.h.SimpleUrlHandlerMapping:373] - Mapped URL path [/**/favicon.ico] onto handler of type [class org.springframework.web.servlet.resource.ResourceHttpRequestHandler]
12-04 20:12:09.476 [ INFO] [s.w.s.m.m.a.RequestMappingHandlerAdapter:588] - Looking for @ControllerAdvice: org.springframework.boot.web.servlet.context.AnnotationConfigServletWebServerApplicationContext@610f7aa: startup date [Tue Dec 04 20:12:06 CST 2018]; root of context hierarchy
12-04 20:12:09.516 [ INFO] [s.w.s.m.m.a.RequestMappingHandlerMapping:549] - Mapped "{[/test],methods=[POST]}" onto public com.test.fly.common.ServerResponse com.test.fly.controller.TextController.test(javax.servlet.http.HttpServletRequest,javax.servlet.http.HttpServletResponse)
12-04 20:12:09.517 [ INFO] [s.w.s.m.m.a.RequestMappingHandlerMapping:549] - Mapped "{[/add],methods=[POST]}" onto public com.test.fly.common.ServerResponse<java.lang.String> com.test.fly.controller.UserController.Add(com.test.fly.pojo.Data)
12-04 20:12:09.517 [ INFO] [s.w.s.m.m.a.RequestMappingHandlerMapping:549] - Mapped "{[/history],methods=[POST]}" onto public com.test.fly.common.ServerResponse<java.util.List<com.test.fly.pojo.Data>> com.test.fly.controller.UserController.History()
12-04 20:12:09.518 [ INFO] [s.w.s.m.m.a.RequestMappingHandlerMapping:549] - Mapped "{[/locate],methods=[POST]}" onto public com.test.fly.common.ServerResponse<java.util.List<com.test.fly.pojo.Data>> com.test.fly.controller.UserController.getLocate()
12-04 20:12:09.521 [ INFO] [s.w.s.m.m.a.RequestMappingHandlerMapping:549] - Mapped "{[/error]}" onto public org.springframework.http.ResponseEntity<java.util.Map<java.lang.String, java.lang.Object>> org.springframework.boot.autoconfigure.web.servlet.error.BasicErrorController.error(javax.servlet.http.HttpServletRequest)
12-04 20:12:09.522 [ INFO] [s.w.s.m.m.a.RequestMappingHandlerMapping:549] - Mapped "{[/error],produces=[text/html]}" onto public org.springframework.web.servlet.ModelAndView org.springframework.boot.autoconfigure.web.servlet.error.BasicErrorController.errorHtml(javax.servlet.http.HttpServletRequest,javax.servlet.http.HttpServletResponse)
12-04 20:12:09.559 [ INFO] [       o.s.w.s.h.SimpleUrlHandlerMapping:373] - Mapped URL path [/webjars/**] onto handler of type [class org.springframework.web.servlet.resource.ResourceHttpRequestHandler]
12-04 20:12:09.559 [ INFO] [       o.s.w.s.h.SimpleUrlHandlerMapping:373] - Mapped URL path [/**] onto handler of type [class org.springframework.web.servlet.resource.ResourceHttpRequestHandler]
12-04 20:12:09.593 [ INFO] [   o.s.b.a.w.s.WelcomePageHandlerMapping: 56] - Adding welcome page: class path resource [static/index.html]
12-04 20:12:09.767 [ INFO] [       o.s.j.e.a.AnnotationMBeanExporter:433] - Registering beans for JMX exposure on startup
12-04 20:12:09.768 [ INFO] [       o.s.j.e.a.AnnotationMBeanExporter:895] - Bean with name 'dataSource' has been autodetected for JMX exposure
12-04 20:12:09.772 [ INFO] [       o.s.j.e.a.AnnotationMBeanExporter:668] - Located MBean 'dataSource': registering with JMX server as MBean [com.zaxxer.hikari:name=dataSource,type=HikariDataSource]
12-04 20:12:09.800 [ INFO] [               o.a.c.h.Http11NioProtocol:180] - Starting ProtocolHandler ["http-nio-8080"]
12-04 20:12:09.815 [ INFO] [               o.a.t.u.n.NioSelectorPool:180] - Using a shared selector for servlet write/read
12-04 20:12:09.834 [ INFO] [             o.s.b.w.e.t.TomcatWebServer:206] - Tomcat started on port(s): 8080 (http) with context path ''
12-04 20:12:09.841 [ INFO] [                    c.t.f.FlyApplication: 59] - Started FlyApplication in 3.842 seconds (JVM running for 4.833)
12-04 20:12:16.524 [ INFO] [                       o.a.c.c.C.[.[.[/]:180] - Initializing Spring FrameworkServlet 'dispatcherServlet'
12-04 20:12:16.524 [ INFO] [               o.s.w.s.DispatcherServlet:494] - FrameworkServlet 'dispatcherServlet': initialization started
12-04 20:12:16.541 [ INFO] [               o.s.w.s.DispatcherServlet:509] - FrameworkServlet 'dispatcherServlet': initialization completed in 17 ms
12-04 20:12:17.754 [ INFO] [                  c.z.h.HikariDataSource:110] - DatebookHikariCP - Starting...
12-04 20:12:18.045 [ INFO] [                  c.z.h.HikariDataSource:123] - DatebookHikariCP - Start completed.
12-04 20:28:20.833 [ INFO] [                    c.t.f.FlyApplication: 50] - Starting FlyApplication on wxs with PID 24228 (D:\Git\test\fly\target\classes started by Administrator in D:\Git\test\fly)
12-04 20:28:20.835 [ INFO] [                    c.t.f.FlyApplication:680] - No active profile set, falling back to default profiles: default
12-04 20:28:20.875 [ INFO] [ConfigServletWebServerApplicationContext:590] - Refreshing org.springframework.boot.web.servlet.context.AnnotationConfigServletWebServerApplicationContext@6a03bcb1: startup date [Tue Dec 04 20:28:20 CST 2018]; root of context hierarchy
12-04 20:28:21.911 [ INFO] [             o.s.b.w.e.t.TomcatWebServer: 91] - Tomcat initialized with port(s): 8080 (http)
12-04 20:28:21.921 [ INFO] [               o.a.c.h.Http11NioProtocol:180] - Initializing ProtocolHandler ["http-nio-8080"]
12-04 20:28:21.929 [ INFO] [                 o.a.c.c.StandardService:180] - Starting service [Tomcat]
12-04 20:28:21.929 [ INFO] [                  o.a.c.c.StandardEngine:180] - Starting Servlet Engine: Apache Tomcat/8.5.34
12-04 20:28:21.933 [ INFO] [            o.a.c.c.AprLifecycleListener:180] - Loaded APR based Apache Tomcat Native library [1.2.17] using APR version [1.6.3].
12-04 20:28:21.933 [ INFO] [            o.a.c.c.AprLifecycleListener:180] - APR capabilities: IPv6 [true], sendfile [true], accept filters [false], random [true].
12-04 20:28:21.934 [ INFO] [            o.a.c.c.AprLifecycleListener:180] - APR/OpenSSL configuration: useAprConnector [false], useOpenSSL [true]
12-04 20:28:22.969 [ INFO] [            o.a.c.c.AprLifecycleListener:180] - OpenSSL successfully initialized [OpenSSL 1.0.2o  27 Mar 2018]
12-04 20:28:23.050 [ INFO] [                       o.a.c.c.C.[.[.[/]:180] - Initializing Spring embedded WebApplicationContext
12-04 20:28:23.050 [ INFO] [                   o.s.w.c.ContextLoader:285] - Root WebApplicationContext: initialization completed in 2179 ms
12-04 20:28:23.101 [ INFO] [       o.s.b.w.s.ServletRegistrationBean:187] - Servlet dispatcherServlet mapped to [/]
12-04 20:28:23.104 [ INFO] [        o.s.b.w.s.FilterRegistrationBean:245] - Mapping filter: 'characterEncodingFilter' to: [/*]
12-04 20:28:23.105 [ INFO] [        o.s.b.w.s.FilterRegistrationBean:245] - Mapping filter: 'hiddenHttpMethodFilter' to: [/*]
12-04 20:28:23.105 [ INFO] [        o.s.b.w.s.FilterRegistrationBean:245] - Mapping filter: 'httpPutFormContentFilter' to: [/*]
12-04 20:28:23.105 [ INFO] [        o.s.b.w.s.FilterRegistrationBean:245] - Mapping filter: 'requestContextFilter' to: [/*]
12-04 20:28:23.425 [ INFO] [       o.s.w.s.h.SimpleUrlHandlerMapping:373] - Mapped URL path [/**/favicon.ico] onto handler of type [class org.springframework.web.servlet.resource.ResourceHttpRequestHandler]
12-04 20:28:23.596 [ INFO] [s.w.s.m.m.a.RequestMappingHandlerAdapter:588] - Looking for @ControllerAdvice: org.springframework.boot.web.servlet.context.AnnotationConfigServletWebServerApplicationContext@6a03bcb1: startup date [Tue Dec 04 20:28:20 CST 2018]; root of context hierarchy
12-04 20:28:23.706 [ INFO] [s.w.s.m.m.a.RequestMappingHandlerMapping:549] - Mapped "{[/test],methods=[POST]}" onto public com.test.fly.common.ServerResponse com.test.fly.controller.TextController.test(javax.servlet.http.HttpServletRequest,javax.servlet.http.HttpServletResponse)
12-04 20:28:23.707 [ INFO] [s.w.s.m.m.a.RequestMappingHandlerMapping:549] - Mapped "{[/add],methods=[POST]}" onto public com.test.fly.common.ServerResponse<java.lang.String> com.test.fly.controller.UserController.Add(com.test.fly.pojo.Data)
12-04 20:28:23.708 [ INFO] [s.w.s.m.m.a.RequestMappingHandlerMapping:549] - Mapped "{[/history],methods=[POST]}" onto public com.test.fly.common.ServerResponse<java.util.List<com.test.fly.pojo.Data>> com.test.fly.controller.UserController.History()
12-04 20:28:23.708 [ INFO] [s.w.s.m.m.a.RequestMappingHandlerMapping:549] - Mapped "{[/locate],methods=[POST]}" onto public com.test.fly.common.ServerResponse<java.util.List<com.test.fly.pojo.Data>> com.test.fly.controller.UserController.getLocate()
12-04 20:28:23.712 [ INFO] [s.w.s.m.m.a.RequestMappingHandlerMapping:549] - Mapped "{[/error]}" onto public org.springframework.http.ResponseEntity<java.util.Map<java.lang.String, java.lang.Object>> org.springframework.boot.autoconfigure.web.servlet.error.BasicErrorController.error(javax.servlet.http.HttpServletRequest)
12-04 20:28:23.713 [ INFO] [s.w.s.m.m.a.RequestMappingHandlerMapping:549] - Mapped "{[/error],produces=[text/html]}" onto public org.springframework.web.servlet.ModelAndView org.springframework.boot.autoconfigure.web.servlet.error.BasicErrorController.errorHtml(javax.servlet.http.HttpServletRequest,javax.servlet.http.HttpServletResponse)
12-04 20:28:23.754 [ INFO] [       o.s.w.s.h.SimpleUrlHandlerMapping:373] - Mapped URL path [/webjars/**] onto handler of type [class org.springframework.web.servlet.resource.ResourceHttpRequestHandler]
12-04 20:28:23.754 [ INFO] [       o.s.w.s.h.SimpleUrlHandlerMapping:373] - Mapped URL path [/**] onto handler of type [class org.springframework.web.servlet.resource.ResourceHttpRequestHandler]
12-04 20:28:23.803 [ INFO] [   o.s.b.a.w.s.WelcomePageHandlerMapping: 56] - Adding welcome page: class path resource [static/index.html]
12-04 20:28:23.999 [ INFO] [       o.s.j.e.a.AnnotationMBeanExporter:433] - Registering beans for JMX exposure on startup
12-04 20:28:24.001 [ INFO] [       o.s.j.e.a.AnnotationMBeanExporter:895] - Bean with name 'dataSource' has been autodetected for JMX exposure
12-04 20:28:24.005 [ INFO] [       o.s.j.e.a.AnnotationMBeanExporter:668] - Located MBean 'dataSource': registering with JMX server as MBean [com.zaxxer.hikari:name=dataSource,type=HikariDataSource]
12-04 20:28:24.028 [ INFO] [               o.a.c.h.Http11NioProtocol:180] - Starting ProtocolHandler ["http-nio-8080"]
12-04 20:28:24.036 [ INFO] [               o.a.t.u.n.NioSelectorPool:180] - Using a shared selector for servlet write/read
12-04 20:28:24.046 [ INFO] [             o.s.b.w.e.t.TomcatWebServer:206] - Tomcat started on port(s): 8080 (http) with context path ''
12-04 20:28:24.049 [ INFO] [                    c.t.f.FlyApplication: 59] - Started FlyApplication in 3.503 seconds (JVM running for 4.274)
12-04 20:28:24.283 [ INFO] [                       o.a.c.c.C.[.[.[/]:180] - Initializing Spring FrameworkServlet 'dispatcherServlet'
12-04 20:28:24.283 [ INFO] [               o.s.w.s.DispatcherServlet:494] - FrameworkServlet 'dispatcherServlet': initialization started
12-04 20:28:24.297 [ INFO] [               o.s.w.s.DispatcherServlet:509] - FrameworkServlet 'dispatcherServlet': initialization completed in 14 ms
12-04 20:28:24.340 [ INFO] [                  c.z.h.HikariDataSource:110] - DatebookHikariCP - Starting...
12-04 20:28:24.598 [ INFO] [                  c.z.h.HikariDataSource:123] - DatebookHikariCP - Start completed.
12-04 20:29:25.041 [ INFO] [                    c.t.f.FlyApplication: 50] - Starting FlyApplication on wxs with PID 22616 (D:\Git\test\fly\target\classes started by Administrator in D:\Git\test\fly)
12-04 20:29:25.042 [ INFO] [                    c.t.f.FlyApplication:680] - No active profile set, falling back to default profiles: default
12-04 20:29:25.073 [ INFO] [ConfigServletWebServerApplicationContext:590] - Refreshing org.springframework.boot.web.servlet.context.AnnotationConfigServletWebServerApplicationContext@2118cddf: startup date [Tue Dec 04 20:29:25 CST 2018]; root of context hierarchy
12-04 20:29:26.112 [ INFO] [             o.s.b.w.e.t.TomcatWebServer: 91] - Tomcat initialized with port(s): 8080 (http)
12-04 20:29:26.123 [ INFO] [               o.a.c.h.Http11NioProtocol:180] - Initializing ProtocolHandler ["http-nio-8080"]
12-04 20:29:26.132 [ INFO] [                 o.a.c.c.StandardService:180] - Starting service [Tomcat]
12-04 20:29:26.132 [ INFO] [                  o.a.c.c.StandardEngine:180] - Starting Servlet Engine: Apache Tomcat/8.5.34
12-04 20:29:26.136 [ INFO] [            o.a.c.c.AprLifecycleListener:180] - Loaded APR based Apache Tomcat Native library [1.2.17] using APR version [1.6.3].
12-04 20:29:26.136 [ INFO] [            o.a.c.c.AprLifecycleListener:180] - APR capabilities: IPv6 [true], sendfile [true], accept filters [false], random [true].
12-04 20:29:26.136 [ INFO] [            o.a.c.c.AprLifecycleListener:180] - APR/OpenSSL configuration: useAprConnector [false], useOpenSSL [true]
12-04 20:29:27.162 [ INFO] [            o.a.c.c.AprLifecycleListener:180] - OpenSSL successfully initialized [OpenSSL 1.0.2o  27 Mar 2018]
12-04 20:29:27.264 [ INFO] [                       o.a.c.c.C.[.[.[/]:180] - Initializing Spring embedded WebApplicationContext
12-04 20:29:27.265 [ INFO] [                   o.s.w.c.ContextLoader:285] - Root WebApplicationContext: initialization completed in 2194 ms
12-04 20:29:27.317 [ INFO] [       o.s.b.w.s.ServletRegistrationBean:187] - Servlet dispatcherServlet mapped to [/]
12-04 20:29:27.320 [ INFO] [        o.s.b.w.s.FilterRegistrationBean:245] - Mapping filter: 'characterEncodingFilter' to: [/*]
12-04 20:29:27.320 [ INFO] [        o.s.b.w.s.FilterRegistrationBean:245] - Mapping filter: 'hiddenHttpMethodFilter' to: [/*]
12-04 20:29:27.320 [ INFO] [        o.s.b.w.s.FilterRegistrationBean:245] - Mapping filter: 'httpPutFormContentFilter' to: [/*]
12-04 20:29:27.320 [ INFO] [        o.s.b.w.s.FilterRegistrationBean:245] - Mapping filter: 'requestContextFilter' to: [/*]
12-04 20:29:27.634 [ INFO] [       o.s.w.s.h.SimpleUrlHandlerMapping:373] - Mapped URL path [/**/favicon.ico] onto handler of type [class org.springframework.web.servlet.resource.ResourceHttpRequestHandler]
12-04 20:29:27.868 [ INFO] [s.w.s.m.m.a.RequestMappingHandlerAdapter:588] - Looking for @ControllerAdvice: org.springframework.boot.web.servlet.context.AnnotationConfigServletWebServerApplicationContext@2118cddf: startup date [Tue Dec 04 20:29:25 CST 2018]; root of context hierarchy
12-04 20:29:27.928 [ INFO] [s.w.s.m.m.a.RequestMappingHandlerMapping:549] - Mapped "{[/test],methods=[POST]}" onto public com.test.fly.common.ServerResponse com.test.fly.controller.TextController.test(javax.servlet.http.HttpServletRequest,javax.servlet.http.HttpServletResponse)
12-04 20:29:27.929 [ INFO] [s.w.s.m.m.a.RequestMappingHandlerMapping:549] - Mapped "{[/add],methods=[POST]}" onto public com.test.fly.common.ServerResponse<java.lang.String> com.test.fly.controller.UserController.Add(com.test.fly.pojo.Data)
12-04 20:29:27.929 [ INFO] [s.w.s.m.m.a.RequestMappingHandlerMapping:549] - Mapped "{[/history],methods=[POST]}" onto public com.test.fly.common.ServerResponse<java.util.List<com.test.fly.pojo.Data>> com.test.fly.controller.UserController.History()
12-04 20:29:27.930 [ INFO] [s.w.s.m.m.a.RequestMappingHandlerMapping:549] - Mapped "{[/locate],methods=[POST]}" onto public com.test.fly.common.ServerResponse<java.util.List<com.test.fly.pojo.Data>> com.test.fly.controller.UserController.getLocate()
12-04 20:29:27.933 [ INFO] [s.w.s.m.m.a.RequestMappingHandlerMapping:549] - Mapped "{[/error]}" onto public org.springframework.http.ResponseEntity<java.util.Map<java.lang.String, java.lang.Object>> org.springframework.boot.autoconfigure.web.servlet.error.BasicErrorController.error(javax.servlet.http.HttpServletRequest)
12-04 20:29:27.933 [ INFO] [s.w.s.m.m.a.RequestMappingHandlerMapping:549] - Mapped "{[/error],produces=[text/html]}" onto public org.springframework.web.servlet.ModelAndView org.springframework.boot.autoconfigure.web.servlet.error.BasicErrorController.errorHtml(javax.servlet.http.HttpServletRequest,javax.servlet.http.HttpServletResponse)
12-04 20:29:27.995 [ INFO] [       o.s.w.s.h.SimpleUrlHandlerMapping:373] - Mapped URL path [/webjars/**] onto handler of type [class org.springframework.web.servlet.resource.ResourceHttpRequestHandler]
12-04 20:29:27.995 [ INFO] [       o.s.w.s.h.SimpleUrlHandlerMapping:373] - Mapped URL path [/**] onto handler of type [class org.springframework.web.servlet.resource.ResourceHttpRequestHandler]
12-04 20:29:28.030 [ INFO] [   o.s.b.a.w.s.WelcomePageHandlerMapping: 56] - Adding welcome page: class path resource [static/index.html]
12-04 20:29:28.235 [ INFO] [       o.s.j.e.a.AnnotationMBeanExporter:433] - Registering beans for JMX exposure on startup
12-04 20:29:28.237 [ INFO] [       o.s.j.e.a.AnnotationMBeanExporter:895] - Bean with name 'dataSource' has been autodetected for JMX exposure
12-04 20:29:28.240 [ INFO] [       o.s.j.e.a.AnnotationMBeanExporter:668] - Located MBean 'dataSource': registering with JMX server as MBean [com.zaxxer.hikari:name=dataSource,type=HikariDataSource]
12-04 20:29:28.279 [ INFO] [               o.a.c.h.Http11NioProtocol:180] - Starting ProtocolHandler ["http-nio-8080"]
12-04 20:29:28.296 [ INFO] [               o.a.t.u.n.NioSelectorPool:180] - Using a shared selector for servlet write/read
12-04 20:29:28.317 [ INFO] [             o.s.b.w.e.t.TomcatWebServer:206] - Tomcat started on port(s): 8080 (http) with context path ''
12-04 20:29:28.323 [ INFO] [                    c.t.f.FlyApplication: 59] - Started FlyApplication in 3.588 seconds (JVM running for 4.76)
12-04 20:29:28.785 [ INFO] [                       o.a.c.c.C.[.[.[/]:180] - Initializing Spring FrameworkServlet 'dispatcherServlet'
12-04 20:29:28.785 [ INFO] [               o.s.w.s.DispatcherServlet:494] - FrameworkServlet 'dispatcherServlet': initialization started
12-04 20:29:28.805 [ INFO] [               o.s.w.s.DispatcherServlet:509] - FrameworkServlet 'dispatcherServlet': initialization completed in 20 ms
12-04 20:29:28.854 [ INFO] [                  c.z.h.HikariDataSource:110] - DatebookHikariCP - Starting...
12-04 20:29:29.158 [ INFO] [                  c.z.h.HikariDataSource:123] - DatebookHikariCP - Start completed.
12-04 20:29:47.135 [ INFO] [                    c.t.f.FlyApplication: 50] - Starting FlyApplication on wxs with PID 20352 (D:\Git\test\fly\target\classes started by Administrator in D:\Git\test\fly)
12-04 20:29:47.136 [ INFO] [                    c.t.f.FlyApplication:680] - No active profile set, falling back to default profiles: default
12-04 20:29:47.167 [ INFO] [ConfigServletWebServerApplicationContext:590] - Refreshing org.springframework.boot.web.servlet.context.AnnotationConfigServletWebServerApplicationContext@2638011: startup date [Tue Dec 04 20:29:47 CST 2018]; root of context hierarchy
12-04 20:29:48.160 [ INFO] [             o.s.b.w.e.t.TomcatWebServer: 91] - Tomcat initialized with port(s): 8080 (http)
12-04 20:29:48.170 [ INFO] [               o.a.c.h.Http11NioProtocol:180] - Initializing ProtocolHandler ["http-nio-8080"]
12-04 20:29:48.187 [ INFO] [                 o.a.c.c.StandardService:180] - Starting service [Tomcat]
12-04 20:29:48.188 [ INFO] [                  o.a.c.c.StandardEngine:180] - Starting Servlet Engine: Apache Tomcat/8.5.34
12-04 20:29:48.195 [ INFO] [            o.a.c.c.AprLifecycleListener:180] - Loaded APR based Apache Tomcat Native library [1.2.17] using APR version [1.6.3].
12-04 20:29:48.195 [ INFO] [            o.a.c.c.AprLifecycleListener:180] - APR capabilities: IPv6 [true], sendfile [true], accept filters [false], random [true].
12-04 20:29:48.195 [ INFO] [            o.a.c.c.AprLifecycleListener:180] - APR/OpenSSL configuration: useAprConnector [false], useOpenSSL [true]
12-04 20:29:49.225 [ INFO] [            o.a.c.c.AprLifecycleListener:180] - OpenSSL successfully initialized [OpenSSL 1.0.2o  27 Mar 2018]
12-04 20:29:49.306 [ INFO] [                       o.a.c.c.C.[.[.[/]:180] - Initializing Spring embedded WebApplicationContext
12-04 20:29:49.306 [ INFO] [                   o.s.w.c.ContextLoader:285] - Root WebApplicationContext: initialization completed in 2141 ms
12-04 20:29:49.363 [ INFO] [       o.s.b.w.s.ServletRegistrationBean:187] - Servlet dispatcherServlet mapped to [/]
12-04 20:29:49.367 [ INFO] [        o.s.b.w.s.FilterRegistrationBean:245] - Mapping filter: 'characterEncodingFilter' to: [/*]
12-04 20:29:49.367 [ INFO] [        o.s.b.w.s.FilterRegistrationBean:245] - Mapping filter: 'hiddenHttpMethodFilter' to: [/*]
12-04 20:29:49.367 [ INFO] [        o.s.b.w.s.FilterRegistrationBean:245] - Mapping filter: 'httpPutFormContentFilter' to: [/*]
12-04 20:29:49.367 [ INFO] [        o.s.b.w.s.FilterRegistrationBean:245] - Mapping filter: 'requestContextFilter' to: [/*]
12-04 20:29:49.669 [ INFO] [       o.s.w.s.h.SimpleUrlHandlerMapping:373] - Mapped URL path [/**/favicon.ico] onto handler of type [class org.springframework.web.servlet.resource.ResourceHttpRequestHandler]
12-04 20:29:49.907 [ INFO] [s.w.s.m.m.a.RequestMappingHandlerAdapter:588] - Looking for @ControllerAdvice: org.springframework.boot.web.servlet.context.AnnotationConfigServletWebServerApplicationContext@2638011: startup date [Tue Dec 04 20:29:47 CST 2018]; root of context hierarchy
12-04 20:29:49.947 [ INFO] [s.w.s.m.m.a.RequestMappingHandlerMapping:549] - Mapped "{[/test],methods=[POST]}" onto public com.test.fly.common.ServerResponse com.test.fly.controller.TextController.test(javax.servlet.http.HttpServletRequest,javax.servlet.http.HttpServletResponse)
12-04 20:29:49.950 [ INFO] [s.w.s.m.m.a.RequestMappingHandlerMapping:549] - Mapped "{[/locate],methods=[POST]}" onto public com.test.fly.common.ServerResponse<java.util.List<com.test.fly.pojo.Data>> com.test.fly.controller.UserController.getLocate()
12-04 20:29:49.951 [ INFO] [s.w.s.m.m.a.RequestMappingHandlerMapping:549] - Mapped "{[/add],methods=[POST]}" onto public com.test.fly.common.ServerResponse<java.lang.String> com.test.fly.controller.UserController.Add(com.test.fly.pojo.Data)
12-04 20:29:49.952 [ INFO] [s.w.s.m.m.a.RequestMappingHandlerMapping:549] - Mapped "{[/history],methods=[POST]}" onto public com.test.fly.common.ServerResponse<java.util.List<com.test.fly.pojo.Data>> com.test.fly.controller.UserController.History()
12-04 20:29:49.961 [ INFO] [s.w.s.m.m.a.RequestMappingHandlerMapping:549] - Mapped "{[/error]}" onto public org.springframework.http.ResponseEntity<java.util.Map<java.lang.String, java.lang.Object>> org.springframework.boot.autoconfigure.web.servlet.error.BasicErrorController.error(javax.servlet.http.HttpServletRequest)
12-04 20:29:49.962 [ INFO] [s.w.s.m.m.a.RequestMappingHandlerMapping:549] - Mapped "{[/error],produces=[text/html]}" onto public org.springframework.web.servlet.ModelAndView org.springframework.boot.autoconfigure.web.servlet.error.BasicErrorController.errorHtml(javax.servlet.http.HttpServletRequest,javax.servlet.http.HttpServletResponse)
12-04 20:29:50.029 [ INFO] [       o.s.w.s.h.SimpleUrlHandlerMapping:373] - Mapped URL path [/webjars/**] onto handler of type [class org.springframework.web.servlet.resource.ResourceHttpRequestHandler]
12-04 20:29:50.029 [ INFO] [       o.s.w.s.h.SimpleUrlHandlerMapping:373] - Mapped URL path [/**] onto handler of type [class org.springframework.web.servlet.resource.ResourceHttpRequestHandler]
12-04 20:29:50.061 [ INFO] [   o.s.b.a.w.s.WelcomePageHandlerMapping: 56] - Adding welcome page: class path resource [static/index.html]
12-04 20:29:50.219 [ INFO] [       o.s.j.e.a.AnnotationMBeanExporter:433] - Registering beans for JMX exposure on startup
12-04 20:29:50.220 [ INFO] [       o.s.j.e.a.AnnotationMBeanExporter:895] - Bean with name 'dataSource' has been autodetected for JMX exposure
12-04 20:29:50.224 [ INFO] [       o.s.j.e.a.AnnotationMBeanExporter:668] - Located MBean 'dataSource': registering with JMX server as MBean [com.zaxxer.hikari:name=dataSource,type=HikariDataSource]
12-04 20:29:50.258 [ INFO] [               o.a.c.h.Http11NioProtocol:180] - Starting ProtocolHandler ["http-nio-8080"]
12-04 20:29:50.275 [ INFO] [               o.a.t.u.n.NioSelectorPool:180] - Using a shared selector for servlet write/read
12-04 20:29:50.293 [ INFO] [             o.s.b.w.e.t.TomcatWebServer:206] - Tomcat started on port(s): 8080 (http) with context path ''
12-04 20:29:50.299 [ INFO] [                    c.t.f.FlyApplication: 59] - Started FlyApplication in 3.45 seconds (JVM running for 4.551)
12-04 20:29:50.560 [ INFO] [                       o.a.c.c.C.[.[.[/]:180] - Initializing Spring FrameworkServlet 'dispatcherServlet'
12-04 20:29:50.560 [ INFO] [               o.s.w.s.DispatcherServlet:494] - FrameworkServlet 'dispatcherServlet': initialization started
12-04 20:29:50.576 [ INFO] [               o.s.w.s.DispatcherServlet:509] - FrameworkServlet 'dispatcherServlet': initialization completed in 16 ms
12-04 20:29:50.637 [ INFO] [                  c.z.h.HikariDataSource:110] - DatebookHikariCP - Starting...
12-04 20:29:50.870 [ INFO] [                  c.z.h.HikariDataSource:123] - DatebookHikariCP - Start completed.
12-04 20:35:10.111 [ INFO] [                    c.t.f.FlyApplication: 50] - Starting FlyApplication on wxs with PID 21372 (D:\Git\test\fly\target\classes started by Administrator in D:\Git\test\fly)
12-04 20:35:10.113 [ INFO] [                    c.t.f.FlyApplication:680] - No active profile set, falling back to default profiles: default
12-04 20:35:10.148 [ INFO] [ConfigServletWebServerApplicationContext:590] - Refreshing org.springframework.boot.web.servlet.context.AnnotationConfigServletWebServerApplicationContext@683dbc2c: startup date [Tue Dec 04 20:35:10 CST 2018]; root of context hierarchy
12-04 20:35:11.123 [ INFO] [             o.s.b.w.e.t.TomcatWebServer: 91] - Tomcat initialized with port(s): 8080 (http)
12-04 20:35:11.134 [ INFO] [               o.a.c.h.Http11NioProtocol:180] - Initializing ProtocolHandler ["http-nio-8080"]
12-04 20:35:11.142 [ INFO] [                 o.a.c.c.StandardService:180] - Starting service [Tomcat]
12-04 20:35:11.142 [ INFO] [                  o.a.c.c.StandardEngine:180] - Starting Servlet Engine: Apache Tomcat/8.5.34
12-04 20:35:11.147 [ INFO] [            o.a.c.c.AprLifecycleListener:180] - Loaded APR based Apache Tomcat Native library [1.2.17] using APR version [1.6.3].
12-04 20:35:11.147 [ INFO] [            o.a.c.c.AprLifecycleListener:180] - APR capabilities: IPv6 [true], sendfile [true], accept filters [false], random [true].
12-04 20:35:11.147 [ INFO] [            o.a.c.c.AprLifecycleListener:180] - APR/OpenSSL configuration: useAprConnector [false], useOpenSSL [true]
12-04 20:35:12.178 [ INFO] [            o.a.c.c.AprLifecycleListener:180] - OpenSSL successfully initialized [OpenSSL 1.0.2o  27 Mar 2018]
12-04 20:35:12.256 [ INFO] [                       o.a.c.c.C.[.[.[/]:180] - Initializing Spring embedded WebApplicationContext
12-04 20:35:12.257 [ INFO] [                   o.s.w.c.ContextLoader:285] - Root WebApplicationContext: initialization completed in 2111 ms
12-04 20:35:12.322 [ INFO] [       o.s.b.w.s.ServletRegistrationBean:187] - Servlet dispatcherServlet mapped to [/]
12-04 20:35:12.326 [ INFO] [        o.s.b.w.s.FilterRegistrationBean:245] - Mapping filter: 'characterEncodingFilter' to: [/*]
12-04 20:35:12.326 [ INFO] [        o.s.b.w.s.FilterRegistrationBean:245] - Mapping filter: 'hiddenHttpMethodFilter' to: [/*]
12-04 20:35:12.326 [ INFO] [        o.s.b.w.s.FilterRegistrationBean:245] - Mapping filter: 'httpPutFormContentFilter' to: [/*]
12-04 20:35:12.326 [ INFO] [        o.s.b.w.s.FilterRegistrationBean:245] - Mapping filter: 'requestContextFilter' to: [/*]
12-04 20:35:12.611 [ INFO] [       o.s.w.s.h.SimpleUrlHandlerMapping:373] - Mapped URL path [/**/favicon.ico] onto handler of type [class org.springframework.web.servlet.resource.ResourceHttpRequestHandler]
12-04 20:35:12.817 [ INFO] [s.w.s.m.m.a.RequestMappingHandlerAdapter:588] - Looking for @ControllerAdvice: org.springframework.boot.web.servlet.context.AnnotationConfigServletWebServerApplicationContext@683dbc2c: startup date [Tue Dec 04 20:35:10 CST 2018]; root of context hierarchy
12-04 20:35:12.856 [ INFO] [s.w.s.m.m.a.RequestMappingHandlerMapping:549] - Mapped "{[/test],methods=[POST]}" onto public com.test.fly.common.ServerResponse com.test.fly.controller.TextController.test(javax.servlet.http.HttpServletRequest,javax.servlet.http.HttpServletResponse)
12-04 20:35:12.857 [ INFO] [s.w.s.m.m.a.RequestMappingHandlerMapping:549] - Mapped "{[/add],methods=[POST]}" onto public com.test.fly.common.ServerResponse<java.lang.String> com.test.fly.controller.UserController.Add(com.test.fly.pojo.Data)
12-04 20:35:12.858 [ INFO] [s.w.s.m.m.a.RequestMappingHandlerMapping:549] - Mapped "{[/locate],methods=[POST]}" onto public com.test.fly.common.ServerResponse<java.util.List<com.test.fly.pojo.Data>> com.test.fly.controller.UserController.getLocate()
12-04 20:35:12.858 [ INFO] [s.w.s.m.m.a.RequestMappingHandlerMapping:549] - Mapped "{[/history],methods=[POST]}" onto public com.test.fly.common.ServerResponse<java.util.List<com.test.fly.pojo.Data>> com.test.fly.controller.UserController.History()
12-04 20:35:12.861 [ INFO] [s.w.s.m.m.a.RequestMappingHandlerMapping:549] - Mapped "{[/error]}" onto public org.springframework.http.ResponseEntity<java.util.Map<java.lang.String, java.lang.Object>> org.springframework.boot.autoconfigure.web.servlet.error.BasicErrorController.error(javax.servlet.http.HttpServletRequest)
12-04 20:35:12.862 [ INFO] [s.w.s.m.m.a.RequestMappingHandlerMapping:549] - Mapped "{[/error],produces=[text/html]}" onto public org.springframework.web.servlet.ModelAndView org.springframework.boot.autoconfigure.web.servlet.error.BasicErrorController.errorHtml(javax.servlet.http.HttpServletRequest,javax.servlet.http.HttpServletResponse)
12-04 20:35:12.927 [ INFO] [       o.s.w.s.h.SimpleUrlHandlerMapping:373] - Mapped URL path [/webjars/**] onto handler of type [class org.springframework.web.servlet.resource.ResourceHttpRequestHandler]
12-04 20:35:12.927 [ INFO] [       o.s.w.s.h.SimpleUrlHandlerMapping:373] - Mapped URL path [/**] onto handler of type [class org.springframework.web.servlet.resource.ResourceHttpRequestHandler]
12-04 20:35:12.972 [ INFO] [   o.s.b.a.w.s.WelcomePageHandlerMapping: 56] - Adding welcome page: class path resource [static/index.html]
12-04 20:35:13.177 [ INFO] [       o.s.j.e.a.AnnotationMBeanExporter:433] - Registering beans for JMX exposure on startup
12-04 20:35:13.178 [ INFO] [       o.s.j.e.a.AnnotationMBeanExporter:895] - Bean with name 'dataSource' has been autodetected for JMX exposure
12-04 20:35:13.182 [ INFO] [       o.s.j.e.a.AnnotationMBeanExporter:668] - Located MBean 'dataSource': registering with JMX server as MBean [com.zaxxer.hikari:name=dataSource,type=HikariDataSource]
12-04 20:35:13.209 [ INFO] [               o.a.c.h.Http11NioProtocol:180] - Starting ProtocolHandler ["http-nio-8080"]
12-04 20:35:13.227 [ INFO] [               o.a.t.u.n.NioSelectorPool:180] - Using a shared selector for servlet write/read
12-04 20:35:13.251 [ INFO] [             o.s.b.w.e.t.TomcatWebServer:206] - Tomcat started on port(s): 8080 (http) with context path ''
12-04 20:35:13.258 [ INFO] [                    c.t.f.FlyApplication: 59] - Started FlyApplication in 3.441 seconds (JVM running for 4.665)
12-04 20:35:14.304 [ INFO] [                       o.a.c.c.C.[.[.[/]:180] - Initializing Spring FrameworkServlet 'dispatcherServlet'
12-04 20:35:14.305 [ INFO] [               o.s.w.s.DispatcherServlet:494] - FrameworkServlet 'dispatcherServlet': initialization started
12-04 20:35:14.319 [ INFO] [               o.s.w.s.DispatcherServlet:509] - FrameworkServlet 'dispatcherServlet': initialization completed in 14 ms
12-04 20:35:14.378 [ INFO] [                  c.z.h.HikariDataSource:110] - DatebookHikariCP - Starting...
12-04 20:35:14.606 [ INFO] [                  c.z.h.HikariDataSource:123] - DatebookHikariCP - Start completed.
12-04 20:35:52.680 [ INFO] [                    c.t.f.FlyApplication: 50] - Starting FlyApplication on wxs with PID 19616 (D:\Git\test\fly\target\classes started by Administrator in D:\Git\test\fly)
12-04 20:35:52.682 [ INFO] [                    c.t.f.FlyApplication:680] - No active profile set, falling back to default profiles: default
12-04 20:35:52.722 [ INFO] [ConfigServletWebServerApplicationContext:590] - Refreshing org.springframework.boot.web.servlet.context.AnnotationConfigServletWebServerApplicationContext@683dbc2c: startup date [Tue Dec 04 20:35:52 CST 2018]; root of context hierarchy
12-04 20:35:53.773 [ INFO] [             o.s.b.w.e.t.TomcatWebServer: 91] - Tomcat initialized with port(s): 8080 (http)
12-04 20:35:53.783 [ INFO] [               o.a.c.h.Http11NioProtocol:180] - Initializing ProtocolHandler ["http-nio-8080"]
12-04 20:35:53.791 [ INFO] [                 o.a.c.c.StandardService:180] - Starting service [Tomcat]
12-04 20:35:53.791 [ INFO] [                  o.a.c.c.StandardEngine:180] - Starting Servlet Engine: Apache Tomcat/8.5.34
12-04 20:35:53.795 [ INFO] [            o.a.c.c.AprLifecycleListener:180] - Loaded APR based Apache Tomcat Native library [1.2.17] using APR version [1.6.3].
12-04 20:35:53.795 [ INFO] [            o.a.c.c.AprLifecycleListener:180] - APR capabilities: IPv6 [true], sendfile [true], accept filters [false], random [true].
12-04 20:35:53.796 [ INFO] [            o.a.c.c.AprLifecycleListener:180] - APR/OpenSSL configuration: useAprConnector [false], useOpenSSL [true]
12-04 20:35:54.819 [ INFO] [            o.a.c.c.AprLifecycleListener:180] - OpenSSL successfully initialized [OpenSSL 1.0.2o  27 Mar 2018]
12-04 20:35:54.927 [ INFO] [                       o.a.c.c.C.[.[.[/]:180] - Initializing Spring embedded WebApplicationContext
12-04 20:35:54.927 [ INFO] [                   o.s.w.c.ContextLoader:285] - Root WebApplicationContext: initialization completed in 2207 ms
12-04 20:35:54.983 [ INFO] [       o.s.b.w.s.ServletRegistrationBean:187] - Servlet dispatcherServlet mapped to [/]
12-04 20:35:54.986 [ INFO] [        o.s.b.w.s.FilterRegistrationBean:245] - Mapping filter: 'characterEncodingFilter' to: [/*]
12-04 20:35:54.986 [ INFO] [        o.s.b.w.s.FilterRegistrationBean:245] - Mapping filter: 'hiddenHttpMethodFilter' to: [/*]
12-04 20:35:54.987 [ INFO] [        o.s.b.w.s.FilterRegistrationBean:245] - Mapping filter: 'httpPutFormContentFilter' to: [/*]
12-04 20:35:54.987 [ INFO] [        o.s.b.w.s.FilterRegistrationBean:245] - Mapping filter: 'requestContextFilter' to: [/*]
12-04 20:35:55.307 [ INFO] [       o.s.w.s.h.SimpleUrlHandlerMapping:373] - Mapped URL path [/**/favicon.ico] onto handler of type [class org.springframework.web.servlet.resource.ResourceHttpRequestHandler]
12-04 20:35:55.530 [ INFO] [s.w.s.m.m.a.RequestMappingHandlerAdapter:588] - Looking for @ControllerAdvice: org.springframework.boot.web.servlet.context.AnnotationConfigServletWebServerApplicationContext@683dbc2c: startup date [Tue Dec 04 20:35:52 CST 2018]; root of context hierarchy
12-04 20:35:55.573 [ INFO] [s.w.s.m.m.a.RequestMappingHandlerMapping:549] - Mapped "{[/test],methods=[POST]}" onto public com.test.fly.common.ServerResponse com.test.fly.controller.TextController.test(javax.servlet.http.HttpServletRequest,javax.servlet.http.HttpServletResponse)
12-04 20:35:55.574 [ INFO] [s.w.s.m.m.a.RequestMappingHandlerMapping:549] - Mapped "{[/add],methods=[POST]}" onto public com.test.fly.common.ServerResponse<java.lang.String> com.test.fly.controller.UserController.Add(com.test.fly.pojo.Data)
12-04 20:35:55.575 [ INFO] [s.w.s.m.m.a.RequestMappingHandlerMapping:549] - Mapped "{[/locate],methods=[POST]}" onto public com.test.fly.common.ServerResponse<java.util.List<com.test.fly.pojo.Data>> com.test.fly.controller.UserController.getLocate()
12-04 20:35:55.575 [ INFO] [s.w.s.m.m.a.RequestMappingHandlerMapping:549] - Mapped "{[/history],methods=[POST]}" onto public com.test.fly.common.ServerResponse<java.util.List<com.test.fly.pojo.Data>> com.test.fly.controller.UserController.History()
12-04 20:35:55.579 [ INFO] [s.w.s.m.m.a.RequestMappingHandlerMapping:549] - Mapped "{[/error]}" onto public org.springframework.http.ResponseEntity<java.util.Map<java.lang.String, java.lang.Object>> org.springframework.boot.autoconfigure.web.servlet.error.BasicErrorController.error(javax.servlet.http.HttpServletRequest)
12-04 20:35:55.580 [ INFO] [s.w.s.m.m.a.RequestMappingHandlerMapping:549] - Mapped "{[/error],produces=[text/html]}" onto public org.springframework.web.servlet.ModelAndView org.springframework.boot.autoconfigure.web.servlet.error.BasicErrorController.errorHtml(javax.servlet.http.HttpServletRequest,javax.servlet.http.HttpServletResponse)
12-04 20:35:55.620 [ INFO] [       o.s.w.s.h.SimpleUrlHandlerMapping:373] - Mapped URL path [/webjars/**] onto handler of type [class org.springframework.web.servlet.resource.ResourceHttpRequestHandler]
12-04 20:35:55.620 [ INFO] [       o.s.w.s.h.SimpleUrlHandlerMapping:373] - Mapped URL path [/**] onto handler of type [class org.springframework.web.servlet.resource.ResourceHttpRequestHandler]
12-04 20:35:55.662 [ INFO] [   o.s.b.a.w.s.WelcomePageHandlerMapping: 56] - Adding welcome page: class path resource [static/index.html]
12-04 20:35:55.840 [ INFO] [       o.s.j.e.a.AnnotationMBeanExporter:433] - Registering beans for JMX exposure on startup
12-04 20:35:55.842 [ INFO] [       o.s.j.e.a.AnnotationMBeanExporter:895] - Bean with name 'dataSource' has been autodetected for JMX exposure
12-04 20:35:55.846 [ INFO] [       o.s.j.e.a.AnnotationMBeanExporter:668] - Located MBean 'dataSource': registering with JMX server as MBean [com.zaxxer.hikari:name=dataSource,type=HikariDataSource]
12-04 20:35:55.869 [ INFO] [               o.a.c.h.Http11NioProtocol:180] - Starting ProtocolHandler ["http-nio-8080"]
12-04 20:35:55.877 [ INFO] [               o.a.t.u.n.NioSelectorPool:180] - Using a shared selector for servlet write/read
12-04 20:35:55.887 [ INFO] [             o.s.b.w.e.t.TomcatWebServer:206] - Tomcat started on port(s): 8080 (http) with context path ''
12-04 20:35:55.890 [ INFO] [                    c.t.f.FlyApplication: 59] - Started FlyApplication in 3.47 seconds (JVM running for 4.468)
12-04 20:35:55.936 [ INFO] [                       o.a.c.c.C.[.[.[/]:180] - Initializing Spring FrameworkServlet 'dispatcherServlet'
12-04 20:35:55.936 [ INFO] [               o.s.w.s.DispatcherServlet:494] - FrameworkServlet 'dispatcherServlet': initialization started
12-04 20:35:55.953 [ INFO] [               o.s.w.s.DispatcherServlet:509] - FrameworkServlet 'dispatcherServlet': initialization completed in 17 ms
12-04 20:35:56.001 [ INFO] [                  c.z.h.HikariDataSource:110] - DatebookHikariCP - Starting...
12-04 20:35:56.218 [ INFO] [                  c.z.h.HikariDataSource:123] - DatebookHikariCP - Start completed.
12-04 20:37:57.508 [ INFO] [                    c.t.f.FlyApplication: 50] - Starting FlyApplication on wxs with PID 21500 (D:\Git\test\fly\target\classes started by Administrator in D:\Git\test\fly)
12-04 20:37:57.510 [ INFO] [                    c.t.f.FlyApplication:680] - No active profile set, falling back to default profiles: default
12-04 20:37:57.540 [ INFO] [ConfigServletWebServerApplicationContext:590] - Refreshing org.springframework.boot.web.servlet.context.AnnotationConfigServletWebServerApplicationContext@76ed1b7c: startup date [Tue Dec 04 20:37:57 CST 2018]; root of context hierarchy
12-04 20:37:58.577 [ INFO] [             o.s.b.w.e.t.TomcatWebServer: 91] - Tomcat initialized with port(s): 8080 (http)
12-04 20:37:58.601 [ INFO] [               o.a.c.h.Http11NioProtocol:180] - Initializing ProtocolHandler ["http-nio-8080"]
12-04 20:37:58.608 [ INFO] [                 o.a.c.c.StandardService:180] - Starting service [Tomcat]
12-04 20:37:58.609 [ INFO] [                  o.a.c.c.StandardEngine:180] - Starting Servlet Engine: Apache Tomcat/8.5.34
12-04 20:37:58.613 [ INFO] [            o.a.c.c.AprLifecycleListener:180] - Loaded APR based Apache Tomcat Native library [1.2.17] using APR version [1.6.3].
12-04 20:37:58.613 [ INFO] [            o.a.c.c.AprLifecycleListener:180] - APR capabilities: IPv6 [true], sendfile [true], accept filters [false], random [true].
12-04 20:37:58.613 [ INFO] [            o.a.c.c.AprLifecycleListener:180] - APR/OpenSSL configuration: useAprConnector [false], useOpenSSL [true]
12-04 20:37:59.647 [ INFO] [            o.a.c.c.AprLifecycleListener:180] - OpenSSL successfully initialized [OpenSSL 1.0.2o  27 Mar 2018]
12-04 20:37:59.725 [ INFO] [                       o.a.c.c.C.[.[.[/]:180] - Initializing Spring embedded WebApplicationContext
12-04 20:37:59.726 [ INFO] [                   o.s.w.c.ContextLoader:285] - Root WebApplicationContext: initialization completed in 2188 ms
12-04 20:37:59.779 [ INFO] [       o.s.b.w.s.ServletRegistrationBean:187] - Servlet dispatcherServlet mapped to [/]
12-04 20:37:59.782 [ INFO] [        o.s.b.w.s.FilterRegistrationBean:245] - Mapping filter: 'characterEncodingFilter' to: [/*]
12-04 20:37:59.783 [ INFO] [        o.s.b.w.s.FilterRegistrationBean:245] - Mapping filter: 'hiddenHttpMethodFilter' to: [/*]
12-04 20:37:59.783 [ INFO] [        o.s.b.w.s.FilterRegistrationBean:245] - Mapping filter: 'httpPutFormContentFilter' to: [/*]
12-04 20:37:59.783 [ INFO] [        o.s.b.w.s.FilterRegistrationBean:245] - Mapping filter: 'requestContextFilter' to: [/*]
12-04 20:38:00.136 [ INFO] [       o.s.w.s.h.SimpleUrlHandlerMapping:373] - Mapped URL path [/**/favicon.ico] onto handler of type [class org.springframework.web.servlet.resource.ResourceHttpRequestHandler]
12-04 20:38:00.385 [ INFO] [s.w.s.m.m.a.RequestMappingHandlerAdapter:588] - Looking for @ControllerAdvice: org.springframework.boot.web.servlet.context.AnnotationConfigServletWebServerApplicationContext@76ed1b7c: startup date [Tue Dec 04 20:37:57 CST 2018]; root of context hierarchy
12-04 20:38:00.430 [ INFO] [s.w.s.m.m.a.RequestMappingHandlerMapping:549] - Mapped "{[/test],methods=[POST]}" onto public com.test.fly.common.ServerResponse com.test.fly.controller.TextController.test(javax.servlet.http.HttpServletRequest,javax.servlet.http.HttpServletResponse)
12-04 20:38:00.433 [ INFO] [s.w.s.m.m.a.RequestMappingHandlerMapping:549] - Mapped "{[/add],methods=[POST]}" onto public com.test.fly.common.ServerResponse<java.lang.String> com.test.fly.controller.UserController.Add(com.test.fly.pojo.Data)
12-04 20:38:00.433 [ INFO] [s.w.s.m.m.a.RequestMappingHandlerMapping:549] - Mapped "{[/locate],methods=[POST]}" onto public com.test.fly.common.ServerResponse<java.util.List<com.test.fly.pojo.Data>> com.test.fly.controller.UserController.getLocate()
12-04 20:38:00.434 [ INFO] [s.w.s.m.m.a.RequestMappingHandlerMapping:549] - Mapped "{[/history],methods=[POST]}" onto public com.test.fly.common.ServerResponse<java.util.List<com.test.fly.pojo.Data>> com.test.fly.controller.UserController.History()
12-04 20:38:00.444 [ INFO] [s.w.s.m.m.a.RequestMappingHandlerMapping:549] - Mapped "{[/error]}" onto public org.springframework.http.ResponseEntity<java.util.Map<java.lang.String, java.lang.Object>> org.springframework.boot.autoconfigure.web.servlet.error.BasicErrorController.error(javax.servlet.http.HttpServletRequest)
12-04 20:38:00.444 [ INFO] [s.w.s.m.m.a.RequestMappingHandlerMapping:549] - Mapped "{[/error],produces=[text/html]}" onto public org.springframework.web.servlet.ModelAndView org.springframework.boot.autoconfigure.web.servlet.error.BasicErrorController.errorHtml(javax.servlet.http.HttpServletRequest,javax.servlet.http.HttpServletResponse)
12-04 20:38:00.490 [ INFO] [       o.s.w.s.h.SimpleUrlHandlerMapping:373] - Mapped URL path [/webjars/**] onto handler of type [class org.springframework.web.servlet.resource.ResourceHttpRequestHandler]
12-04 20:38:00.490 [ INFO] [       o.s.w.s.h.SimpleUrlHandlerMapping:373] - Mapped URL path [/**] onto handler of type [class org.springframework.web.servlet.resource.ResourceHttpRequestHandler]
12-04 20:38:00.537 [ INFO] [   o.s.b.a.w.s.WelcomePageHandlerMapping: 56] - Adding welcome page: class path resource [static/index.html]
12-04 20:38:00.717 [ INFO] [       o.s.j.e.a.AnnotationMBeanExporter:433] - Registering beans for JMX exposure on startup
12-04 20:38:00.719 [ INFO] [       o.s.j.e.a.AnnotationMBeanExporter:895] - Bean with name 'dataSource' has been autodetected for JMX exposure
12-04 20:38:00.723 [ INFO] [       o.s.j.e.a.AnnotationMBeanExporter:668] - Located MBean 'dataSource': registering with JMX server as MBean [com.zaxxer.hikari:name=dataSource,type=HikariDataSource]
12-04 20:38:00.749 [ INFO] [               o.a.c.h.Http11NioProtocol:180] - Starting ProtocolHandler ["http-nio-8080"]
12-04 20:38:00.763 [ INFO] [               o.a.t.u.n.NioSelectorPool:180] - Using a shared selector for servlet write/read
12-04 20:38:00.775 [ INFO] [             o.s.b.w.e.t.TomcatWebServer:206] - Tomcat started on port(s): 8080 (http) with context path ''
12-04 20:38:00.778 [ INFO] [                    c.t.f.FlyApplication: 59] - Started FlyApplication in 3.501 seconds (JVM running for 4.598)
12-04 20:38:00.991 [ INFO] [                       o.a.c.c.C.[.[.[/]:180] - Initializing Spring FrameworkServlet 'dispatcherServlet'
12-04 20:38:00.991 [ INFO] [               o.s.w.s.DispatcherServlet:494] - FrameworkServlet 'dispatcherServlet': initialization started
12-04 20:38:01.006 [ INFO] [               o.s.w.s.DispatcherServlet:509] - FrameworkServlet 'dispatcherServlet': initialization completed in 15 ms
12-04 20:38:01.069 [ INFO] [                  c.z.h.HikariDataSource:110] - DatebookHikariCP - Starting...
12-04 20:38:01.341 [ INFO] [                  c.z.h.HikariDataSource:123] - DatebookHikariCP - Start completed.
12-04 20:41:32.179 [ INFO] [                    c.t.f.FlyApplication: 50] - Starting FlyApplication on wxs with PID 19524 (D:\Git\test\fly\target\classes started by Administrator in D:\Git\test\fly)
12-04 20:41:32.180 [ INFO] [                    c.t.f.FlyApplication:680] - No active profile set, falling back to default profiles: default
12-04 20:41:32.214 [ INFO] [ConfigServletWebServerApplicationContext:590] - Refreshing org.springframework.boot.web.servlet.context.AnnotationConfigServletWebServerApplicationContext@21b2e768: startup date [Tue Dec 04 20:41:32 CST 2018]; root of context hierarchy
12-04 20:41:33.189 [ INFO] [             o.s.b.w.e.t.TomcatWebServer: 91] - Tomcat initialized with port(s): 8080 (http)
12-04 20:41:33.199 [ INFO] [               o.a.c.h.Http11NioProtocol:180] - Initializing ProtocolHandler ["http-nio-8080"]
12-04 20:41:33.214 [ INFO] [                 o.a.c.c.StandardService:180] - Starting service [Tomcat]
12-04 20:41:33.215 [ INFO] [                  o.a.c.c.StandardEngine:180] - Starting Servlet Engine: Apache Tomcat/8.5.34
12-04 20:41:33.220 [ INFO] [            o.a.c.c.AprLifecycleListener:180] - Loaded APR based Apache Tomcat Native library [1.2.17] using APR version [1.6.3].
12-04 20:41:33.220 [ INFO] [            o.a.c.c.AprLifecycleListener:180] - APR capabilities: IPv6 [true], sendfile [true], accept filters [false], random [true].
12-04 20:41:33.220 [ INFO] [            o.a.c.c.AprLifecycleListener:180] - APR/OpenSSL configuration: useAprConnector [false], useOpenSSL [true]
12-04 20:41:34.277 [ INFO] [            o.a.c.c.AprLifecycleListener:180] - OpenSSL successfully initialized [OpenSSL 1.0.2o  27 Mar 2018]
12-04 20:41:34.357 [ INFO] [                       o.a.c.c.C.[.[.[/]:180] - Initializing Spring embedded WebApplicationContext
12-04 20:41:34.358 [ INFO] [                   o.s.w.c.ContextLoader:285] - Root WebApplicationContext: initialization completed in 2147 ms
12-04 20:41:34.413 [ INFO] [       o.s.b.w.s.ServletRegistrationBean:187] - Servlet dispatcherServlet mapped to [/]
12-04 20:41:34.417 [ INFO] [        o.s.b.w.s.FilterRegistrationBean:245] - Mapping filter: 'characterEncodingFilter' to: [/*]
12-04 20:41:34.417 [ INFO] [        o.s.b.w.s.FilterRegistrationBean:245] - Mapping filter: 'hiddenHttpMethodFilter' to: [/*]
12-04 20:41:34.417 [ INFO] [        o.s.b.w.s.FilterRegistrationBean:245] - Mapping filter: 'httpPutFormContentFilter' to: [/*]
12-04 20:41:34.417 [ INFO] [        o.s.b.w.s.FilterRegistrationBean:245] - Mapping filter: 'requestContextFilter' to: [/*]
12-04 20:41:34.723 [ INFO] [       o.s.w.s.h.SimpleUrlHandlerMapping:373] - Mapped URL path [/**/favicon.ico] onto handler of type [class org.springframework.web.servlet.resource.ResourceHttpRequestHandler]
12-04 20:41:34.938 [ INFO] [s.w.s.m.m.a.RequestMappingHandlerAdapter:588] - Looking for @ControllerAdvice: org.springframework.boot.web.servlet.context.AnnotationConfigServletWebServerApplicationContext@21b2e768: startup date [Tue Dec 04 20:41:32 CST 2018]; root of context hierarchy
12-04 20:41:34.978 [ INFO] [s.w.s.m.m.a.RequestMappingHandlerMapping:549] - Mapped "{[/test],methods=[POST]}" onto public com.test.fly.common.ServerResponse com.test.fly.controller.TextController.test(javax.servlet.http.HttpServletRequest,javax.servlet.http.HttpServletResponse)
12-04 20:41:34.979 [ INFO] [s.w.s.m.m.a.RequestMappingHandlerMapping:549] - Mapped "{[/add],methods=[POST]}" onto public com.test.fly.common.ServerResponse<java.lang.String> com.test.fly.controller.UserController.Add(com.test.fly.pojo.Data)
12-04 20:41:34.979 [ INFO] [s.w.s.m.m.a.RequestMappingHandlerMapping:549] - Mapped "{[/locate],methods=[POST]}" onto public com.test.fly.common.ServerResponse<java.util.List<com.test.fly.pojo.Data>> com.test.fly.controller.UserController.getLocate()
12-04 20:41:34.979 [ INFO] [s.w.s.m.m.a.RequestMappingHandlerMapping:549] - Mapped "{[/history],methods=[POST]}" onto public com.test.fly.common.ServerResponse<java.util.List<com.test.fly.pojo.Data>> com.test.fly.controller.UserController.History()
12-04 20:41:34.983 [ INFO] [s.w.s.m.m.a.RequestMappingHandlerMapping:549] - Mapped "{[/error]}" onto public org.springframework.http.ResponseEntity<java.util.Map<java.lang.String, java.lang.Object>> org.springframework.boot.autoconfigure.web.servlet.error.BasicErrorController.error(javax.servlet.http.HttpServletRequest)
12-04 20:41:34.983 [ INFO] [s.w.s.m.m.a.RequestMappingHandlerMapping:549] - Mapped "{[/error],produces=[text/html]}" onto public org.springframework.web.servlet.ModelAndView org.springframework.boot.autoconfigure.web.servlet.error.BasicErrorController.errorHtml(javax.servlet.http.HttpServletRequest,javax.servlet.http.HttpServletResponse)
12-04 20:41:35.016 [ INFO] [       o.s.w.s.h.SimpleUrlHandlerMapping:373] - Mapped URL path [/webjars/**] onto handler of type [class org.springframework.web.servlet.resource.ResourceHttpRequestHandler]
12-04 20:41:35.017 [ INFO] [       o.s.w.s.h.SimpleUrlHandlerMapping:373] - Mapped URL path [/**] onto handler of type [class org.springframework.web.servlet.resource.ResourceHttpRequestHandler]
12-04 20:41:35.048 [ INFO] [   o.s.b.a.w.s.WelcomePageHandlerMapping: 56] - Adding welcome page: class path resource [static/index.html]
12-04 20:41:35.234 [ INFO] [       o.s.j.e.a.AnnotationMBeanExporter:433] - Registering beans for JMX exposure on startup
12-04 20:41:35.235 [ INFO] [       o.s.j.e.a.AnnotationMBeanExporter:895] - Bean with name 'dataSource' has been autodetected for JMX exposure
12-04 20:41:35.239 [ INFO] [       o.s.j.e.a.AnnotationMBeanExporter:668] - Located MBean 'dataSource': registering with JMX server as MBean [com.zaxxer.hikari:name=dataSource,type=HikariDataSource]
12-04 20:41:35.263 [ INFO] [               o.a.c.h.Http11NioProtocol:180] - Starting ProtocolHandler ["http-nio-8080"]
12-04 20:41:35.270 [ INFO] [               o.a.t.u.n.NioSelectorPool:180] - Using a shared selector for servlet write/read
12-04 20:41:35.279 [ INFO] [             o.s.b.w.e.t.TomcatWebServer:206] - Tomcat started on port(s): 8080 (http) with context path ''
12-04 20:41:35.281 [ INFO] [                    c.t.f.FlyApplication: 59] - Started FlyApplication in 3.368 seconds (JVM running for 4.325)
12-04 20:41:35.561 [ INFO] [                       o.a.c.c.C.[.[.[/]:180] - Initializing Spring FrameworkServlet 'dispatcherServlet'
12-04 20:41:35.561 [ INFO] [               o.s.w.s.DispatcherServlet:494] - FrameworkServlet 'dispatcherServlet': initialization started
12-04 20:41:35.582 [ INFO] [               o.s.w.s.DispatcherServlet:509] - FrameworkServlet 'dispatcherServlet': initialization completed in 21 ms
12-04 20:41:35.647 [ INFO] [                  c.z.h.HikariDataSource:110] - DatebookHikariCP - Starting...
12-04 20:41:35.889 [ INFO] [                  c.z.h.HikariDataSource:123] - DatebookHikariCP - Start completed.
12-04 20:48:28.422 [ INFO] [                    c.t.f.FlyApplication: 50] - Starting FlyApplication on wxs with PID 23912 (D:\Git\test\fly\target\classes started by Administrator in D:\Git\test\fly)
12-04 20:48:28.423 [ INFO] [                    c.t.f.FlyApplication:680] - No active profile set, falling back to default profiles: default
12-04 20:48:28.455 [ INFO] [ConfigServletWebServerApplicationContext:590] - Refreshing org.springframework.boot.web.servlet.context.AnnotationConfigServletWebServerApplicationContext@3c0be339: startup date [Tue Dec 04 20:48:28 CST 2018]; root of context hierarchy
12-04 20:48:29.462 [ INFO] [             o.s.b.w.e.t.TomcatWebServer: 91] - Tomcat initialized with port(s): 8080 (http)
12-04 20:48:29.472 [ INFO] [               o.a.c.h.Http11NioProtocol:180] - Initializing ProtocolHandler ["http-nio-8080"]
12-04 20:48:29.480 [ INFO] [                 o.a.c.c.StandardService:180] - Starting service [Tomcat]
12-04 20:48:29.480 [ INFO] [                  o.a.c.c.StandardEngine:180] - Starting Servlet Engine: Apache Tomcat/8.5.34
12-04 20:48:29.485 [ INFO] [            o.a.c.c.AprLifecycleListener:180] - Loaded APR based Apache Tomcat Native library [1.2.17] using APR version [1.6.3].
12-04 20:48:29.485 [ INFO] [            o.a.c.c.AprLifecycleListener:180] - APR capabilities: IPv6 [true], sendfile [true], accept filters [false], random [true].
12-04 20:48:29.485 [ INFO] [            o.a.c.c.AprLifecycleListener:180] - APR/OpenSSL configuration: useAprConnector [false], useOpenSSL [true]
12-04 20:48:30.521 [ INFO] [            o.a.c.c.AprLifecycleListener:180] - OpenSSL successfully initialized [OpenSSL 1.0.2o  27 Mar 2018]
12-04 20:48:30.606 [ INFO] [                       o.a.c.c.C.[.[.[/]:180] - Initializing Spring embedded WebApplicationContext
12-04 20:48:30.607 [ INFO] [                   o.s.w.c.ContextLoader:285] - Root WebApplicationContext: initialization completed in 2155 ms
12-04 20:48:30.656 [ INFO] [       o.s.b.w.s.ServletRegistrationBean:187] - Servlet dispatcherServlet mapped to [/]
12-04 20:48:30.659 [ INFO] [        o.s.b.w.s.FilterRegistrationBean:245] - Mapping filter: 'characterEncodingFilter' to: [/*]
12-04 20:48:30.659 [ INFO] [        o.s.b.w.s.FilterRegistrationBean:245] - Mapping filter: 'hiddenHttpMethodFilter' to: [/*]
12-04 20:48:30.659 [ INFO] [        o.s.b.w.s.FilterRegistrationBean:245] - Mapping filter: 'httpPutFormContentFilter' to: [/*]
12-04 20:48:30.659 [ INFO] [        o.s.b.w.s.FilterRegistrationBean:245] - Mapping filter: 'requestContextFilter' to: [/*]
12-04 20:48:30.964 [ INFO] [       o.s.w.s.h.SimpleUrlHandlerMapping:373] - Mapped URL path [/**/favicon.ico] onto handler of type [class org.springframework.web.servlet.resource.ResourceHttpRequestHandler]
12-04 20:48:31.266 [ INFO] [s.w.s.m.m.a.RequestMappingHandlerAdapter:588] - Looking for @ControllerAdvice: org.springframework.boot.web.servlet.context.AnnotationConfigServletWebServerApplicationContext@3c0be339: startup date [Tue Dec 04 20:48:28 CST 2018]; root of context hierarchy
12-04 20:48:31.316 [ INFO] [s.w.s.m.m.a.RequestMappingHandlerMapping:549] - Mapped "{[/test],methods=[POST]}" onto public com.test.fly.common.ServerResponse com.test.fly.controller.TextController.test(javax.servlet.http.HttpServletRequest,javax.servlet.http.HttpServletResponse)
12-04 20:48:31.318 [ INFO] [s.w.s.m.m.a.RequestMappingHandlerMapping:549] - Mapped "{[/add],methods=[POST]}" onto public com.test.fly.common.ServerResponse<java.lang.String> com.test.fly.controller.UserController.Add(com.test.fly.pojo.Data)
12-04 20:48:31.318 [ INFO] [s.w.s.m.m.a.RequestMappingHandlerMapping:549] - Mapped "{[/history],methods=[POST]}" onto public com.test.fly.common.ServerResponse<java.util.List<com.test.fly.pojo.Data>> com.test.fly.controller.UserController.History()
12-04 20:48:31.318 [ INFO] [s.w.s.m.m.a.RequestMappingHandlerMapping:549] - Mapped "{[/locate],methods=[POST]}" onto public com.test.fly.common.ServerResponse<java.util.List<com.test.fly.pojo.Data>> com.test.fly.controller.UserController.getLocate()
12-04 20:48:31.322 [ INFO] [s.w.s.m.m.a.RequestMappingHandlerMapping:549] - Mapped "{[/error]}" onto public org.springframework.http.ResponseEntity<java.util.Map<java.lang.String, java.lang.Object>> org.springframework.boot.autoconfigure.web.servlet.error.BasicErrorController.error(javax.servlet.http.HttpServletRequest)
12-04 20:48:31.323 [ INFO] [s.w.s.m.m.a.RequestMappingHandlerMapping:549] - Mapped "{[/error],produces=[text/html]}" onto public org.springframework.web.servlet.ModelAndView org.springframework.boot.autoconfigure.web.servlet.error.BasicErrorController.errorHtml(javax.servlet.http.HttpServletRequest,javax.servlet.http.HttpServletResponse)
12-04 20:48:31.367 [ INFO] [       o.s.w.s.h.SimpleUrlHandlerMapping:373] - Mapped URL path [/webjars/**] onto handler of type [class org.springframework.web.servlet.resource.ResourceHttpRequestHandler]
12-04 20:48:31.367 [ INFO] [       o.s.w.s.h.SimpleUrlHandlerMapping:373] - Mapped URL path [/**] onto handler of type [class org.springframework.web.servlet.resource.ResourceHttpRequestHandler]
12-04 20:48:31.411 [ INFO] [   o.s.b.a.w.s.WelcomePageHandlerMapping: 56] - Adding welcome page: class path resource [static/index.html]
12-04 20:48:31.588 [ INFO] [       o.s.j.e.a.AnnotationMBeanExporter:433] - Registering beans for JMX exposure on startup
12-04 20:48:31.589 [ INFO] [       o.s.j.e.a.AnnotationMBeanExporter:895] - Bean with name 'dataSource' has been autodetected for JMX exposure
12-04 20:48:31.594 [ INFO] [       o.s.j.e.a.AnnotationMBeanExporter:668] - Located MBean 'dataSource': registering with JMX server as MBean [com.zaxxer.hikari:name=dataSource,type=HikariDataSource]
12-04 20:48:31.618 [ INFO] [               o.a.c.h.Http11NioProtocol:180] - Starting ProtocolHandler ["http-nio-8080"]
12-04 20:48:31.626 [ INFO] [               o.a.t.u.n.NioSelectorPool:180] - Using a shared selector for servlet write/read
12-04 20:48:31.639 [ INFO] [             o.s.b.w.e.t.TomcatWebServer:206] - Tomcat started on port(s): 8080 (http) with context path ''
12-04 20:48:31.643 [ INFO] [                    c.t.f.FlyApplication: 59] - Started FlyApplication in 3.6 seconds (JVM running for 4.512)
12-04 20:48:31.785 [ INFO] [                       o.a.c.c.C.[.[.[/]:180] - Initializing Spring FrameworkServlet 'dispatcherServlet'
12-04 20:48:31.785 [ INFO] [               o.s.w.s.DispatcherServlet:494] - FrameworkServlet 'dispatcherServlet': initialization started
12-04 20:48:31.801 [ INFO] [               o.s.w.s.DispatcherServlet:509] - FrameworkServlet 'dispatcherServlet': initialization completed in 16 ms
12-04 20:48:31.849 [ INFO] [                  c.z.h.HikariDataSource:110] - DatebookHikariCP - Starting...
12-04 20:48:32.100 [ INFO] [                  c.z.h.HikariDataSource:123] - DatebookHikariCP - Start completed.
12-04 20:50:13.886 [ INFO] [                    c.t.f.FlyApplication: 50] - Starting FlyApplication on wxs with PID 19344 (D:\Git\test\fly\target\classes started by Administrator in D:\Git\test\fly)
12-04 20:50:13.888 [ INFO] [                    c.t.f.FlyApplication:680] - No active profile set, falling back to default profiles: default
12-04 20:50:13.926 [ INFO] [ConfigServletWebServerApplicationContext:590] - Refreshing org.springframework.boot.web.servlet.context.AnnotationConfigServletWebServerApplicationContext@2b4bac49: startup date [Tue Dec 04 20:50:13 CST 2018]; root of context hierarchy
12-04 20:50:14.901 [ INFO] [             o.s.b.w.e.t.TomcatWebServer: 91] - Tomcat initialized with port(s): 8080 (http)
12-04 20:50:14.911 [ INFO] [               o.a.c.h.Http11NioProtocol:180] - Initializing ProtocolHandler ["http-nio-8080"]
12-04 20:50:14.919 [ INFO] [                 o.a.c.c.StandardService:180] - Starting service [Tomcat]
12-04 20:50:14.919 [ INFO] [                  o.a.c.c.StandardEngine:180] - Starting Servlet Engine: Apache Tomcat/8.5.34
12-04 20:50:14.924 [ INFO] [            o.a.c.c.AprLifecycleListener:180] - Loaded APR based Apache Tomcat Native library [1.2.17] using APR version [1.6.3].
12-04 20:50:14.925 [ INFO] [            o.a.c.c.AprLifecycleListener:180] - APR capabilities: IPv6 [true], sendfile [true], accept filters [false], random [true].
12-04 20:50:14.925 [ INFO] [            o.a.c.c.AprLifecycleListener:180] - APR/OpenSSL configuration: useAprConnector [false], useOpenSSL [true]
12-04 20:50:15.959 [ INFO] [            o.a.c.c.AprLifecycleListener:180] - OpenSSL successfully initialized [OpenSSL 1.0.2o  27 Mar 2018]
12-04 20:50:16.046 [ INFO] [                       o.a.c.c.C.[.[.[/]:180] - Initializing Spring embedded WebApplicationContext
12-04 20:50:16.046 [ INFO] [                   o.s.w.c.ContextLoader:285] - Root WebApplicationContext: initialization completed in 2123 ms
12-04 20:50:16.094 [ INFO] [       o.s.b.w.s.ServletRegistrationBean:187] - Servlet dispatcherServlet mapped to [/]
12-04 20:50:16.097 [ INFO] [        o.s.b.w.s.FilterRegistrationBean:245] - Mapping filter: 'characterEncodingFilter' to: [/*]
12-04 20:50:16.097 [ INFO] [        o.s.b.w.s.FilterRegistrationBean:245] - Mapping filter: 'hiddenHttpMethodFilter' to: [/*]
12-04 20:50:16.097 [ INFO] [        o.s.b.w.s.FilterRegistrationBean:245] - Mapping filter: 'httpPutFormContentFilter' to: [/*]
12-04 20:50:16.097 [ INFO] [        o.s.b.w.s.FilterRegistrationBean:245] - Mapping filter: 'requestContextFilter' to: [/*]
12-04 20:50:16.382 [ INFO] [       o.s.w.s.h.SimpleUrlHandlerMapping:373] - Mapped URL path [/**/favicon.ico] onto handler of type [class org.springframework.web.servlet.resource.ResourceHttpRequestHandler]
12-04 20:50:16.608 [ INFO] [s.w.s.m.m.a.RequestMappingHandlerAdapter:588] - Looking for @ControllerAdvice: org.springframework.boot.web.servlet.context.AnnotationConfigServletWebServerApplicationContext@2b4bac49: startup date [Tue Dec 04 20:50:13 CST 2018]; root of context hierarchy
12-04 20:50:16.650 [ INFO] [s.w.s.m.m.a.RequestMappingHandlerMapping:549] - Mapped "{[/test],methods=[POST]}" onto public com.test.fly.common.ServerResponse com.test.fly.controller.TextController.test(javax.servlet.http.HttpServletRequest,javax.servlet.http.HttpServletResponse)
12-04 20:50:16.651 [ INFO] [s.w.s.m.m.a.RequestMappingHandlerMapping:549] - Mapped "{[/add],methods=[POST]}" onto public com.test.fly.common.ServerResponse<java.lang.String> com.test.fly.controller.UserController.Add(com.test.fly.pojo.Data)
12-04 20:50:16.652 [ INFO] [s.w.s.m.m.a.RequestMappingHandlerMapping:549] - Mapped "{[/locate],methods=[POST]}" onto public com.test.fly.common.ServerResponse<java.util.List<com.test.fly.pojo.Data>> com.test.fly.controller.UserController.getLocate()
12-04 20:50:16.652 [ INFO] [s.w.s.m.m.a.RequestMappingHandlerMapping:549] - Mapped "{[/history],methods=[POST]}" onto public com.test.fly.common.ServerResponse<java.util.List<com.test.fly.pojo.Data>> com.test.fly.controller.UserController.History()
12-04 20:50:16.656 [ INFO] [s.w.s.m.m.a.RequestMappingHandlerMapping:549] - Mapped "{[/error]}" onto public org.springframework.http.ResponseEntity<java.util.Map<java.lang.String, java.lang.Object>> org.springframework.boot.autoconfigure.web.servlet.error.BasicErrorController.error(javax.servlet.http.HttpServletRequest)
12-04 20:50:16.657 [ INFO] [s.w.s.m.m.a.RequestMappingHandlerMapping:549] - Mapped "{[/error],produces=[text/html]}" onto public org.springframework.web.servlet.ModelAndView org.springframework.boot.autoconfigure.web.servlet.error.BasicErrorController.errorHtml(javax.servlet.http.HttpServletRequest,javax.servlet.http.HttpServletResponse)
12-04 20:50:16.696 [ INFO] [       o.s.w.s.h.SimpleUrlHandlerMapping:373] - Mapped URL path [/webjars/**] onto handler of type [class org.springframework.web.servlet.resource.ResourceHttpRequestHandler]
12-04 20:50:16.696 [ INFO] [       o.s.w.s.h.SimpleUrlHandlerMapping:373] - Mapped URL path [/**] onto handler of type [class org.springframework.web.servlet.resource.ResourceHttpRequestHandler]
12-04 20:50:16.734 [ INFO] [   o.s.b.a.w.s.WelcomePageHandlerMapping: 56] - Adding welcome page: class path resource [static/index.html]
12-04 20:50:16.912 [ INFO] [       o.s.j.e.a.AnnotationMBeanExporter:433] - Registering beans for JMX exposure on startup
12-04 20:50:16.913 [ INFO] [       o.s.j.e.a.AnnotationMBeanExporter:895] - Bean with name 'dataSource' has been autodetected for JMX exposure
12-04 20:50:16.918 [ INFO] [       o.s.j.e.a.AnnotationMBeanExporter:668] - Located MBean 'dataSource': registering with JMX server as MBean [com.zaxxer.hikari:name=dataSource,type=HikariDataSource]
12-04 20:50:16.942 [ INFO] [               o.a.c.h.Http11NioProtocol:180] - Starting ProtocolHandler ["http-nio-8080"]
12-04 20:50:16.949 [ INFO] [               o.a.t.u.n.NioSelectorPool:180] - Using a shared selector for servlet write/read
12-04 20:50:16.959 [ INFO] [             o.s.b.w.e.t.TomcatWebServer:206] - Tomcat started on port(s): 8080 (http) with context path ''
12-04 20:50:16.962 [ INFO] [                    c.t.f.FlyApplication: 59] - Started FlyApplication in 3.49 seconds (JVM running for 4.341)
12-04 20:50:17.023 [ INFO] [                       o.a.c.c.C.[.[.[/]:180] - Initializing Spring FrameworkServlet 'dispatcherServlet'
12-04 20:50:17.023 [ INFO] [               o.s.w.s.DispatcherServlet:494] - FrameworkServlet 'dispatcherServlet': initialization started
12-04 20:50:17.041 [ INFO] [               o.s.w.s.DispatcherServlet:509] - FrameworkServlet 'dispatcherServlet': initialization completed in 18 ms
12-04 20:50:17.089 [ INFO] [                  c.z.h.HikariDataSource:110] - DatebookHikariCP - Starting...
12-04 20:50:17.335 [ INFO] [                  c.z.h.HikariDataSource:123] - DatebookHikariCP - Start completed.
