12-02 13:40:11.363 [ INFO] [                    c.t.f.FlyApplication: 50] - Starting FlyApplication on wxs with PID 22208 (D:\Git\test\fly\target\classes started by Administrator in D:\Git\test\fly)
12-02 13:40:11.366 [ INFO] [                    c.t.f.FlyApplication:680] - No active profile set, falling back to default profiles: default
12-02 13:40:11.403 [ INFO] [ConfigServletWebServerApplicationContext:590] - Refreshing org.springframework.boot.web.servlet.context.AnnotationConfigServletWebServerApplicationContext@2118cddf: startup date [Sun Dec 02 13:40:11 CST 2018]; root of context hierarchy
12-02 13:40:12.591 [ INFO] [             o.s.b.w.e.t.TomcatWebServer: 91] - Tomcat initialized with port(s): 8080 (http)
12-02 13:40:12.604 [ INFO] [               o.a.c.h.Http11NioProtocol:180] - Initializing ProtocolHandler ["http-nio-8080"]
12-02 13:40:12.613 [ INFO] [                 o.a.c.c.StandardService:180] - Starting service [Tomcat]
12-02 13:40:12.613 [ INFO] [                  o.a.c.c.StandardEngine:180] - Starting Servlet Engine: Apache Tomcat/8.5.34
12-02 13:40:12.617 [ INFO] [            o.a.c.c.AprLifecycleListener:180] - Loaded APR based Apache Tomcat Native library [1.2.17] using APR version [1.6.3].
12-02 13:40:12.617 [ INFO] [            o.a.c.c.AprLifecycleListener:180] - APR capabilities: IPv6 [true], sendfile [true], accept filters [false], random [true].
12-02 13:40:12.617 [ INFO] [            o.a.c.c.AprLifecycleListener:180] - APR/OpenSSL configuration: useAprConnector [false], useOpenSSL [true]
12-02 13:40:13.659 [ INFO] [            o.a.c.c.AprLifecycleListener:180] - OpenSSL successfully initialized [OpenSSL 1.0.2o  27 Mar 2018]
12-02 13:40:13.796 [ INFO] [                       o.a.c.c.C.[.[.[/]:180] - Initializing Spring embedded WebApplicationContext
12-02 13:40:13.797 [ INFO] [                   o.s.w.c.ContextLoader:285] - Root WebApplicationContext: initialization completed in 2397 ms
12-02 13:40:13.849 [ INFO] [       o.s.b.w.s.ServletRegistrationBean:187] - Servlet dispatcherServlet mapped to [/]
12-02 13:40:13.852 [ INFO] [        o.s.b.w.s.FilterRegistrationBean:245] - Mapping filter: 'characterEncodingFilter' to: [/*]
12-02 13:40:13.852 [ INFO] [        o.s.b.w.s.FilterRegistrationBean:245] - Mapping filter: 'hiddenHttpMethodFilter' to: [/*]
12-02 13:40:13.852 [ INFO] [        o.s.b.w.s.FilterRegistrationBean:245] - Mapping filter: 'httpPutFormContentFilter' to: [/*]
12-02 13:40:13.852 [ INFO] [        o.s.b.w.s.FilterRegistrationBean:245] - Mapping filter: 'requestContextFilter' to: [/*]
12-02 13:40:14.276 [ INFO] [       o.s.w.s.h.SimpleUrlHandlerMapping:373] - Mapped URL path [/**/favicon.ico] onto handler of type [class org.springframework.web.servlet.resource.ResourceHttpRequestHandler]
12-02 13:40:14.487 [ INFO] [s.w.s.m.m.a.RequestMappingHandlerAdapter:588] - Looking for @ControllerAdvice: org.springframework.boot.web.servlet.context.AnnotationConfigServletWebServerApplicationContext@2118cddf: startup date [Sun Dec 02 13:40:11 CST 2018]; root of context hierarchy
12-02 13:40:14.529 [ INFO] [s.w.s.m.m.a.RequestMappingHandlerMapping:549] - Mapped "{[/test],methods=[POST]}" onto public com.test.fly.common.ServerResponse com.test.fly.controller.TextController.test(javax.servlet.http.HttpServletRequest,javax.servlet.http.HttpServletResponse)
12-02 13:40:14.530 [ INFO] [s.w.s.m.m.a.RequestMappingHandlerMapping:549] - Mapped "{[/add],methods=[POST]}" onto public com.test.fly.common.ServerResponse<java.lang.String> com.test.fly.controller.UserController.Add(com.test.fly.pojo.Data)
12-02 13:40:14.530 [ INFO] [s.w.s.m.m.a.RequestMappingHandlerMapping:549] - Mapped "{[/locate],methods=[POST]}" onto public com.test.fly.common.ServerResponse<java.util.List<com.test.fly.pojo.Data>> com.test.fly.controller.UserController.getLocate()
12-02 13:40:14.530 [ INFO] [s.w.s.m.m.a.RequestMappingHandlerMapping:549] - Mapped "{[/history],methods=[POST]}" onto public com.test.fly.common.ServerResponse<java.util.List<com.test.fly.pojo.Data>> com.test.fly.controller.UserController.History()
12-02 13:40:14.535 [ INFO] [s.w.s.m.m.a.RequestMappingHandlerMapping:549] - Mapped "{[/error]}" onto public org.springframework.http.ResponseEntity<java.util.Map<java.lang.String, java.lang.Object>> org.springframework.boot.autoconfigure.web.servlet.error.BasicErrorController.error(javax.servlet.http.HttpServletRequest)
12-02 13:40:14.535 [ INFO] [s.w.s.m.m.a.RequestMappingHandlerMapping:549] - Mapped "{[/error],produces=[text/html]}" onto public org.springframework.web.servlet.ModelAndView org.springframework.boot.autoconfigure.web.servlet.error.BasicErrorController.errorHtml(javax.servlet.http.HttpServletRequest,javax.servlet.http.HttpServletResponse)
12-02 13:40:14.572 [ INFO] [       o.s.w.s.h.SimpleUrlHandlerMapping:373] - Mapped URL path [/webjars/**] onto handler of type [class org.springframework.web.servlet.resource.ResourceHttpRequestHandler]
12-02 13:40:14.572 [ INFO] [       o.s.w.s.h.SimpleUrlHandlerMapping:373] - Mapped URL path [/**] onto handler of type [class org.springframework.web.servlet.resource.ResourceHttpRequestHandler]
12-02 13:40:14.607 [ INFO] [   o.s.b.a.w.s.WelcomePageHandlerMapping: 56] - Adding welcome page: class path resource [static/index.html]
12-02 13:40:14.798 [ INFO] [       o.s.j.e.a.AnnotationMBeanExporter:433] - Registering beans for JMX exposure on startup
12-02 13:40:14.799 [ INFO] [       o.s.j.e.a.AnnotationMBeanExporter:895] - Bean with name 'dataSource' has been autodetected for JMX exposure
12-02 13:40:14.803 [ INFO] [       o.s.j.e.a.AnnotationMBeanExporter:668] - Located MBean 'dataSource': registering with JMX server as MBean [com.zaxxer.hikari:name=dataSource,type=HikariDataSource]
12-02 13:40:14.828 [ INFO] [               o.a.c.h.Http11NioProtocol:180] - Starting ProtocolHandler ["http-nio-8080"]
12-02 13:40:14.835 [ INFO] [               o.a.t.u.n.NioSelectorPool:180] - Using a shared selector for servlet write/read
12-02 13:40:14.853 [ INFO] [             o.s.b.w.e.t.TomcatWebServer:206] - Tomcat started on port(s): 8080 (http) with context path ''
12-02 13:40:14.860 [ INFO] [                    c.t.f.FlyApplication: 59] - Started FlyApplication in 3.788 seconds (JVM running for 4.926)
12-02 13:45:15.223 [ INFO] [                       o.a.c.c.C.[.[.[/]:180] - Initializing Spring FrameworkServlet 'dispatcherServlet'
12-02 13:45:15.223 [ INFO] [               o.s.w.s.DispatcherServlet:494] - FrameworkServlet 'dispatcherServlet': initialization started
12-02 13:45:15.244 [ INFO] [               o.s.w.s.DispatcherServlet:509] - FrameworkServlet 'dispatcherServlet': initialization completed in 21 ms
12-02 13:45:16.400 [ INFO] [                  c.z.h.HikariDataSource:110] - DatebookHikariCP - Starting...
12-02 13:45:16.641 [ INFO] [                  c.z.h.HikariDataSource:123] - DatebookHikariCP - Start completed.
12-02 13:47:19.231 [ INFO] [                    c.t.f.FlyApplication: 50] - Starting FlyApplication on wxs with PID 11024 (D:\Git\test\fly\target\classes started by Administrator in D:\Git\test\fly)
12-02 13:47:19.232 [ INFO] [                    c.t.f.FlyApplication:680] - No active profile set, falling back to default profiles: default
12-02 13:47:19.260 [ INFO] [ConfigServletWebServerApplicationContext:590] - Refreshing org.springframework.boot.web.servlet.context.AnnotationConfigServletWebServerApplicationContext@5f8edcc5: startup date [Sun Dec 02 13:47:19 CST 2018]; root of context hierarchy
12-02 13:47:20.294 [ INFO] [             o.s.b.w.e.t.TomcatWebServer: 91] - Tomcat initialized with port(s): 8080 (http)
12-02 13:47:20.304 [ INFO] [               o.a.c.h.Http11NioProtocol:180] - Initializing ProtocolHandler ["http-nio-8080"]
12-02 13:47:20.311 [ INFO] [                 o.a.c.c.StandardService:180] - Starting service [Tomcat]
12-02 13:47:20.312 [ INFO] [                  o.a.c.c.StandardEngine:180] - Starting Servlet Engine: Apache Tomcat/8.5.34
12-02 13:47:20.316 [ INFO] [            o.a.c.c.AprLifecycleListener:180] - Loaded APR based Apache Tomcat Native library [1.2.17] using APR version [1.6.3].
12-02 13:47:20.316 [ INFO] [            o.a.c.c.AprLifecycleListener:180] - APR capabilities: IPv6 [true], sendfile [true], accept filters [false], random [true].
12-02 13:47:20.316 [ INFO] [            o.a.c.c.AprLifecycleListener:180] - APR/OpenSSL configuration: useAprConnector [false], useOpenSSL [true]
12-02 13:47:21.350 [ INFO] [            o.a.c.c.AprLifecycleListener:180] - OpenSSL successfully initialized [OpenSSL 1.0.2o  27 Mar 2018]
12-02 13:47:21.429 [ INFO] [                       o.a.c.c.C.[.[.[/]:180] - Initializing Spring embedded WebApplicationContext
12-02 13:47:21.429 [ INFO] [                   o.s.w.c.ContextLoader:285] - Root WebApplicationContext: initialization completed in 2171 ms
12-02 13:47:21.481 [ INFO] [       o.s.b.w.s.ServletRegistrationBean:187] - Servlet dispatcherServlet mapped to [/]
12-02 13:47:21.484 [ INFO] [        o.s.b.w.s.FilterRegistrationBean:245] - Mapping filter: 'characterEncodingFilter' to: [/*]
12-02 13:47:21.484 [ INFO] [        o.s.b.w.s.FilterRegistrationBean:245] - Mapping filter: 'hiddenHttpMethodFilter' to: [/*]
12-02 13:47:21.484 [ INFO] [        o.s.b.w.s.FilterRegistrationBean:245] - Mapping filter: 'httpPutFormContentFilter' to: [/*]
12-02 13:47:21.484 [ INFO] [        o.s.b.w.s.FilterRegistrationBean:245] - Mapping filter: 'requestContextFilter' to: [/*]
12-02 13:47:21.804 [ INFO] [       o.s.w.s.h.SimpleUrlHandlerMapping:373] - Mapped URL path [/**/favicon.ico] onto handler of type [class org.springframework.web.servlet.resource.ResourceHttpRequestHandler]
12-02 13:47:22.032 [ INFO] [s.w.s.m.m.a.RequestMappingHandlerAdapter:588] - Looking for @ControllerAdvice: org.springframework.boot.web.servlet.context.AnnotationConfigServletWebServerApplicationContext@5f8edcc5: startup date [Sun Dec 02 13:47:19 CST 2018]; root of context hierarchy
12-02 13:47:22.071 [ INFO] [s.w.s.m.m.a.RequestMappingHandlerMapping:549] - Mapped "{[/test],methods=[POST]}" onto public com.test.fly.common.ServerResponse com.test.fly.controller.TextController.test(javax.servlet.http.HttpServletRequest,javax.servlet.http.HttpServletResponse)
12-02 13:47:22.072 [ INFO] [s.w.s.m.m.a.RequestMappingHandlerMapping:549] - Mapped "{[/add],methods=[POST]}" onto public com.test.fly.common.ServerResponse<java.lang.String> com.test.fly.controller.UserController.Add(com.test.fly.pojo.Data)
12-02 13:47:22.072 [ INFO] [s.w.s.m.m.a.RequestMappingHandlerMapping:549] - Mapped "{[/locate],methods=[POST]}" onto public com.test.fly.common.ServerResponse<java.util.List<com.test.fly.pojo.Data>> com.test.fly.controller.UserController.getLocate()
12-02 13:47:22.072 [ INFO] [s.w.s.m.m.a.RequestMappingHandlerMapping:549] - Mapped "{[/history],methods=[POST]}" onto public com.test.fly.common.ServerResponse<java.util.List<com.test.fly.pojo.Data>> com.test.fly.controller.UserController.History()
12-02 13:47:22.076 [ INFO] [s.w.s.m.m.a.RequestMappingHandlerMapping:549] - Mapped "{[/error]}" onto public org.springframework.http.ResponseEntity<java.util.Map<java.lang.String, java.lang.Object>> org.springframework.boot.autoconfigure.web.servlet.error.BasicErrorController.error(javax.servlet.http.HttpServletRequest)
12-02 13:47:22.076 [ INFO] [s.w.s.m.m.a.RequestMappingHandlerMapping:549] - Mapped "{[/error],produces=[text/html]}" onto public org.springframework.web.servlet.ModelAndView org.springframework.boot.autoconfigure.web.servlet.error.BasicErrorController.errorHtml(javax.servlet.http.HttpServletRequest,javax.servlet.http.HttpServletResponse)
12-02 13:47:22.115 [ INFO] [       o.s.w.s.h.SimpleUrlHandlerMapping:373] - Mapped URL path [/webjars/**] onto handler of type [class org.springframework.web.servlet.resource.ResourceHttpRequestHandler]
12-02 13:47:22.115 [ INFO] [       o.s.w.s.h.SimpleUrlHandlerMapping:373] - Mapped URL path [/**] onto handler of type [class org.springframework.web.servlet.resource.ResourceHttpRequestHandler]
12-02 13:47:22.152 [ INFO] [   o.s.b.a.w.s.WelcomePageHandlerMapping: 56] - Adding welcome page: class path resource [static/index.html]
12-02 13:47:22.323 [ INFO] [       o.s.j.e.a.AnnotationMBeanExporter:433] - Registering beans for JMX exposure on startup
12-02 13:47:22.324 [ INFO] [       o.s.j.e.a.AnnotationMBeanExporter:895] - Bean with name 'dataSource' has been autodetected for JMX exposure
12-02 13:47:22.328 [ INFO] [       o.s.j.e.a.AnnotationMBeanExporter:668] - Located MBean 'dataSource': registering with JMX server as MBean [com.zaxxer.hikari:name=dataSource,type=HikariDataSource]
12-02 13:47:22.353 [ INFO] [               o.a.c.h.Http11NioProtocol:180] - Starting ProtocolHandler ["http-nio-8080"]
12-02 13:47:22.360 [ INFO] [               o.a.t.u.n.NioSelectorPool:180] - Using a shared selector for servlet write/read
12-02 13:47:22.370 [ INFO] [             o.s.b.w.e.t.TomcatWebServer:206] - Tomcat started on port(s): 8080 (http) with context path ''
12-02 13:47:22.373 [ INFO] [                    c.t.f.FlyApplication: 59] - Started FlyApplication in 3.382 seconds (JVM running for 4.259)
12-02 13:47:29.093 [ INFO] [                       o.a.c.c.C.[.[.[/]:180] - Initializing Spring FrameworkServlet 'dispatcherServlet'
12-02 13:47:29.093 [ INFO] [               o.s.w.s.DispatcherServlet:494] - FrameworkServlet 'dispatcherServlet': initialization started
12-02 13:47:29.110 [ INFO] [               o.s.w.s.DispatcherServlet:509] - FrameworkServlet 'dispatcherServlet': initialization completed in 17 ms
12-02 13:47:29.656 [ INFO] [                  c.z.h.HikariDataSource:110] - DatebookHikariCP - Starting...
12-02 13:47:29.912 [ INFO] [                  c.z.h.HikariDataSource:123] - DatebookHikariCP - Start completed.
12-02 13:52:01.580 [ INFO] [                    c.t.f.FlyApplication: 50] - Starting FlyApplication on wxs with PID 19092 (D:\Git\test\fly\target\classes started by Administrator in D:\Git\test\fly)
12-02 13:52:01.581 [ INFO] [                    c.t.f.FlyApplication:680] - No active profile set, falling back to default profiles: default
12-02 13:52:01.613 [ INFO] [ConfigServletWebServerApplicationContext:590] - Refreshing org.springframework.boot.web.servlet.context.AnnotationConfigServletWebServerApplicationContext@683dbc2c: startup date [Sun Dec 02 13:52:01 CST 2018]; root of context hierarchy
12-02 13:52:02.622 [ INFO] [             o.s.b.w.e.t.TomcatWebServer: 91] - Tomcat initialized with port(s): 8080 (http)
12-02 13:52:02.633 [ INFO] [               o.a.c.h.Http11NioProtocol:180] - Initializing ProtocolHandler ["http-nio-8080"]
12-02 13:52:02.640 [ INFO] [                 o.a.c.c.StandardService:180] - Starting service [Tomcat]
12-02 13:52:02.640 [ INFO] [                  o.a.c.c.StandardEngine:180] - Starting Servlet Engine: Apache Tomcat/8.5.34
12-02 13:52:02.644 [ INFO] [            o.a.c.c.AprLifecycleListener:180] - Loaded APR based Apache Tomcat Native library [1.2.17] using APR version [1.6.3].
12-02 13:52:02.644 [ INFO] [            o.a.c.c.AprLifecycleListener:180] - APR capabilities: IPv6 [true], sendfile [true], accept filters [false], random [true].
12-02 13:52:02.644 [ INFO] [            o.a.c.c.AprLifecycleListener:180] - APR/OpenSSL configuration: useAprConnector [false], useOpenSSL [true]
12-02 13:52:03.678 [ INFO] [            o.a.c.c.AprLifecycleListener:180] - OpenSSL successfully initialized [OpenSSL 1.0.2o  27 Mar 2018]
12-02 13:52:03.767 [ INFO] [                       o.a.c.c.C.[.[.[/]:180] - Initializing Spring embedded WebApplicationContext
12-02 13:52:03.767 [ INFO] [                   o.s.w.c.ContextLoader:285] - Root WebApplicationContext: initialization completed in 2156 ms
12-02 13:52:03.822 [ INFO] [       o.s.b.w.s.ServletRegistrationBean:187] - Servlet dispatcherServlet mapped to [/]
12-02 13:52:03.825 [ INFO] [        o.s.b.w.s.FilterRegistrationBean:245] - Mapping filter: 'characterEncodingFilter' to: [/*]
12-02 13:52:03.825 [ INFO] [        o.s.b.w.s.FilterRegistrationBean:245] - Mapping filter: 'hiddenHttpMethodFilter' to: [/*]
12-02 13:52:03.825 [ INFO] [        o.s.b.w.s.FilterRegistrationBean:245] - Mapping filter: 'httpPutFormContentFilter' to: [/*]
12-02 13:52:03.825 [ INFO] [        o.s.b.w.s.FilterRegistrationBean:245] - Mapping filter: 'requestContextFilter' to: [/*]
12-02 13:52:04.180 [ INFO] [       o.s.w.s.h.SimpleUrlHandlerMapping:373] - Mapped URL path [/**/favicon.ico] onto handler of type [class org.springframework.web.servlet.resource.ResourceHttpRequestHandler]
12-02 13:52:04.407 [ INFO] [s.w.s.m.m.a.RequestMappingHandlerAdapter:588] - Looking for @ControllerAdvice: org.springframework.boot.web.servlet.context.AnnotationConfigServletWebServerApplicationContext@683dbc2c: startup date [Sun Dec 02 13:52:01 CST 2018]; root of context hierarchy
12-02 13:52:04.445 [ INFO] [s.w.s.m.m.a.RequestMappingHandlerMapping:549] - Mapped "{[/test],methods=[POST]}" onto public com.test.fly.common.ServerResponse com.test.fly.controller.TextController.test(javax.servlet.http.HttpServletRequest,javax.servlet.http.HttpServletResponse)
12-02 13:52:04.446 [ INFO] [s.w.s.m.m.a.RequestMappingHandlerMapping:549] - Mapped "{[/add],methods=[POST]}" onto public com.test.fly.common.ServerResponse<java.lang.String> com.test.fly.controller.UserController.Add(com.test.fly.pojo.Data)
12-02 13:52:04.447 [ INFO] [s.w.s.m.m.a.RequestMappingHandlerMapping:549] - Mapped "{[/history],methods=[POST]}" onto public com.test.fly.common.ServerResponse<java.util.List<com.test.fly.pojo.Data>> com.test.fly.controller.UserController.History()
12-02 13:52:04.447 [ INFO] [s.w.s.m.m.a.RequestMappingHandlerMapping:549] - Mapped "{[/locate],methods=[POST]}" onto public com.test.fly.common.ServerResponse<java.util.List<com.test.fly.pojo.Data>> com.test.fly.controller.UserController.getLocate()
12-02 13:52:04.450 [ INFO] [s.w.s.m.m.a.RequestMappingHandlerMapping:549] - Mapped "{[/error]}" onto public org.springframework.http.ResponseEntity<java.util.Map<java.lang.String, java.lang.Object>> org.springframework.boot.autoconfigure.web.servlet.error.BasicErrorController.error(javax.servlet.http.HttpServletRequest)
12-02 13:52:04.451 [ INFO] [s.w.s.m.m.a.RequestMappingHandlerMapping:549] - Mapped "{[/error],produces=[text/html]}" onto public org.springframework.web.servlet.ModelAndView org.springframework.boot.autoconfigure.web.servlet.error.BasicErrorController.errorHtml(javax.servlet.http.HttpServletRequest,javax.servlet.http.HttpServletResponse)
12-02 13:52:04.485 [ INFO] [       o.s.w.s.h.SimpleUrlHandlerMapping:373] - Mapped URL path [/webjars/**] onto handler of type [class org.springframework.web.servlet.resource.ResourceHttpRequestHandler]
12-02 13:52:04.485 [ INFO] [       o.s.w.s.h.SimpleUrlHandlerMapping:373] - Mapped URL path [/**] onto handler of type [class org.springframework.web.servlet.resource.ResourceHttpRequestHandler]
12-02 13:52:04.519 [ INFO] [   o.s.b.a.w.s.WelcomePageHandlerMapping: 56] - Adding welcome page: class path resource [static/index.html]
12-02 13:52:04.680 [ INFO] [       o.s.j.e.a.AnnotationMBeanExporter:433] - Registering beans for JMX exposure on startup
12-02 13:52:04.681 [ INFO] [       o.s.j.e.a.AnnotationMBeanExporter:895] - Bean with name 'dataSource' has been autodetected for JMX exposure
12-02 13:52:04.685 [ INFO] [       o.s.j.e.a.AnnotationMBeanExporter:668] - Located MBean 'dataSource': registering with JMX server as MBean [com.zaxxer.hikari:name=dataSource,type=HikariDataSource]
12-02 13:52:04.716 [ INFO] [               o.a.c.h.Http11NioProtocol:180] - Starting ProtocolHandler ["http-nio-8080"]
12-02 13:52:04.723 [ INFO] [               o.a.t.u.n.NioSelectorPool:180] - Using a shared selector for servlet write/read
12-02 13:52:04.733 [ INFO] [             o.s.b.w.e.t.TomcatWebServer:206] - Tomcat started on port(s): 8080 (http) with context path ''
12-02 13:52:04.735 [ INFO] [                    c.t.f.FlyApplication: 59] - Started FlyApplication in 3.381 seconds (JVM running for 4.097)
12-02 13:52:04.966 [ INFO] [                       o.a.c.c.C.[.[.[/]:180] - Initializing Spring FrameworkServlet 'dispatcherServlet'
12-02 13:52:04.966 [ INFO] [               o.s.w.s.DispatcherServlet:494] - FrameworkServlet 'dispatcherServlet': initialization started
12-02 13:52:04.983 [ INFO] [               o.s.w.s.DispatcherServlet:509] - FrameworkServlet 'dispatcherServlet': initialization completed in 17 ms
12-02 13:52:05.038 [ INFO] [                  c.z.h.HikariDataSource:110] - DatebookHikariCP - Starting...
12-02 13:52:05.356 [ INFO] [                  c.z.h.HikariDataSource:123] - DatebookHikariCP - Start completed.
12-02 13:52:17.265 [ INFO] [                    c.t.f.FlyApplication: 50] - Starting FlyApplication on wxs with PID 1500 (D:\Git\test\fly\target\classes started by Administrator in D:\Git\test\fly)
12-02 13:52:17.267 [ INFO] [                    c.t.f.FlyApplication:680] - No active profile set, falling back to default profiles: default
12-02 13:52:17.298 [ INFO] [ConfigServletWebServerApplicationContext:590] - Refreshing org.springframework.boot.web.servlet.context.AnnotationConfigServletWebServerApplicationContext@d21a74c: startup date [Sun Dec 02 13:52:17 CST 2018]; root of context hierarchy
12-02 13:52:18.358 [ INFO] [             o.s.b.w.e.t.TomcatWebServer: 91] - Tomcat initialized with port(s): 8080 (http)
12-02 13:52:18.367 [ INFO] [               o.a.c.h.Http11NioProtocol:180] - Initializing ProtocolHandler ["http-nio-8080"]
12-02 13:52:18.375 [ INFO] [                 o.a.c.c.StandardService:180] - Starting service [Tomcat]
12-02 13:52:18.375 [ INFO] [                  o.a.c.c.StandardEngine:180] - Starting Servlet Engine: Apache Tomcat/8.5.34
12-02 13:52:18.379 [ INFO] [            o.a.c.c.AprLifecycleListener:180] - Loaded APR based Apache Tomcat Native library [1.2.17] using APR version [1.6.3].
12-02 13:52:18.379 [ INFO] [            o.a.c.c.AprLifecycleListener:180] - APR capabilities: IPv6 [true], sendfile [true], accept filters [false], random [true].
12-02 13:52:18.379 [ INFO] [            o.a.c.c.AprLifecycleListener:180] - APR/OpenSSL configuration: useAprConnector [false], useOpenSSL [true]
12-02 13:52:19.406 [ INFO] [            o.a.c.c.AprLifecycleListener:180] - OpenSSL successfully initialized [OpenSSL 1.0.2o  27 Mar 2018]
12-02 13:52:19.485 [ INFO] [                       o.a.c.c.C.[.[.[/]:180] - Initializing Spring embedded WebApplicationContext
12-02 13:52:19.485 [ INFO] [                   o.s.w.c.ContextLoader:285] - Root WebApplicationContext: initialization completed in 2189 ms
12-02 13:52:19.545 [ INFO] [       o.s.b.w.s.ServletRegistrationBean:187] - Servlet dispatcherServlet mapped to [/]
12-02 13:52:19.548 [ INFO] [        o.s.b.w.s.FilterRegistrationBean:245] - Mapping filter: 'characterEncodingFilter' to: [/*]
12-02 13:52:19.549 [ INFO] [        o.s.b.w.s.FilterRegistrationBean:245] - Mapping filter: 'hiddenHttpMethodFilter' to: [/*]
12-02 13:52:19.549 [ INFO] [        o.s.b.w.s.FilterRegistrationBean:245] - Mapping filter: 'httpPutFormContentFilter' to: [/*]
12-02 13:52:19.549 [ INFO] [        o.s.b.w.s.FilterRegistrationBean:245] - Mapping filter: 'requestContextFilter' to: [/*]
12-02 13:52:19.878 [ INFO] [       o.s.w.s.h.SimpleUrlHandlerMapping:373] - Mapped URL path [/**/favicon.ico] onto handler of type [class org.springframework.web.servlet.resource.ResourceHttpRequestHandler]
12-02 13:52:20.113 [ INFO] [s.w.s.m.m.a.RequestMappingHandlerAdapter:588] - Looking for @ControllerAdvice: org.springframework.boot.web.servlet.context.AnnotationConfigServletWebServerApplicationContext@d21a74c: startup date [Sun Dec 02 13:52:17 CST 2018]; root of context hierarchy
12-02 13:52:20.187 [ INFO] [s.w.s.m.m.a.RequestMappingHandlerMapping:549] - Mapped "{[/test],methods=[POST]}" onto public com.test.fly.common.ServerResponse com.test.fly.controller.TextController.test(javax.servlet.http.HttpServletRequest,javax.servlet.http.HttpServletResponse)
12-02 13:52:20.188 [ INFO] [s.w.s.m.m.a.RequestMappingHandlerMapping:549] - Mapped "{[/add],methods=[POST]}" onto public com.test.fly.common.ServerResponse<java.lang.String> com.test.fly.controller.UserController.Add(com.test.fly.pojo.Data)
12-02 13:52:20.189 [ INFO] [s.w.s.m.m.a.RequestMappingHandlerMapping:549] - Mapped "{[/locate],methods=[POST]}" onto public com.test.fly.common.ServerResponse<java.util.List<com.test.fly.pojo.Data>> com.test.fly.controller.UserController.getLocate()
12-02 13:52:20.189 [ INFO] [s.w.s.m.m.a.RequestMappingHandlerMapping:549] - Mapped "{[/history],methods=[POST]}" onto public com.test.fly.common.ServerResponse<java.util.List<com.test.fly.pojo.Data>> com.test.fly.controller.UserController.History()
12-02 13:52:20.194 [ INFO] [s.w.s.m.m.a.RequestMappingHandlerMapping:549] - Mapped "{[/error]}" onto public org.springframework.http.ResponseEntity<java.util.Map<java.lang.String, java.lang.Object>> org.springframework.boot.autoconfigure.web.servlet.error.BasicErrorController.error(javax.servlet.http.HttpServletRequest)
12-02 13:52:20.195 [ INFO] [s.w.s.m.m.a.RequestMappingHandlerMapping:549] - Mapped "{[/error],produces=[text/html]}" onto public org.springframework.web.servlet.ModelAndView org.springframework.boot.autoconfigure.web.servlet.error.BasicErrorController.errorHtml(javax.servlet.http.HttpServletRequest,javax.servlet.http.HttpServletResponse)
12-02 13:52:20.241 [ INFO] [       o.s.w.s.h.SimpleUrlHandlerMapping:373] - Mapped URL path [/webjars/**] onto handler of type [class org.springframework.web.servlet.resource.ResourceHttpRequestHandler]
12-02 13:52:20.241 [ INFO] [       o.s.w.s.h.SimpleUrlHandlerMapping:373] - Mapped URL path [/**] onto handler of type [class org.springframework.web.servlet.resource.ResourceHttpRequestHandler]
12-02 13:52:20.294 [ INFO] [   o.s.b.a.w.s.WelcomePageHandlerMapping: 56] - Adding welcome page: class path resource [static/index.html]
12-02 13:52:20.480 [ INFO] [       o.s.j.e.a.AnnotationMBeanExporter:433] - Registering beans for JMX exposure on startup
12-02 13:52:20.481 [ INFO] [       o.s.j.e.a.AnnotationMBeanExporter:895] - Bean with name 'dataSource' has been autodetected for JMX exposure
12-02 13:52:20.486 [ INFO] [       o.s.j.e.a.AnnotationMBeanExporter:668] - Located MBean 'dataSource': registering with JMX server as MBean [com.zaxxer.hikari:name=dataSource,type=HikariDataSource]
12-02 13:52:20.511 [ INFO] [               o.a.c.h.Http11NioProtocol:180] - Starting ProtocolHandler ["http-nio-8080"]
12-02 13:52:20.519 [ INFO] [               o.a.t.u.n.NioSelectorPool:180] - Using a shared selector for servlet write/read
12-02 13:52:20.533 [ INFO] [             o.s.b.w.e.t.TomcatWebServer:206] - Tomcat started on port(s): 8080 (http) with context path ''
12-02 13:52:20.540 [ INFO] [                    c.t.f.FlyApplication: 59] - Started FlyApplication in 3.516 seconds (JVM running for 4.402)
12-02 13:52:20.689 [ INFO] [                       o.a.c.c.C.[.[.[/]:180] - Initializing Spring FrameworkServlet 'dispatcherServlet'
12-02 13:52:20.690 [ INFO] [               o.s.w.s.DispatcherServlet:494] - FrameworkServlet 'dispatcherServlet': initialization started
12-02 13:52:20.706 [ INFO] [               o.s.w.s.DispatcherServlet:509] - FrameworkServlet 'dispatcherServlet': initialization completed in 16 ms
12-02 13:52:20.773 [ INFO] [                  c.z.h.HikariDataSource:110] - DatebookHikariCP - Starting...
12-02 13:52:21.010 [ INFO] [                  c.z.h.HikariDataSource:123] - DatebookHikariCP - Start completed.
12-02 13:55:03.121 [ INFO] [                    c.t.f.FlyApplication: 50] - Starting FlyApplication on wxs with PID 19848 (D:\Git\test\fly\target\classes started by Administrator in D:\Git\test\fly)
12-02 13:55:03.122 [ INFO] [                    c.t.f.FlyApplication:680] - No active profile set, falling back to default profiles: default
12-02 13:55:03.153 [ INFO] [ConfigServletWebServerApplicationContext:590] - Refreshing org.springframework.boot.web.servlet.context.AnnotationConfigServletWebServerApplicationContext@623a8092: startup date [Sun Dec 02 13:55:03 CST 2018]; root of context hierarchy
12-02 13:55:04.118 [ INFO] [             o.s.b.w.e.t.TomcatWebServer: 91] - Tomcat initialized with port(s): 8080 (http)
12-02 13:55:04.128 [ INFO] [               o.a.c.h.Http11NioProtocol:180] - Initializing ProtocolHandler ["http-nio-8080"]
12-02 13:55:04.135 [ INFO] [                 o.a.c.c.StandardService:180] - Starting service [Tomcat]
12-02 13:55:04.135 [ INFO] [                  o.a.c.c.StandardEngine:180] - Starting Servlet Engine: Apache Tomcat/8.5.34
12-02 13:55:04.140 [ INFO] [            o.a.c.c.AprLifecycleListener:180] - Loaded APR based Apache Tomcat Native library [1.2.17] using APR version [1.6.3].
12-02 13:55:04.140 [ INFO] [            o.a.c.c.AprLifecycleListener:180] - APR capabilities: IPv6 [true], sendfile [true], accept filters [false], random [true].
12-02 13:55:04.141 [ INFO] [            o.a.c.c.AprLifecycleListener:180] - APR/OpenSSL configuration: useAprConnector [false], useOpenSSL [true]
12-02 13:55:05.179 [ INFO] [            o.a.c.c.AprLifecycleListener:180] - OpenSSL successfully initialized [OpenSSL 1.0.2o  27 Mar 2018]
12-02 13:55:05.263 [ INFO] [                       o.a.c.c.C.[.[.[/]:180] - Initializing Spring embedded WebApplicationContext
12-02 13:55:05.264 [ INFO] [                   o.s.w.c.ContextLoader:285] - Root WebApplicationContext: initialization completed in 2113 ms
12-02 13:55:05.315 [ INFO] [       o.s.b.w.s.ServletRegistrationBean:187] - Servlet dispatcherServlet mapped to [/]
12-02 13:55:05.318 [ INFO] [        o.s.b.w.s.FilterRegistrationBean:245] - Mapping filter: 'characterEncodingFilter' to: [/*]
12-02 13:55:05.318 [ INFO] [        o.s.b.w.s.FilterRegistrationBean:245] - Mapping filter: 'hiddenHttpMethodFilter' to: [/*]
12-02 13:55:05.318 [ INFO] [        o.s.b.w.s.FilterRegistrationBean:245] - Mapping filter: 'httpPutFormContentFilter' to: [/*]
12-02 13:55:05.318 [ INFO] [        o.s.b.w.s.FilterRegistrationBean:245] - Mapping filter: 'requestContextFilter' to: [/*]
12-02 13:55:05.636 [ INFO] [       o.s.w.s.h.SimpleUrlHandlerMapping:373] - Mapped URL path [/**/favicon.ico] onto handler of type [class org.springframework.web.servlet.resource.ResourceHttpRequestHandler]
12-02 13:55:05.860 [ INFO] [s.w.s.m.m.a.RequestMappingHandlerAdapter:588] - Looking for @ControllerAdvice: org.springframework.boot.web.servlet.context.AnnotationConfigServletWebServerApplicationContext@623a8092: startup date [Sun Dec 02 13:55:03 CST 2018]; root of context hierarchy
12-02 13:55:05.911 [ INFO] [s.w.s.m.m.a.RequestMappingHandlerMapping:549] - Mapped "{[/test],methods=[POST]}" onto public com.test.fly.common.ServerResponse com.test.fly.controller.TextController.test(javax.servlet.http.HttpServletRequest,javax.servlet.http.HttpServletResponse)
12-02 13:55:05.912 [ INFO] [s.w.s.m.m.a.RequestMappingHandlerMapping:549] - Mapped "{[/add],methods=[POST]}" onto public com.test.fly.common.ServerResponse<java.lang.String> com.test.fly.controller.UserController.Add(com.test.fly.pojo.Data)
12-02 13:55:05.913 [ INFO] [s.w.s.m.m.a.RequestMappingHandlerMapping:549] - Mapped "{[/locate],methods=[POST]}" onto public com.test.fly.common.ServerResponse<java.util.List<com.test.fly.pojo.Data>> com.test.fly.controller.UserController.getLocate()
12-02 13:55:05.913 [ INFO] [s.w.s.m.m.a.RequestMappingHandlerMapping:549] - Mapped "{[/history],methods=[POST]}" onto public com.test.fly.common.ServerResponse<java.util.List<com.test.fly.pojo.Data>> com.test.fly.controller.UserController.History()
12-02 13:55:05.916 [ INFO] [s.w.s.m.m.a.RequestMappingHandlerMapping:549] - Mapped "{[/error]}" onto public org.springframework.http.ResponseEntity<java.util.Map<java.lang.String, java.lang.Object>> org.springframework.boot.autoconfigure.web.servlet.error.BasicErrorController.error(javax.servlet.http.HttpServletRequest)
12-02 13:55:05.917 [ INFO] [s.w.s.m.m.a.RequestMappingHandlerMapping:549] - Mapped "{[/error],produces=[text/html]}" onto public org.springframework.web.servlet.ModelAndView org.springframework.boot.autoconfigure.web.servlet.error.BasicErrorController.errorHtml(javax.servlet.http.HttpServletRequest,javax.servlet.http.HttpServletResponse)
12-02 13:55:05.949 [ INFO] [       o.s.w.s.h.SimpleUrlHandlerMapping:373] - Mapped URL path [/webjars/**] onto handler of type [class org.springframework.web.servlet.resource.ResourceHttpRequestHandler]
12-02 13:55:05.949 [ INFO] [       o.s.w.s.h.SimpleUrlHandlerMapping:373] - Mapped URL path [/**] onto handler of type [class org.springframework.web.servlet.resource.ResourceHttpRequestHandler]
12-02 13:55:05.981 [ INFO] [   o.s.b.a.w.s.WelcomePageHandlerMapping: 56] - Adding welcome page: class path resource [static/index.html]
12-02 13:55:06.167 [ INFO] [       o.s.j.e.a.AnnotationMBeanExporter:433] - Registering beans for JMX exposure on startup
12-02 13:55:06.168 [ INFO] [       o.s.j.e.a.AnnotationMBeanExporter:895] - Bean with name 'dataSource' has been autodetected for JMX exposure
12-02 13:55:06.173 [ INFO] [       o.s.j.e.a.AnnotationMBeanExporter:668] - Located MBean 'dataSource': registering with JMX server as MBean [com.zaxxer.hikari:name=dataSource,type=HikariDataSource]
12-02 13:55:06.204 [ INFO] [               o.a.c.h.Http11NioProtocol:180] - Starting ProtocolHandler ["http-nio-8080"]
12-02 13:55:06.211 [ INFO] [               o.a.t.u.n.NioSelectorPool:180] - Using a shared selector for servlet write/read
12-02 13:55:06.226 [ INFO] [             o.s.b.w.e.t.TomcatWebServer:206] - Tomcat started on port(s): 8080 (http) with context path ''
12-02 13:55:06.229 [ INFO] [                    c.t.f.FlyApplication: 59] - Started FlyApplication in 3.332 seconds (JVM running for 4.412)
12-02 13:55:06.366 [ INFO] [                       o.a.c.c.C.[.[.[/]:180] - Initializing Spring FrameworkServlet 'dispatcherServlet'
12-02 13:55:06.366 [ INFO] [               o.s.w.s.DispatcherServlet:494] - FrameworkServlet 'dispatcherServlet': initialization started
12-02 13:55:06.381 [ INFO] [               o.s.w.s.DispatcherServlet:509] - FrameworkServlet 'dispatcherServlet': initialization completed in 15 ms
12-02 13:55:06.446 [ INFO] [                  c.z.h.HikariDataSource:110] - DatebookHikariCP - Starting...
12-02 13:55:06.699 [ INFO] [                  c.z.h.HikariDataSource:123] - DatebookHikariCP - Start completed.
12-02 14:01:29.528 [ INFO] [                    c.t.f.FlyApplication: 50] - Starting FlyApplication on wxs with PID 10400 (D:\Git\test\fly\target\classes started by Administrator in D:\Git\test\fly)
12-02 14:01:29.529 [ INFO] [                    c.t.f.FlyApplication:680] - No active profile set, falling back to default profiles: default
12-02 14:01:29.560 [ INFO] [ConfigServletWebServerApplicationContext:590] - Refreshing org.springframework.boot.web.servlet.context.AnnotationConfigServletWebServerApplicationContext@2638011: startup date [Sun Dec 02 14:01:29 CST 2018]; root of context hierarchy
12-02 14:01:30.543 [ INFO] [             o.s.b.w.e.t.TomcatWebServer: 91] - Tomcat initialized with port(s): 8080 (http)
12-02 14:01:30.553 [ INFO] [               o.a.c.h.Http11NioProtocol:180] - Initializing ProtocolHandler ["http-nio-8080"]
12-02 14:01:30.561 [ INFO] [                 o.a.c.c.StandardService:180] - Starting service [Tomcat]
12-02 14:01:30.561 [ INFO] [                  o.a.c.c.StandardEngine:180] - Starting Servlet Engine: Apache Tomcat/8.5.34
12-02 14:01:30.566 [ INFO] [            o.a.c.c.AprLifecycleListener:180] - Loaded APR based Apache Tomcat Native library [1.2.17] using APR version [1.6.3].
12-02 14:01:30.567 [ INFO] [            o.a.c.c.AprLifecycleListener:180] - APR capabilities: IPv6 [true], sendfile [true], accept filters [false], random [true].
12-02 14:01:30.567 [ INFO] [            o.a.c.c.AprLifecycleListener:180] - APR/OpenSSL configuration: useAprConnector [false], useOpenSSL [true]
12-02 14:01:31.597 [ INFO] [            o.a.c.c.AprLifecycleListener:180] - OpenSSL successfully initialized [OpenSSL 1.0.2o  27 Mar 2018]
12-02 14:01:31.671 [ INFO] [                       o.a.c.c.C.[.[.[/]:180] - Initializing Spring embedded WebApplicationContext
12-02 14:01:31.671 [ INFO] [                   o.s.w.c.ContextLoader:285] - Root WebApplicationContext: initialization completed in 2114 ms
12-02 14:01:31.720 [ INFO] [       o.s.b.w.s.ServletRegistrationBean:187] - Servlet dispatcherServlet mapped to [/]
12-02 14:01:31.723 [ INFO] [        o.s.b.w.s.FilterRegistrationBean:245] - Mapping filter: 'characterEncodingFilter' to: [/*]
12-02 14:01:31.723 [ INFO] [        o.s.b.w.s.FilterRegistrationBean:245] - Mapping filter: 'hiddenHttpMethodFilter' to: [/*]
12-02 14:01:31.723 [ INFO] [        o.s.b.w.s.FilterRegistrationBean:245] - Mapping filter: 'httpPutFormContentFilter' to: [/*]
12-02 14:01:31.723 [ INFO] [        o.s.b.w.s.FilterRegistrationBean:245] - Mapping filter: 'requestContextFilter' to: [/*]
12-02 14:01:32.118 [ INFO] [       o.s.w.s.h.SimpleUrlHandlerMapping:373] - Mapped URL path [/**/favicon.ico] onto handler of type [class org.springframework.web.servlet.resource.ResourceHttpRequestHandler]
12-02 14:01:32.371 [ INFO] [s.w.s.m.m.a.RequestMappingHandlerAdapter:588] - Looking for @ControllerAdvice: org.springframework.boot.web.servlet.context.AnnotationConfigServletWebServerApplicationContext@2638011: startup date [Sun Dec 02 14:01:29 CST 2018]; root of context hierarchy
12-02 14:01:32.419 [ INFO] [s.w.s.m.m.a.RequestMappingHandlerMapping:549] - Mapped "{[/test],methods=[POST]}" onto public com.test.fly.common.ServerResponse com.test.fly.controller.TextController.test(javax.servlet.http.HttpServletRequest,javax.servlet.http.HttpServletResponse)
12-02 14:01:32.420 [ INFO] [s.w.s.m.m.a.RequestMappingHandlerMapping:549] - Mapped "{[/add],methods=[POST]}" onto public com.test.fly.common.ServerResponse<java.lang.String> com.test.fly.controller.UserController.Add(com.test.fly.pojo.Data)
12-02 14:01:32.420 [ INFO] [s.w.s.m.m.a.RequestMappingHandlerMapping:549] - Mapped "{[/history],methods=[POST]}" onto public com.test.fly.common.ServerResponse<java.util.List<com.test.fly.pojo.Data>> com.test.fly.controller.UserController.History()
12-02 14:01:32.421 [ INFO] [s.w.s.m.m.a.RequestMappingHandlerMapping:549] - Mapped "{[/locate],methods=[POST]}" onto public com.test.fly.common.ServerResponse<java.util.List<com.test.fly.pojo.Data>> com.test.fly.controller.UserController.getLocate()
12-02 14:01:32.424 [ INFO] [s.w.s.m.m.a.RequestMappingHandlerMapping:549] - Mapped "{[/error]}" onto public org.springframework.http.ResponseEntity<java.util.Map<java.lang.String, java.lang.Object>> org.springframework.boot.autoconfigure.web.servlet.error.BasicErrorController.error(javax.servlet.http.HttpServletRequest)
12-02 14:01:32.424 [ INFO] [s.w.s.m.m.a.RequestMappingHandlerMapping:549] - Mapped "{[/error],produces=[text/html]}" onto public org.springframework.web.servlet.ModelAndView org.springframework.boot.autoconfigure.web.servlet.error.BasicErrorController.errorHtml(javax.servlet.http.HttpServletRequest,javax.servlet.http.HttpServletResponse)
12-02 14:01:32.483 [ INFO] [       o.s.w.s.h.SimpleUrlHandlerMapping:373] - Mapped URL path [/webjars/**] onto handler of type [class org.springframework.web.servlet.resource.ResourceHttpRequestHandler]
12-02 14:01:32.483 [ INFO] [       o.s.w.s.h.SimpleUrlHandlerMapping:373] - Mapped URL path [/**] onto handler of type [class org.springframework.web.servlet.resource.ResourceHttpRequestHandler]
12-02 14:01:32.535 [ INFO] [   o.s.b.a.w.s.WelcomePageHandlerMapping: 56] - Adding welcome page: class path resource [static/index.html]
12-02 14:01:32.722 [ INFO] [       o.s.j.e.a.AnnotationMBeanExporter:433] - Registering beans for JMX exposure on startup
12-02 14:01:32.724 [ INFO] [       o.s.j.e.a.AnnotationMBeanExporter:895] - Bean with name 'dataSource' has been autodetected for JMX exposure
12-02 14:01:32.728 [ INFO] [       o.s.j.e.a.AnnotationMBeanExporter:668] - Located MBean 'dataSource': registering with JMX server as MBean [com.zaxxer.hikari:name=dataSource,type=HikariDataSource]
12-02 14:01:32.761 [ INFO] [               o.a.c.h.Http11NioProtocol:180] - Starting ProtocolHandler ["http-nio-8080"]
12-02 14:01:32.778 [ INFO] [               o.a.t.u.n.NioSelectorPool:180] - Using a shared selector for servlet write/read
12-02 14:01:32.790 [ INFO] [             o.s.b.w.e.t.TomcatWebServer:206] - Tomcat started on port(s): 8080 (http) with context path ''
12-02 14:01:32.792 [ INFO] [                    c.t.f.FlyApplication: 59] - Started FlyApplication in 3.499 seconds (JVM running for 4.219)
12-02 14:01:34.079 [ INFO] [                       o.a.c.c.C.[.[.[/]:180] - Initializing Spring FrameworkServlet 'dispatcherServlet'
12-02 14:01:34.079 [ INFO] [               o.s.w.s.DispatcherServlet:494] - FrameworkServlet 'dispatcherServlet': initialization started
12-02 14:01:34.097 [ INFO] [               o.s.w.s.DispatcherServlet:509] - FrameworkServlet 'dispatcherServlet': initialization completed in 18 ms
12-02 14:01:34.517 [ INFO] [                  c.z.h.HikariDataSource:110] - DatebookHikariCP - Starting...
12-02 14:01:34.752 [ INFO] [                  c.z.h.HikariDataSource:123] - DatebookHikariCP - Start completed.
12-02 14:06:05.921 [ INFO] [                    c.t.f.FlyApplication: 50] - Starting FlyApplication on wxs with PID 16552 (D:\Git\test\fly\target\classes started by Administrator in D:\Git\test\fly)
12-02 14:06:05.922 [ INFO] [                    c.t.f.FlyApplication:680] - No active profile set, falling back to default profiles: default
12-02 14:06:05.953 [ INFO] [ConfigServletWebServerApplicationContext:590] - Refreshing org.springframework.boot.web.servlet.context.AnnotationConfigServletWebServerApplicationContext@7c1e2a9e: startup date [Sun Dec 02 14:06:05 CST 2018]; root of context hierarchy
12-02 14:06:06.930 [ INFO] [             o.s.b.w.e.t.TomcatWebServer: 91] - Tomcat initialized with port(s): 8080 (http)
12-02 14:06:06.941 [ INFO] [               o.a.c.h.Http11NioProtocol:180] - Initializing ProtocolHandler ["http-nio-8080"]
12-02 14:06:06.948 [ INFO] [                 o.a.c.c.StandardService:180] - Starting service [Tomcat]
12-02 14:06:06.948 [ INFO] [                  o.a.c.c.StandardEngine:180] - Starting Servlet Engine: Apache Tomcat/8.5.34
12-02 14:06:06.953 [ INFO] [            o.a.c.c.AprLifecycleListener:180] - Loaded APR based Apache Tomcat Native library [1.2.17] using APR version [1.6.3].
12-02 14:06:06.954 [ INFO] [            o.a.c.c.AprLifecycleListener:180] - APR capabilities: IPv6 [true], sendfile [true], accept filters [false], random [true].
12-02 14:06:06.954 [ INFO] [            o.a.c.c.AprLifecycleListener:180] - APR/OpenSSL configuration: useAprConnector [false], useOpenSSL [true]
12-02 14:06:07.989 [ INFO] [            o.a.c.c.AprLifecycleListener:180] - OpenSSL successfully initialized [OpenSSL 1.0.2o  27 Mar 2018]
12-02 14:06:08.067 [ INFO] [                       o.a.c.c.C.[.[.[/]:180] - Initializing Spring embedded WebApplicationContext
12-02 14:06:08.067 [ INFO] [                   o.s.w.c.ContextLoader:285] - Root WebApplicationContext: initialization completed in 2116 ms
12-02 14:06:08.118 [ INFO] [       o.s.b.w.s.ServletRegistrationBean:187] - Servlet dispatcherServlet mapped to [/]
12-02 14:06:08.121 [ INFO] [        o.s.b.w.s.FilterRegistrationBean:245] - Mapping filter: 'characterEncodingFilter' to: [/*]
12-02 14:06:08.121 [ INFO] [        o.s.b.w.s.FilterRegistrationBean:245] - Mapping filter: 'hiddenHttpMethodFilter' to: [/*]
12-02 14:06:08.121 [ INFO] [        o.s.b.w.s.FilterRegistrationBean:245] - Mapping filter: 'httpPutFormContentFilter' to: [/*]
12-02 14:06:08.121 [ INFO] [        o.s.b.w.s.FilterRegistrationBean:245] - Mapping filter: 'requestContextFilter' to: [/*]
12-02 14:06:08.414 [ INFO] [       o.s.w.s.h.SimpleUrlHandlerMapping:373] - Mapped URL path [/**/favicon.ico] onto handler of type [class org.springframework.web.servlet.resource.ResourceHttpRequestHandler]
12-02 14:06:08.618 [ INFO] [s.w.s.m.m.a.RequestMappingHandlerAdapter:588] - Looking for @ControllerAdvice: org.springframework.boot.web.servlet.context.AnnotationConfigServletWebServerApplicationContext@7c1e2a9e: startup date [Sun Dec 02 14:06:05 CST 2018]; root of context hierarchy
12-02 14:06:08.656 [ INFO] [s.w.s.m.m.a.RequestMappingHandlerMapping:549] - Mapped "{[/test],methods=[POST]}" onto public com.test.fly.common.ServerResponse com.test.fly.controller.TextController.test(javax.servlet.http.HttpServletRequest,javax.servlet.http.HttpServletResponse)
12-02 14:06:08.657 [ INFO] [s.w.s.m.m.a.RequestMappingHandlerMapping:549] - Mapped "{[/history],methods=[POST]}" onto public com.test.fly.common.ServerResponse<java.util.List<com.test.fly.pojo.Data>> com.test.fly.controller.UserController.History()
12-02 14:06:08.657 [ INFO] [s.w.s.m.m.a.RequestMappingHandlerMapping:549] - Mapped "{[/locate],methods=[POST]}" onto public com.test.fly.common.ServerResponse<java.util.List<com.test.fly.pojo.Data>> com.test.fly.controller.UserController.getLocate()
12-02 14:06:08.657 [ INFO] [s.w.s.m.m.a.RequestMappingHandlerMapping:549] - Mapped "{[/add],methods=[POST]}" onto public com.test.fly.common.ServerResponse<java.lang.String> com.test.fly.controller.UserController.Add(com.test.fly.pojo.Data)
12-02 14:06:08.661 [ INFO] [s.w.s.m.m.a.RequestMappingHandlerMapping:549] - Mapped "{[/error]}" onto public org.springframework.http.ResponseEntity<java.util.Map<java.lang.String, java.lang.Object>> org.springframework.boot.autoconfigure.web.servlet.error.BasicErrorController.error(javax.servlet.http.HttpServletRequest)
12-02 14:06:08.661 [ INFO] [s.w.s.m.m.a.RequestMappingHandlerMapping:549] - Mapped "{[/error],produces=[text/html]}" onto public org.springframework.web.servlet.ModelAndView org.springframework.boot.autoconfigure.web.servlet.error.BasicErrorController.errorHtml(javax.servlet.http.HttpServletRequest,javax.servlet.http.HttpServletResponse)
12-02 14:06:08.708 [ INFO] [       o.s.w.s.h.SimpleUrlHandlerMapping:373] - Mapped URL path [/webjars/**] onto handler of type [class org.springframework.web.servlet.resource.ResourceHttpRequestHandler]
12-02 14:06:08.708 [ INFO] [       o.s.w.s.h.SimpleUrlHandlerMapping:373] - Mapped URL path [/**] onto handler of type [class org.springframework.web.servlet.resource.ResourceHttpRequestHandler]
12-02 14:06:08.746 [ INFO] [   o.s.b.a.w.s.WelcomePageHandlerMapping: 56] - Adding welcome page: class path resource [static/index.html]
12-02 14:06:08.915 [ INFO] [       o.s.j.e.a.AnnotationMBeanExporter:433] - Registering beans for JMX exposure on startup
12-02 14:06:08.916 [ INFO] [       o.s.j.e.a.AnnotationMBeanExporter:895] - Bean with name 'dataSource' has been autodetected for JMX exposure
12-02 14:06:08.921 [ INFO] [       o.s.j.e.a.AnnotationMBeanExporter:668] - Located MBean 'dataSource': registering with JMX server as MBean [com.zaxxer.hikari:name=dataSource,type=HikariDataSource]
12-02 14:06:08.955 [ INFO] [               o.a.c.h.Http11NioProtocol:180] - Starting ProtocolHandler ["http-nio-8080"]
12-02 14:06:08.969 [ INFO] [               o.a.t.u.n.NioSelectorPool:180] - Using a shared selector for servlet write/read
12-02 14:06:08.988 [ INFO] [             o.s.b.w.e.t.TomcatWebServer:206] - Tomcat started on port(s): 8080 (http) with context path ''
12-02 14:06:08.993 [ INFO] [                    c.t.f.FlyApplication: 59] - Started FlyApplication in 3.313 seconds (JVM running for 4.482)
12-02 14:06:09.194 [ INFO] [                       o.a.c.c.C.[.[.[/]:180] - Initializing Spring FrameworkServlet 'dispatcherServlet'
12-02 14:06:09.194 [ INFO] [               o.s.w.s.DispatcherServlet:494] - FrameworkServlet 'dispatcherServlet': initialization started
12-02 14:06:09.214 [ INFO] [               o.s.w.s.DispatcherServlet:509] - FrameworkServlet 'dispatcherServlet': initialization completed in 20 ms
12-02 14:06:09.258 [ INFO] [                  c.z.h.HikariDataSource:110] - DatebookHikariCP - Starting...
12-02 14:06:09.510 [ INFO] [                  c.z.h.HikariDataSource:123] - DatebookHikariCP - Start completed.
12-02 14:15:03.427 [ INFO] [                    c.t.f.FlyApplication: 50] - Starting FlyApplication on wxs with PID 19092 (D:\Git\test\fly\target\classes started by Administrator in D:\Git\test\fly)
12-02 14:15:03.428 [ INFO] [                    c.t.f.FlyApplication:680] - No active profile set, falling back to default profiles: default
12-02 14:15:03.459 [ INFO] [ConfigServletWebServerApplicationContext:590] - Refreshing org.springframework.boot.web.servlet.context.AnnotationConfigServletWebServerApplicationContext@2f465398: startup date [Sun Dec 02 14:15:03 CST 2018]; root of context hierarchy
12-02 14:15:04.435 [ INFO] [             o.s.b.w.e.t.TomcatWebServer: 91] - Tomcat initialized with port(s): 8080 (http)
12-02 14:15:04.446 [ INFO] [               o.a.c.h.Http11NioProtocol:180] - Initializing ProtocolHandler ["http-nio-8080"]
12-02 14:15:04.453 [ INFO] [                 o.a.c.c.StandardService:180] - Starting service [Tomcat]
12-02 14:15:04.454 [ INFO] [                  o.a.c.c.StandardEngine:180] - Starting Servlet Engine: Apache Tomcat/8.5.34
12-02 14:15:04.458 [ INFO] [            o.a.c.c.AprLifecycleListener:180] - Loaded APR based Apache Tomcat Native library [1.2.17] using APR version [1.6.3].
12-02 14:15:04.459 [ INFO] [            o.a.c.c.AprLifecycleListener:180] - APR capabilities: IPv6 [true], sendfile [true], accept filters [false], random [true].
12-02 14:15:04.459 [ INFO] [            o.a.c.c.AprLifecycleListener:180] - APR/OpenSSL configuration: useAprConnector [false], useOpenSSL [true]
12-02 14:15:05.492 [ INFO] [            o.a.c.c.AprLifecycleListener:180] - OpenSSL successfully initialized [OpenSSL 1.0.2o  27 Mar 2018]
12-02 14:15:05.567 [ INFO] [                       o.a.c.c.C.[.[.[/]:180] - Initializing Spring embedded WebApplicationContext
12-02 14:15:05.567 [ INFO] [                   o.s.w.c.ContextLoader:285] - Root WebApplicationContext: initialization completed in 2111 ms
12-02 14:15:05.617 [ INFO] [       o.s.b.w.s.ServletRegistrationBean:187] - Servlet dispatcherServlet mapped to [/]
12-02 14:15:05.621 [ INFO] [        o.s.b.w.s.FilterRegistrationBean:245] - Mapping filter: 'characterEncodingFilter' to: [/*]
12-02 14:15:05.621 [ INFO] [        o.s.b.w.s.FilterRegistrationBean:245] - Mapping filter: 'hiddenHttpMethodFilter' to: [/*]
12-02 14:15:05.621 [ INFO] [        o.s.b.w.s.FilterRegistrationBean:245] - Mapping filter: 'httpPutFormContentFilter' to: [/*]
12-02 14:15:05.621 [ INFO] [        o.s.b.w.s.FilterRegistrationBean:245] - Mapping filter: 'requestContextFilter' to: [/*]
12-02 14:15:05.911 [ INFO] [       o.s.w.s.h.SimpleUrlHandlerMapping:373] - Mapped URL path [/**/favicon.ico] onto handler of type [class org.springframework.web.servlet.resource.ResourceHttpRequestHandler]
12-02 14:15:06.142 [ INFO] [s.w.s.m.m.a.RequestMappingHandlerAdapter:588] - Looking for @ControllerAdvice: org.springframework.boot.web.servlet.context.AnnotationConfigServletWebServerApplicationContext@2f465398: startup date [Sun Dec 02 14:15:03 CST 2018]; root of context hierarchy
12-02 14:15:06.180 [ INFO] [s.w.s.m.m.a.RequestMappingHandlerMapping:549] - Mapped "{[/test],methods=[POST]}" onto public com.test.fly.common.ServerResponse com.test.fly.controller.TextController.test(javax.servlet.http.HttpServletRequest,javax.servlet.http.HttpServletResponse)
12-02 14:15:06.181 [ INFO] [s.w.s.m.m.a.RequestMappingHandlerMapping:549] - Mapped "{[/add],methods=[POST]}" onto public com.test.fly.common.ServerResponse<java.lang.String> com.test.fly.controller.UserController.Add(com.test.fly.pojo.Data)
12-02 14:15:06.181 [ INFO] [s.w.s.m.m.a.RequestMappingHandlerMapping:549] - Mapped "{[/history],methods=[POST]}" onto public com.test.fly.common.ServerResponse<java.util.List<com.test.fly.pojo.Data>> com.test.fly.controller.UserController.History()
12-02 14:15:06.181 [ INFO] [s.w.s.m.m.a.RequestMappingHandlerMapping:549] - Mapped "{[/locate],methods=[POST]}" onto public com.test.fly.common.ServerResponse<java.util.List<com.test.fly.pojo.Data>> com.test.fly.controller.UserController.getLocate()
12-02 14:15:06.185 [ INFO] [s.w.s.m.m.a.RequestMappingHandlerMapping:549] - Mapped "{[/error]}" onto public org.springframework.http.ResponseEntity<java.util.Map<java.lang.String, java.lang.Object>> org.springframework.boot.autoconfigure.web.servlet.error.BasicErrorController.error(javax.servlet.http.HttpServletRequest)
12-02 14:15:06.185 [ INFO] [s.w.s.m.m.a.RequestMappingHandlerMapping:549] - Mapped "{[/error],produces=[text/html]}" onto public org.springframework.web.servlet.ModelAndView org.springframework.boot.autoconfigure.web.servlet.error.BasicErrorController.errorHtml(javax.servlet.http.HttpServletRequest,javax.servlet.http.HttpServletResponse)
12-02 14:15:06.221 [ INFO] [       o.s.w.s.h.SimpleUrlHandlerMapping:373] - Mapped URL path [/webjars/**] onto handler of type [class org.springframework.web.servlet.resource.ResourceHttpRequestHandler]
12-02 14:15:06.221 [ INFO] [       o.s.w.s.h.SimpleUrlHandlerMapping:373] - Mapped URL path [/**] onto handler of type [class org.springframework.web.servlet.resource.ResourceHttpRequestHandler]
12-02 14:15:06.271 [ INFO] [   o.s.b.a.w.s.WelcomePageHandlerMapping: 56] - Adding welcome page: class path resource [static/index.html]
12-02 14:15:06.453 [ INFO] [       o.s.j.e.a.AnnotationMBeanExporter:433] - Registering beans for JMX exposure on startup
12-02 14:15:06.455 [ INFO] [       o.s.j.e.a.AnnotationMBeanExporter:895] - Bean with name 'dataSource' has been autodetected for JMX exposure
12-02 14:15:06.458 [ INFO] [       o.s.j.e.a.AnnotationMBeanExporter:668] - Located MBean 'dataSource': registering with JMX server as MBean [com.zaxxer.hikari:name=dataSource,type=HikariDataSource]
12-02 14:15:06.485 [ INFO] [               o.a.c.h.Http11NioProtocol:180] - Starting ProtocolHandler ["http-nio-8080"]
12-02 14:15:06.491 [ INFO] [               o.a.t.u.n.NioSelectorPool:180] - Using a shared selector for servlet write/read
12-02 14:15:06.501 [ INFO] [             o.s.b.w.e.t.TomcatWebServer:206] - Tomcat started on port(s): 8080 (http) with context path ''
12-02 14:15:06.503 [ INFO] [                    c.t.f.FlyApplication: 59] - Started FlyApplication in 3.301 seconds (JVM running for 3.917)
12-02 14:15:06.710 [ INFO] [                       o.a.c.c.C.[.[.[/]:180] - Initializing Spring FrameworkServlet 'dispatcherServlet'
12-02 14:15:06.710 [ INFO] [               o.s.w.s.DispatcherServlet:494] - FrameworkServlet 'dispatcherServlet': initialization started
12-02 14:15:06.725 [ INFO] [               o.s.w.s.DispatcherServlet:509] - FrameworkServlet 'dispatcherServlet': initialization completed in 15 ms
12-02 14:15:06.792 [ INFO] [                  c.z.h.HikariDataSource:110] - DatebookHikariCP - Starting...
12-02 14:15:07.057 [ INFO] [                  c.z.h.HikariDataSource:123] - DatebookHikariCP - Start completed.
12-02 14:17:40.880 [ INFO] [                    c.t.f.FlyApplication: 50] - Starting FlyApplication on wxs with PID 22360 (D:\Git\test\fly\target\classes started by Administrator in D:\Git\test\fly)
12-02 14:17:40.881 [ INFO] [                    c.t.f.FlyApplication:680] - No active profile set, falling back to default profiles: default
12-02 14:17:40.911 [ INFO] [ConfigServletWebServerApplicationContext:590] - Refreshing org.springframework.boot.web.servlet.context.AnnotationConfigServletWebServerApplicationContext@6e509ffa: startup date [Sun Dec 02 14:17:40 CST 2018]; root of context hierarchy
12-02 14:17:41.981 [ INFO] [             o.s.b.w.e.t.TomcatWebServer: 91] - Tomcat initialized with port(s): 8080 (http)
12-02 14:17:41.990 [ INFO] [               o.a.c.h.Http11NioProtocol:180] - Initializing ProtocolHandler ["http-nio-8080"]
12-02 14:17:42.008 [ INFO] [                 o.a.c.c.StandardService:180] - Starting service [Tomcat]
12-02 14:17:42.009 [ INFO] [                  o.a.c.c.StandardEngine:180] - Starting Servlet Engine: Apache Tomcat/8.5.34
12-02 14:17:42.014 [ INFO] [            o.a.c.c.AprLifecycleListener:180] - Loaded APR based Apache Tomcat Native library [1.2.17] using APR version [1.6.3].
12-02 14:17:42.014 [ INFO] [            o.a.c.c.AprLifecycleListener:180] - APR capabilities: IPv6 [true], sendfile [true], accept filters [false], random [true].
12-02 14:17:42.014 [ INFO] [            o.a.c.c.AprLifecycleListener:180] - APR/OpenSSL configuration: useAprConnector [false], useOpenSSL [true]
12-02 14:17:43.062 [ INFO] [            o.a.c.c.AprLifecycleListener:180] - OpenSSL successfully initialized [OpenSSL 1.0.2o  27 Mar 2018]
12-02 14:17:43.143 [ INFO] [                       o.a.c.c.C.[.[.[/]:180] - Initializing Spring embedded WebApplicationContext
12-02 14:17:43.143 [ INFO] [                   o.s.w.c.ContextLoader:285] - Root WebApplicationContext: initialization completed in 2234 ms
12-02 14:17:43.195 [ INFO] [       o.s.b.w.s.ServletRegistrationBean:187] - Servlet dispatcherServlet mapped to [/]
12-02 14:17:43.198 [ INFO] [        o.s.b.w.s.FilterRegistrationBean:245] - Mapping filter: 'characterEncodingFilter' to: [/*]
12-02 14:17:43.198 [ INFO] [        o.s.b.w.s.FilterRegistrationBean:245] - Mapping filter: 'hiddenHttpMethodFilter' to: [/*]
12-02 14:17:43.198 [ INFO] [        o.s.b.w.s.FilterRegistrationBean:245] - Mapping filter: 'httpPutFormContentFilter' to: [/*]
12-02 14:17:43.198 [ INFO] [        o.s.b.w.s.FilterRegistrationBean:245] - Mapping filter: 'requestContextFilter' to: [/*]
12-02 14:17:43.501 [ INFO] [       o.s.w.s.h.SimpleUrlHandlerMapping:373] - Mapped URL path [/**/favicon.ico] onto handler of type [class org.springframework.web.servlet.resource.ResourceHttpRequestHandler]
12-02 14:17:43.725 [ INFO] [s.w.s.m.m.a.RequestMappingHandlerAdapter:588] - Looking for @ControllerAdvice: org.springframework.boot.web.servlet.context.AnnotationConfigServletWebServerApplicationContext@6e509ffa: startup date [Sun Dec 02 14:17:40 CST 2018]; root of context hierarchy
12-02 14:17:43.764 [ INFO] [s.w.s.m.m.a.RequestMappingHandlerMapping:549] - Mapped "{[/test],methods=[POST]}" onto public com.test.fly.common.ServerResponse com.test.fly.controller.TextController.test(javax.servlet.http.HttpServletRequest,javax.servlet.http.HttpServletResponse)
12-02 14:17:43.765 [ INFO] [s.w.s.m.m.a.RequestMappingHandlerMapping:549] - Mapped "{[/add],methods=[POST]}" onto public com.test.fly.common.ServerResponse<java.lang.String> com.test.fly.controller.UserController.Add(com.test.fly.pojo.Data)
12-02 14:17:43.765 [ INFO] [s.w.s.m.m.a.RequestMappingHandlerMapping:549] - Mapped "{[/history],methods=[POST]}" onto public com.test.fly.common.ServerResponse<java.util.List<com.test.fly.pojo.Data>> com.test.fly.controller.UserController.History()
12-02 14:17:43.765 [ INFO] [s.w.s.m.m.a.RequestMappingHandlerMapping:549] - Mapped "{[/locate],methods=[POST]}" onto public com.test.fly.common.ServerResponse<java.util.List<com.test.fly.pojo.Data>> com.test.fly.controller.UserController.getLocate()
12-02 14:17:43.769 [ INFO] [s.w.s.m.m.a.RequestMappingHandlerMapping:549] - Mapped "{[/error]}" onto public org.springframework.http.ResponseEntity<java.util.Map<java.lang.String, java.lang.Object>> org.springframework.boot.autoconfigure.web.servlet.error.BasicErrorController.error(javax.servlet.http.HttpServletRequest)
12-02 14:17:43.769 [ INFO] [s.w.s.m.m.a.RequestMappingHandlerMapping:549] - Mapped "{[/error],produces=[text/html]}" onto public org.springframework.web.servlet.ModelAndView org.springframework.boot.autoconfigure.web.servlet.error.BasicErrorController.errorHtml(javax.servlet.http.HttpServletRequest,javax.servlet.http.HttpServletResponse)
12-02 14:17:43.804 [ INFO] [       o.s.w.s.h.SimpleUrlHandlerMapping:373] - Mapped URL path [/webjars/**] onto handler of type [class org.springframework.web.servlet.resource.ResourceHttpRequestHandler]
12-02 14:17:43.804 [ INFO] [       o.s.w.s.h.SimpleUrlHandlerMapping:373] - Mapped URL path [/**] onto handler of type [class org.springframework.web.servlet.resource.ResourceHttpRequestHandler]
12-02 14:17:43.839 [ INFO] [   o.s.b.a.w.s.WelcomePageHandlerMapping: 56] - Adding welcome page: class path resource [static/index.html]
12-02 14:17:43.997 [ INFO] [       o.s.j.e.a.AnnotationMBeanExporter:433] - Registering beans for JMX exposure on startup
12-02 14:17:43.998 [ INFO] [       o.s.j.e.a.AnnotationMBeanExporter:895] - Bean with name 'dataSource' has been autodetected for JMX exposure
12-02 14:17:44.003 [ INFO] [       o.s.j.e.a.AnnotationMBeanExporter:668] - Located MBean 'dataSource': registering with JMX server as MBean [com.zaxxer.hikari:name=dataSource,type=HikariDataSource]
12-02 14:17:44.039 [ INFO] [               o.a.c.h.Http11NioProtocol:180] - Starting ProtocolHandler ["http-nio-8080"]
12-02 14:17:44.056 [ INFO] [               o.a.t.u.n.NioSelectorPool:180] - Using a shared selector for servlet write/read
12-02 14:17:44.069 [ INFO] [             o.s.b.w.e.t.TomcatWebServer:206] - Tomcat started on port(s): 8080 (http) with context path ''
12-02 14:17:44.071 [ INFO] [                    c.t.f.FlyApplication: 59] - Started FlyApplication in 3.42 seconds (JVM running for 4.401)
12-02 14:17:44.383 [ INFO] [                       o.a.c.c.C.[.[.[/]:180] - Initializing Spring FrameworkServlet 'dispatcherServlet'
12-02 14:17:44.383 [ INFO] [               o.s.w.s.DispatcherServlet:494] - FrameworkServlet 'dispatcherServlet': initialization started
12-02 14:17:44.403 [ INFO] [               o.s.w.s.DispatcherServlet:509] - FrameworkServlet 'dispatcherServlet': initialization completed in 20 ms
12-02 14:17:44.446 [ INFO] [                  c.z.h.HikariDataSource:110] - DatebookHikariCP - Starting...
12-02 14:17:44.710 [ INFO] [                  c.z.h.HikariDataSource:123] - DatebookHikariCP - Start completed.
12-02 14:32:55.280 [ INFO] [                    c.t.f.FlyApplication: 50] - Starting FlyApplication on wxs with PID 14620 (D:\Git\test\fly\target\classes started by Administrator in D:\Git\test\fly)
12-02 14:32:55.281 [ INFO] [                    c.t.f.FlyApplication:680] - No active profile set, falling back to default profiles: default
12-02 14:32:55.315 [ INFO] [ConfigServletWebServerApplicationContext:590] - Refreshing org.springframework.boot.web.servlet.context.AnnotationConfigServletWebServerApplicationContext@610f7aa: startup date [Sun Dec 02 14:32:55 CST 2018]; root of context hierarchy
12-02 14:32:56.353 [ INFO] [             o.s.b.w.e.t.TomcatWebServer: 91] - Tomcat initialized with port(s): 8080 (http)
12-02 14:32:56.363 [ INFO] [               o.a.c.h.Http11NioProtocol:180] - Initializing ProtocolHandler ["http-nio-8080"]
12-02 14:32:56.370 [ INFO] [                 o.a.c.c.StandardService:180] - Starting service [Tomcat]
12-02 14:32:56.370 [ INFO] [                  o.a.c.c.StandardEngine:180] - Starting Servlet Engine: Apache Tomcat/8.5.34
12-02 14:32:56.374 [ INFO] [            o.a.c.c.AprLifecycleListener:180] - Loaded APR based Apache Tomcat Native library [1.2.17] using APR version [1.6.3].
12-02 14:32:56.375 [ INFO] [            o.a.c.c.AprLifecycleListener:180] - APR capabilities: IPv6 [true], sendfile [true], accept filters [false], random [true].
12-02 14:32:56.375 [ INFO] [            o.a.c.c.AprLifecycleListener:180] - APR/OpenSSL configuration: useAprConnector [false], useOpenSSL [true]
12-02 14:32:57.413 [ INFO] [            o.a.c.c.AprLifecycleListener:180] - OpenSSL successfully initialized [OpenSSL 1.0.2o  27 Mar 2018]
12-02 14:32:57.532 [ INFO] [                       o.a.c.c.C.[.[.[/]:180] - Initializing Spring embedded WebApplicationContext
12-02 14:32:57.533 [ INFO] [                   o.s.w.c.ContextLoader:285] - Root WebApplicationContext: initialization completed in 2221 ms
12-02 14:32:57.600 [ INFO] [       o.s.b.w.s.ServletRegistrationBean:187] - Servlet dispatcherServlet mapped to [/]
12-02 14:32:57.603 [ INFO] [        o.s.b.w.s.FilterRegistrationBean:245] - Mapping filter: 'characterEncodingFilter' to: [/*]
12-02 14:32:57.603 [ INFO] [        o.s.b.w.s.FilterRegistrationBean:245] - Mapping filter: 'hiddenHttpMethodFilter' to: [/*]
12-02 14:32:57.603 [ INFO] [        o.s.b.w.s.FilterRegistrationBean:245] - Mapping filter: 'httpPutFormContentFilter' to: [/*]
12-02 14:32:57.603 [ INFO] [        o.s.b.w.s.FilterRegistrationBean:245] - Mapping filter: 'requestContextFilter' to: [/*]
12-02 14:32:57.938 [ INFO] [       o.s.w.s.h.SimpleUrlHandlerMapping:373] - Mapped URL path [/**/favicon.ico] onto handler of type [class org.springframework.web.servlet.resource.ResourceHttpRequestHandler]
12-02 14:32:58.147 [ INFO] [s.w.s.m.m.a.RequestMappingHandlerAdapter:588] - Looking for @ControllerAdvice: org.springframework.boot.web.servlet.context.AnnotationConfigServletWebServerApplicationContext@610f7aa: startup date [Sun Dec 02 14:32:55 CST 2018]; root of context hierarchy
12-02 14:32:58.185 [ INFO] [s.w.s.m.m.a.RequestMappingHandlerMapping:549] - Mapped "{[/test],methods=[POST]}" onto public com.test.fly.common.ServerResponse com.test.fly.controller.TextController.test(javax.servlet.http.HttpServletRequest,javax.servlet.http.HttpServletResponse)
12-02 14:32:58.186 [ INFO] [s.w.s.m.m.a.RequestMappingHandlerMapping:549] - Mapped "{[/add],methods=[POST]}" onto public com.test.fly.common.ServerResponse<java.lang.String> com.test.fly.controller.UserController.Add(com.test.fly.pojo.Data)
12-02 14:32:58.186 [ INFO] [s.w.s.m.m.a.RequestMappingHandlerMapping:549] - Mapped "{[/locate],methods=[POST]}" onto public com.test.fly.common.ServerResponse<java.util.List<com.test.fly.pojo.Data>> com.test.fly.controller.UserController.getLocate()
12-02 14:32:58.186 [ INFO] [s.w.s.m.m.a.RequestMappingHandlerMapping:549] - Mapped "{[/history],methods=[POST]}" onto public com.test.fly.common.ServerResponse<java.util.List<com.test.fly.pojo.Data>> com.test.fly.controller.UserController.History()
12-02 14:32:58.190 [ INFO] [s.w.s.m.m.a.RequestMappingHandlerMapping:549] - Mapped "{[/error]}" onto public org.springframework.http.ResponseEntity<java.util.Map<java.lang.String, java.lang.Object>> org.springframework.boot.autoconfigure.web.servlet.error.BasicErrorController.error(javax.servlet.http.HttpServletRequest)
12-02 14:32:58.190 [ INFO] [s.w.s.m.m.a.RequestMappingHandlerMapping:549] - Mapped "{[/error],produces=[text/html]}" onto public org.springframework.web.servlet.ModelAndView org.springframework.boot.autoconfigure.web.servlet.error.BasicErrorController.errorHtml(javax.servlet.http.HttpServletRequest,javax.servlet.http.HttpServletResponse)
12-02 14:32:58.224 [ INFO] [       o.s.w.s.h.SimpleUrlHandlerMapping:373] - Mapped URL path [/webjars/**] onto handler of type [class org.springframework.web.servlet.resource.ResourceHttpRequestHandler]
12-02 14:32:58.224 [ INFO] [       o.s.w.s.h.SimpleUrlHandlerMapping:373] - Mapped URL path [/**] onto handler of type [class org.springframework.web.servlet.resource.ResourceHttpRequestHandler]
12-02 14:32:58.257 [ INFO] [   o.s.b.a.w.s.WelcomePageHandlerMapping: 56] - Adding welcome page: class path resource [static/index.html]
12-02 14:32:58.466 [ INFO] [       o.s.j.e.a.AnnotationMBeanExporter:433] - Registering beans for JMX exposure on startup
12-02 14:32:58.468 [ INFO] [       o.s.j.e.a.AnnotationMBeanExporter:895] - Bean with name 'dataSource' has been autodetected for JMX exposure
12-02 14:32:58.472 [ INFO] [       o.s.j.e.a.AnnotationMBeanExporter:668] - Located MBean 'dataSource': registering with JMX server as MBean [com.zaxxer.hikari:name=dataSource,type=HikariDataSource]
12-02 14:32:58.499 [ INFO] [               o.a.c.h.Http11NioProtocol:180] - Starting ProtocolHandler ["http-nio-8080"]
12-02 14:32:58.506 [ INFO] [               o.a.t.u.n.NioSelectorPool:180] - Using a shared selector for servlet write/read
12-02 14:32:58.518 [ INFO] [             o.s.b.w.e.t.TomcatWebServer:206] - Tomcat started on port(s): 8080 (http) with context path ''
12-02 14:32:58.521 [ INFO] [                    c.t.f.FlyApplication: 59] - Started FlyApplication in 3.494 seconds (JVM running for 4.149)
12-02 14:32:58.571 [ INFO] [                       o.a.c.c.C.[.[.[/]:180] - Initializing Spring FrameworkServlet 'dispatcherServlet'
12-02 14:32:58.571 [ INFO] [               o.s.w.s.DispatcherServlet:494] - FrameworkServlet 'dispatcherServlet': initialization started
12-02 14:32:58.587 [ INFO] [               o.s.w.s.DispatcherServlet:509] - FrameworkServlet 'dispatcherServlet': initialization completed in 16 ms
12-02 14:32:58.640 [ INFO] [                  c.z.h.HikariDataSource:110] - DatebookHikariCP - Starting...
12-02 14:32:58.868 [ INFO] [                  c.z.h.HikariDataSource:123] - DatebookHikariCP - Start completed.
12-02 14:33:26.728 [ INFO] [       o.s.b.f.x.XmlBeanDefinitionReader:317] - Loading XML bean definitions from class path resource [org/springframework/jdbc/support/sql-error-codes.xml]
12-02 14:55:01.819 [ INFO] [                    c.t.f.FlyApplication: 50] - Starting FlyApplication on wxs with PID 18508 (D:\Git\test\fly\target\classes started by Administrator in D:\Git\test\fly)
12-02 14:55:01.820 [ INFO] [                    c.t.f.FlyApplication:680] - No active profile set, falling back to default profiles: default
12-02 14:55:01.849 [ INFO] [ConfigServletWebServerApplicationContext:590] - Refreshing org.springframework.boot.web.servlet.context.AnnotationConfigServletWebServerApplicationContext@6ff29830: startup date [Sun Dec 02 14:55:01 CST 2018]; root of context hierarchy
12-02 14:55:02.777 [ INFO] [             o.s.b.w.e.t.TomcatWebServer: 91] - Tomcat initialized with port(s): 8080 (http)
12-02 14:55:02.786 [ INFO] [               o.a.c.h.Http11NioProtocol:180] - Initializing ProtocolHandler ["http-nio-8080"]
12-02 14:55:02.794 [ INFO] [                 o.a.c.c.StandardService:180] - Starting service [Tomcat]
12-02 14:55:02.794 [ INFO] [                  o.a.c.c.StandardEngine:180] - Starting Servlet Engine: Apache Tomcat/8.5.34
12-02 14:55:02.797 [ INFO] [            o.a.c.c.AprLifecycleListener:180] - Loaded APR based Apache Tomcat Native library [1.2.17] using APR version [1.6.3].
12-02 14:55:02.797 [ INFO] [            o.a.c.c.AprLifecycleListener:180] - APR capabilities: IPv6 [true], sendfile [true], accept filters [false], random [true].
12-02 14:55:02.797 [ INFO] [            o.a.c.c.AprLifecycleListener:180] - APR/OpenSSL configuration: useAprConnector [false], useOpenSSL [true]
12-02 14:55:03.831 [ INFO] [            o.a.c.c.AprLifecycleListener:180] - OpenSSL successfully initialized [OpenSSL 1.0.2o  27 Mar 2018]
12-02 14:55:03.907 [ INFO] [                       o.a.c.c.C.[.[.[/]:180] - Initializing Spring embedded WebApplicationContext
12-02 14:55:03.907 [ INFO] [                   o.s.w.c.ContextLoader:285] - Root WebApplicationContext: initialization completed in 2061 ms
12-02 14:55:03.953 [ INFO] [       o.s.b.w.s.ServletRegistrationBean:187] - Servlet dispatcherServlet mapped to [/]
12-02 14:55:03.956 [ INFO] [        o.s.b.w.s.FilterRegistrationBean:245] - Mapping filter: 'characterEncodingFilter' to: [/*]
12-02 14:55:03.956 [ INFO] [        o.s.b.w.s.FilterRegistrationBean:245] - Mapping filter: 'hiddenHttpMethodFilter' to: [/*]
12-02 14:55:03.956 [ INFO] [        o.s.b.w.s.FilterRegistrationBean:245] - Mapping filter: 'httpPutFormContentFilter' to: [/*]
12-02 14:55:03.956 [ INFO] [        o.s.b.w.s.FilterRegistrationBean:245] - Mapping filter: 'requestContextFilter' to: [/*]
12-02 14:55:04.250 [ INFO] [       o.s.w.s.h.SimpleUrlHandlerMapping:373] - Mapped URL path [/**/favicon.ico] onto handler of type [class org.springframework.web.servlet.resource.ResourceHttpRequestHandler]
12-02 14:55:04.459 [ INFO] [s.w.s.m.m.a.RequestMappingHandlerAdapter:588] - Looking for @ControllerAdvice: org.springframework.boot.web.servlet.context.AnnotationConfigServletWebServerApplicationContext@6ff29830: startup date [Sun Dec 02 14:55:01 CST 2018]; root of context hierarchy
12-02 14:55:04.496 [ INFO] [s.w.s.m.m.a.RequestMappingHandlerMapping:549] - Mapped "{[/test],methods=[POST]}" onto public com.test.fly.common.ServerResponse com.test.fly.controller.TextController.test(javax.servlet.http.HttpServletRequest,javax.servlet.http.HttpServletResponse)
12-02 14:55:04.497 [ INFO] [s.w.s.m.m.a.RequestMappingHandlerMapping:549] - Mapped "{[/add],methods=[POST]}" onto public com.test.fly.common.ServerResponse<java.lang.String> com.test.fly.controller.UserController.Add(com.test.fly.pojo.Data)
12-02 14:55:04.497 [ INFO] [s.w.s.m.m.a.RequestMappingHandlerMapping:549] - Mapped "{[/locate],methods=[POST]}" onto public com.test.fly.common.ServerResponse<java.util.List<com.test.fly.pojo.Data>> com.test.fly.controller.UserController.getLocate()
12-02 14:55:04.497 [ INFO] [s.w.s.m.m.a.RequestMappingHandlerMapping:549] - Mapped "{[/history],methods=[POST]}" onto public com.test.fly.common.ServerResponse<java.util.List<com.test.fly.pojo.Data>> com.test.fly.controller.UserController.History()
12-02 14:55:04.501 [ INFO] [s.w.s.m.m.a.RequestMappingHandlerMapping:549] - Mapped "{[/error]}" onto public org.springframework.http.ResponseEntity<java.util.Map<java.lang.String, java.lang.Object>> org.springframework.boot.autoconfigure.web.servlet.error.BasicErrorController.error(javax.servlet.http.HttpServletRequest)
12-02 14:55:04.502 [ INFO] [s.w.s.m.m.a.RequestMappingHandlerMapping:549] - Mapped "{[/error],produces=[text/html]}" onto public org.springframework.web.servlet.ModelAndView org.springframework.boot.autoconfigure.web.servlet.error.BasicErrorController.errorHtml(javax.servlet.http.HttpServletRequest,javax.servlet.http.HttpServletResponse)
12-02 14:55:04.538 [ INFO] [       o.s.w.s.h.SimpleUrlHandlerMapping:373] - Mapped URL path [/webjars/**] onto handler of type [class org.springframework.web.servlet.resource.ResourceHttpRequestHandler]
12-02 14:55:04.538 [ INFO] [       o.s.w.s.h.SimpleUrlHandlerMapping:373] - Mapped URL path [/**] onto handler of type [class org.springframework.web.servlet.resource.ResourceHttpRequestHandler]
12-02 14:55:04.570 [ INFO] [   o.s.b.a.w.s.WelcomePageHandlerMapping: 56] - Adding welcome page: class path resource [static/index.html]
12-02 14:55:04.721 [ INFO] [       o.s.j.e.a.AnnotationMBeanExporter:433] - Registering beans for JMX exposure on startup
12-02 14:55:04.722 [ INFO] [       o.s.j.e.a.AnnotationMBeanExporter:895] - Bean with name 'dataSource' has been autodetected for JMX exposure
12-02 14:55:04.726 [ INFO] [       o.s.j.e.a.AnnotationMBeanExporter:668] - Located MBean 'dataSource': registering with JMX server as MBean [com.zaxxer.hikari:name=dataSource,type=HikariDataSource]
12-02 14:55:04.747 [ INFO] [               o.a.c.h.Http11NioProtocol:180] - Starting ProtocolHandler ["http-nio-8080"]
12-02 14:55:04.754 [ INFO] [               o.a.t.u.n.NioSelectorPool:180] - Using a shared selector for servlet write/read
12-02 14:55:04.766 [ INFO] [             o.s.b.w.e.t.TomcatWebServer:206] - Tomcat started on port(s): 8080 (http) with context path ''
12-02 14:55:04.768 [ INFO] [                    c.t.f.FlyApplication: 59] - Started FlyApplication in 3.201 seconds (JVM running for 3.842)
12-02 14:55:05.002 [ INFO] [                       o.a.c.c.C.[.[.[/]:180] - Initializing Spring FrameworkServlet 'dispatcherServlet'
12-02 14:55:05.002 [ INFO] [               o.s.w.s.DispatcherServlet:494] - FrameworkServlet 'dispatcherServlet': initialization started
12-02 14:55:05.022 [ INFO] [               o.s.w.s.DispatcherServlet:509] - FrameworkServlet 'dispatcherServlet': initialization completed in 20 ms
12-02 14:55:05.076 [ INFO] [                  c.z.h.HikariDataSource:110] - DatebookHikariCP - Starting...
12-02 14:55:05.282 [ INFO] [                  c.z.h.HikariDataSource:123] - DatebookHikariCP - Start completed.
12-02 15:16:06.944 [ INFO] [                    c.t.f.FlyApplication: 50] - Starting FlyApplication on wxs with PID 7200 (D:\Git\test\fly\target\classes started by Administrator in D:\Git\test\fly)
12-02 15:16:06.945 [ INFO] [                    c.t.f.FlyApplication:680] - No active profile set, falling back to default profiles: default
12-02 15:16:06.975 [ INFO] [ConfigServletWebServerApplicationContext:590] - Refreshing org.springframework.boot.web.servlet.context.AnnotationConfigServletWebServerApplicationContext@2638011: startup date [Sun Dec 02 15:16:06 CST 2018]; root of context hierarchy
12-02 15:16:08.019 [ INFO] [             o.s.b.w.e.t.TomcatWebServer: 91] - Tomcat initialized with port(s): 8080 (http)
12-02 15:16:08.029 [ INFO] [               o.a.c.h.Http11NioProtocol:180] - Initializing ProtocolHandler ["http-nio-8080"]
12-02 15:16:08.036 [ INFO] [                 o.a.c.c.StandardService:180] - Starting service [Tomcat]
12-02 15:16:08.036 [ INFO] [                  o.a.c.c.StandardEngine:180] - Starting Servlet Engine: Apache Tomcat/8.5.34
12-02 15:16:08.041 [ INFO] [            o.a.c.c.AprLifecycleListener:180] - Loaded APR based Apache Tomcat Native library [1.2.17] using APR version [1.6.3].
12-02 15:16:08.042 [ INFO] [            o.a.c.c.AprLifecycleListener:180] - APR capabilities: IPv6 [true], sendfile [true], accept filters [false], random [true].
12-02 15:16:08.042 [ INFO] [            o.a.c.c.AprLifecycleListener:180] - APR/OpenSSL configuration: useAprConnector [false], useOpenSSL [true]
12-02 15:16:09.085 [ INFO] [            o.a.c.c.AprLifecycleListener:180] - OpenSSL successfully initialized [OpenSSL 1.0.2o  27 Mar 2018]
12-02 15:16:09.164 [ INFO] [                       o.a.c.c.C.[.[.[/]:180] - Initializing Spring embedded WebApplicationContext
12-02 15:16:09.165 [ INFO] [                   o.s.w.c.ContextLoader:285] - Root WebApplicationContext: initialization completed in 2193 ms
12-02 15:16:09.213 [ INFO] [       o.s.b.w.s.ServletRegistrationBean:187] - Servlet dispatcherServlet mapped to [/]
12-02 15:16:09.216 [ INFO] [        o.s.b.w.s.FilterRegistrationBean:245] - Mapping filter: 'characterEncodingFilter' to: [/*]
12-02 15:16:09.217 [ INFO] [        o.s.b.w.s.FilterRegistrationBean:245] - Mapping filter: 'hiddenHttpMethodFilter' to: [/*]
12-02 15:16:09.217 [ INFO] [        o.s.b.w.s.FilterRegistrationBean:245] - Mapping filter: 'httpPutFormContentFilter' to: [/*]
12-02 15:16:09.217 [ INFO] [        o.s.b.w.s.FilterRegistrationBean:245] - Mapping filter: 'requestContextFilter' to: [/*]
12-02 15:16:09.501 [ INFO] [       o.s.w.s.h.SimpleUrlHandlerMapping:373] - Mapped URL path [/**/favicon.ico] onto handler of type [class org.springframework.web.servlet.resource.ResourceHttpRequestHandler]
12-02 15:16:09.713 [ INFO] [s.w.s.m.m.a.RequestMappingHandlerAdapter:588] - Looking for @ControllerAdvice: org.springframework.boot.web.servlet.context.AnnotationConfigServletWebServerApplicationContext@2638011: startup date [Sun Dec 02 15:16:06 CST 2018]; root of context hierarchy
12-02 15:16:09.750 [ INFO] [s.w.s.m.m.a.RequestMappingHandlerMapping:549] - Mapped "{[/test],methods=[POST]}" onto public com.test.fly.common.ServerResponse com.test.fly.controller.TextController.test(javax.servlet.http.HttpServletRequest,javax.servlet.http.HttpServletResponse)
12-02 15:16:09.751 [ INFO] [s.w.s.m.m.a.RequestMappingHandlerMapping:549] - Mapped "{[/add],methods=[POST]}" onto public com.test.fly.common.ServerResponse<java.lang.String> com.test.fly.controller.UserController.Add(com.test.fly.pojo.Data)
12-02 15:16:09.752 [ INFO] [s.w.s.m.m.a.RequestMappingHandlerMapping:549] - Mapped "{[/history],methods=[POST]}" onto public com.test.fly.common.ServerResponse<java.util.List<com.test.fly.pojo.Data>> com.test.fly.controller.UserController.History()
12-02 15:16:09.752 [ INFO] [s.w.s.m.m.a.RequestMappingHandlerMapping:549] - Mapped "{[/locate],methods=[POST]}" onto public com.test.fly.common.ServerResponse<java.util.List<com.test.fly.pojo.Data>> com.test.fly.controller.UserController.getLocate()
12-02 15:16:09.756 [ INFO] [s.w.s.m.m.a.RequestMappingHandlerMapping:549] - Mapped "{[/error]}" onto public org.springframework.http.ResponseEntity<java.util.Map<java.lang.String, java.lang.Object>> org.springframework.boot.autoconfigure.web.servlet.error.BasicErrorController.error(javax.servlet.http.HttpServletRequest)
12-02 15:16:09.756 [ INFO] [s.w.s.m.m.a.RequestMappingHandlerMapping:549] - Mapped "{[/error],produces=[text/html]}" onto public org.springframework.web.servlet.ModelAndView org.springframework.boot.autoconfigure.web.servlet.error.BasicErrorController.errorHtml(javax.servlet.http.HttpServletRequest,javax.servlet.http.HttpServletResponse)
12-02 15:16:09.790 [ INFO] [       o.s.w.s.h.SimpleUrlHandlerMapping:373] - Mapped URL path [/webjars/**] onto handler of type [class org.springframework.web.servlet.resource.ResourceHttpRequestHandler]
12-02 15:16:09.790 [ INFO] [       o.s.w.s.h.SimpleUrlHandlerMapping:373] - Mapped URL path [/**] onto handler of type [class org.springframework.web.servlet.resource.ResourceHttpRequestHandler]
12-02 15:16:09.826 [ INFO] [   o.s.b.a.w.s.WelcomePageHandlerMapping: 56] - Adding welcome page: class path resource [static/index.html]
12-02 15:16:10.014 [ INFO] [       o.s.j.e.a.AnnotationMBeanExporter:433] - Registering beans for JMX exposure on startup
12-02 15:16:10.015 [ INFO] [       o.s.j.e.a.AnnotationMBeanExporter:895] - Bean with name 'dataSource' has been autodetected for JMX exposure
12-02 15:16:10.020 [ INFO] [       o.s.j.e.a.AnnotationMBeanExporter:668] - Located MBean 'dataSource': registering with JMX server as MBean [com.zaxxer.hikari:name=dataSource,type=HikariDataSource]
12-02 15:16:10.052 [ INFO] [               o.a.c.h.Http11NioProtocol:180] - Starting ProtocolHandler ["http-nio-8080"]
12-02 15:16:10.059 [ INFO] [               o.a.t.u.n.NioSelectorPool:180] - Using a shared selector for servlet write/read
12-02 15:16:10.069 [ INFO] [             o.s.b.w.e.t.TomcatWebServer:206] - Tomcat started on port(s): 8080 (http) with context path ''
12-02 15:16:10.071 [ INFO] [                    c.t.f.FlyApplication: 59] - Started FlyApplication in 3.357 seconds (JVM running for 3.971)
12-02 15:16:10.270 [ INFO] [                       o.a.c.c.C.[.[.[/]:180] - Initializing Spring FrameworkServlet 'dispatcherServlet'
12-02 15:16:10.270 [ INFO] [               o.s.w.s.DispatcherServlet:494] - FrameworkServlet 'dispatcherServlet': initialization started
12-02 15:16:10.286 [ INFO] [               o.s.w.s.DispatcherServlet:509] - FrameworkServlet 'dispatcherServlet': initialization completed in 16 ms
12-02 15:16:10.352 [ INFO] [                  c.z.h.HikariDataSource:110] - DatebookHikariCP - Starting...
12-02 15:16:10.579 [ INFO] [                  c.z.h.HikariDataSource:123] - DatebookHikariCP - Start completed.
12-02 15:34:24.119 [ INFO] [                    c.t.f.FlyApplication: 50] - Starting FlyApplication on wxs with PID 21724 (D:\Git\test\fly\target\classes started by Administrator in D:\Git\test\fly)
12-02 15:34:24.122 [ INFO] [                    c.t.f.FlyApplication:680] - No active profile set, falling back to default profiles: default
12-02 15:34:24.171 [ INFO] [ConfigServletWebServerApplicationContext:590] - Refreshing org.springframework.boot.web.servlet.context.AnnotationConfigServletWebServerApplicationContext@68267da0: startup date [Sun Dec 02 15:34:24 CST 2018]; root of context hierarchy
12-02 15:34:25.291 [ INFO] [             o.s.b.w.e.t.TomcatWebServer: 91] - Tomcat initialized with port(s): 8080 (http)
12-02 15:34:25.303 [ INFO] [               o.a.c.h.Http11NioProtocol:180] - Initializing ProtocolHandler ["http-nio-8080"]
12-02 15:34:25.311 [ INFO] [                 o.a.c.c.StandardService:180] - Starting service [Tomcat]
12-02 15:34:25.312 [ INFO] [                  o.a.c.c.StandardEngine:180] - Starting Servlet Engine: Apache Tomcat/8.5.34
12-02 15:34:25.316 [ INFO] [            o.a.c.c.AprLifecycleListener:180] - Loaded APR based Apache Tomcat Native library [1.2.17] using APR version [1.6.3].
12-02 15:34:25.316 [ INFO] [            o.a.c.c.AprLifecycleListener:180] - APR capabilities: IPv6 [true], sendfile [true], accept filters [false], random [true].
12-02 15:34:25.316 [ INFO] [            o.a.c.c.AprLifecycleListener:180] - APR/OpenSSL configuration: useAprConnector [false], useOpenSSL [true]
12-02 15:34:26.356 [ INFO] [            o.a.c.c.AprLifecycleListener:180] - OpenSSL successfully initialized [OpenSSL 1.0.2o  27 Mar 2018]
12-02 15:34:26.431 [ INFO] [                       o.a.c.c.C.[.[.[/]:180] - Initializing Spring embedded WebApplicationContext
12-02 15:34:26.431 [ INFO] [                   o.s.w.c.ContextLoader:285] - Root WebApplicationContext: initialization completed in 2265 ms
12-02 15:34:26.481 [ INFO] [       o.s.b.w.s.ServletRegistrationBean:187] - Servlet dispatcherServlet mapped to [/]
12-02 15:34:26.483 [ INFO] [        o.s.b.w.s.FilterRegistrationBean:245] - Mapping filter: 'characterEncodingFilter' to: [/*]
12-02 15:34:26.484 [ INFO] [        o.s.b.w.s.FilterRegistrationBean:245] - Mapping filter: 'hiddenHttpMethodFilter' to: [/*]
12-02 15:34:26.484 [ INFO] [        o.s.b.w.s.FilterRegistrationBean:245] - Mapping filter: 'httpPutFormContentFilter' to: [/*]
12-02 15:34:26.484 [ INFO] [        o.s.b.w.s.FilterRegistrationBean:245] - Mapping filter: 'requestContextFilter' to: [/*]
12-02 15:34:26.809 [ INFO] [       o.s.w.s.h.SimpleUrlHandlerMapping:373] - Mapped URL path [/**/favicon.ico] onto handler of type [class org.springframework.web.servlet.resource.ResourceHttpRequestHandler]
12-02 15:34:27.029 [ INFO] [s.w.s.m.m.a.RequestMappingHandlerAdapter:588] - Looking for @ControllerAdvice: org.springframework.boot.web.servlet.context.AnnotationConfigServletWebServerApplicationContext@68267da0: startup date [Sun Dec 02 15:34:24 CST 2018]; root of context hierarchy
12-02 15:34:27.066 [ INFO] [s.w.s.m.m.a.RequestMappingHandlerMapping:549] - Mapped "{[/test],methods=[POST]}" onto public com.test.fly.common.ServerResponse com.test.fly.controller.TextController.test(javax.servlet.http.HttpServletRequest,javax.servlet.http.HttpServletResponse)
12-02 15:34:27.067 [ INFO] [s.w.s.m.m.a.RequestMappingHandlerMapping:549] - Mapped "{[/add],methods=[POST]}" onto public com.test.fly.common.ServerResponse<java.lang.String> com.test.fly.controller.UserController.Add(com.test.fly.pojo.Data)
12-02 15:34:27.067 [ INFO] [s.w.s.m.m.a.RequestMappingHandlerMapping:549] - Mapped "{[/locate],methods=[POST]}" onto public com.test.fly.common.ServerResponse<java.util.List<com.test.fly.pojo.Data>> com.test.fly.controller.UserController.getLocate()
12-02 15:34:27.068 [ INFO] [s.w.s.m.m.a.RequestMappingHandlerMapping:549] - Mapped "{[/history],methods=[POST]}" onto public com.test.fly.common.ServerResponse<java.util.List<com.test.fly.pojo.Data>> com.test.fly.controller.UserController.History()
12-02 15:34:27.071 [ INFO] [s.w.s.m.m.a.RequestMappingHandlerMapping:549] - Mapped "{[/error]}" onto public org.springframework.http.ResponseEntity<java.util.Map<java.lang.String, java.lang.Object>> org.springframework.boot.autoconfigure.web.servlet.error.BasicErrorController.error(javax.servlet.http.HttpServletRequest)
12-02 15:34:27.072 [ INFO] [s.w.s.m.m.a.RequestMappingHandlerMapping:549] - Mapped "{[/error],produces=[text/html]}" onto public org.springframework.web.servlet.ModelAndView org.springframework.boot.autoconfigure.web.servlet.error.BasicErrorController.errorHtml(javax.servlet.http.HttpServletRequest,javax.servlet.http.HttpServletResponse)
12-02 15:34:27.106 [ INFO] [       o.s.w.s.h.SimpleUrlHandlerMapping:373] - Mapped URL path [/webjars/**] onto handler of type [class org.springframework.web.servlet.resource.ResourceHttpRequestHandler]
12-02 15:34:27.106 [ INFO] [       o.s.w.s.h.SimpleUrlHandlerMapping:373] - Mapped URL path [/**] onto handler of type [class org.springframework.web.servlet.resource.ResourceHttpRequestHandler]
12-02 15:34:27.139 [ INFO] [   o.s.b.a.w.s.WelcomePageHandlerMapping: 56] - Adding welcome page: class path resource [static/index.html]
12-02 15:34:27.297 [ INFO] [       o.s.j.e.a.AnnotationMBeanExporter:433] - Registering beans for JMX exposure on startup
12-02 15:34:27.298 [ INFO] [       o.s.j.e.a.AnnotationMBeanExporter:895] - Bean with name 'dataSource' has been autodetected for JMX exposure
12-02 15:34:27.302 [ INFO] [       o.s.j.e.a.AnnotationMBeanExporter:668] - Located MBean 'dataSource': registering with JMX server as MBean [com.zaxxer.hikari:name=dataSource,type=HikariDataSource]
12-02 15:34:27.328 [ INFO] [               o.a.c.h.Http11NioProtocol:180] - Starting ProtocolHandler ["http-nio-8080"]
12-02 15:34:27.335 [ INFO] [               o.a.t.u.n.NioSelectorPool:180] - Using a shared selector for servlet write/read
12-02 15:34:27.347 [ INFO] [             o.s.b.w.e.t.TomcatWebServer:206] - Tomcat started on port(s): 8080 (http) with context path ''
12-02 15:34:27.350 [ INFO] [                    c.t.f.FlyApplication: 59] - Started FlyApplication in 3.644 seconds (JVM running for 4.796)
12-02 15:34:37.095 [ INFO] [                       o.a.c.c.C.[.[.[/]:180] - Initializing Spring FrameworkServlet 'dispatcherServlet'
12-02 15:34:37.096 [ INFO] [               o.s.w.s.DispatcherServlet:494] - FrameworkServlet 'dispatcherServlet': initialization started
12-02 15:34:37.114 [ INFO] [               o.s.w.s.DispatcherServlet:509] - FrameworkServlet 'dispatcherServlet': initialization completed in 18 ms
12-02 15:45:23.942 [ INFO] [                  c.z.h.HikariDataSource:110] - DatebookHikariCP - Starting...
12-02 15:45:24.080 [ INFO] [                  c.z.h.HikariDataSource:123] - DatebookHikariCP - Start completed.
