02-22 12:58:19.379 [ INFO] [                    c.t.f.FlyApplication: 50] - Starting FlyApplication on wxs with PID 9976 (D:\Git\test\fly\target\classes started by Administrator in D:\Git\test\fly)
02-22 12:58:19.382 [ INFO] [                    c.t.f.FlyApplication:680] - No active profile set, falling back to default profiles: default
02-22 12:58:19.415 [ INFO] [ConfigServletWebServerApplicationContext:590] - Refreshing org.springframework.boot.web.servlet.context.AnnotationConfigServletWebServerApplicationContext@21b2e768: startup date [Fri Feb 22 12:58:19 CST 2019]; root of context hierarchy
02-22 12:58:20.675 [ INFO] [             o.s.b.w.e.t.TomcatWebServer: 91] - Tomcat initialized with port(s): 8080 (http)
02-22 12:58:20.688 [ INFO] [               o.a.c.h.Http11NioProtocol:180] - Initializing ProtocolHandler ["http-nio-8080"]
02-22 12:58:20.696 [ INFO] [                 o.a.c.c.StandardService:180] - Starting service [Tomcat]
02-22 12:58:20.696 [ INFO] [                  o.a.c.c.StandardEngine:180] - Starting Servlet Engine: Apache Tomcat/8.5.34
02-22 12:58:20.700 [ INFO] [            o.a.c.c.AprLifecycleListener:180] - Loaded APR based Apache Tomcat Native library [1.2.21] using APR version [1.6.5].
02-22 12:58:20.701 [ INFO] [            o.a.c.c.AprLifecycleListener:180] - APR capabilities: IPv6 [true], sendfile [true], accept filters [false], random [true].
02-22 12:58:20.701 [ INFO] [            o.a.c.c.AprLifecycleListener:180] - APR/OpenSSL configuration: useAprConnector [false], useOpenSSL [true]
02-22 12:58:20.707 [ INFO] [            o.a.c.c.AprLifecycleListener:180] - OpenSSL successfully initialized [OpenSSL 1.1.1a  20 Nov 2018]
02-22 12:58:20.800 [ INFO] [                       o.a.c.c.C.[.[.[/]:180] - Initializing Spring embedded WebApplicationContext
02-22 12:58:20.800 [ INFO] [                   o.s.w.c.ContextLoader:285] - Root WebApplicationContext: initialization completed in 1388 ms
02-22 12:58:20.859 [ INFO] [       o.s.b.w.s.ServletRegistrationBean:187] - Servlet dispatcherServlet mapped to [/]
02-22 12:58:20.862 [ INFO] [        o.s.b.w.s.FilterRegistrationBean:245] - Mapping filter: 'characterEncodingFilter' to: [/*]
02-22 12:58:20.863 [ INFO] [        o.s.b.w.s.FilterRegistrationBean:245] - Mapping filter: 'hiddenHttpMethodFilter' to: [/*]
02-22 12:58:20.863 [ INFO] [        o.s.b.w.s.FilterRegistrationBean:245] - Mapping filter: 'httpPutFormContentFilter' to: [/*]
02-22 12:58:20.863 [ INFO] [        o.s.b.w.s.FilterRegistrationBean:245] - Mapping filter: 'requestContextFilter' to: [/*]
02-22 12:58:21.191 [ INFO] [       o.s.w.s.h.SimpleUrlHandlerMapping:373] - Mapped URL path [/**/favicon.ico] onto handler of type [class org.springframework.web.servlet.resource.ResourceHttpRequestHandler]
02-22 12:58:21.411 [ INFO] [s.w.s.m.m.a.RequestMappingHandlerAdapter:588] - Looking for @ControllerAdvice: org.springframework.boot.web.servlet.context.AnnotationConfigServletWebServerApplicationContext@21b2e768: startup date [Fri Feb 22 12:58:19 CST 2019]; root of context hierarchy
02-22 12:58:21.454 [ INFO] [s.w.s.m.m.a.RequestMappingHandlerMapping:549] - Mapped "{[/test],methods=[POST]}" onto public com.test.fly.common.ServerResponse com.test.fly.controller.TextController.test(javax.servlet.http.HttpServletRequest,javax.servlet.http.HttpServletResponse)
02-22 12:58:21.455 [ INFO] [s.w.s.m.m.a.RequestMappingHandlerMapping:549] - Mapped "{[/add],methods=[POST]}" onto public com.test.fly.common.ServerResponse<java.lang.String> com.test.fly.controller.UserController.Add(com.test.fly.pojo.Data)
02-22 12:58:21.456 [ INFO] [s.w.s.m.m.a.RequestMappingHandlerMapping:549] - Mapped "{[/locate],methods=[POST]}" onto public com.test.fly.common.ServerResponse<java.util.List<com.test.fly.pojo.Data>> com.test.fly.controller.UserController.getLocate()
02-22 12:58:21.456 [ INFO] [s.w.s.m.m.a.RequestMappingHandlerMapping:549] - Mapped "{[/history],methods=[POST]}" onto public com.test.fly.common.ServerResponse<java.util.List<com.test.fly.pojo.Data>> com.test.fly.controller.UserController.History()
02-22 12:58:21.459 [ INFO] [s.w.s.m.m.a.RequestMappingHandlerMapping:549] - Mapped "{[/error]}" onto public org.springframework.http.ResponseEntity<java.util.Map<java.lang.String, java.lang.Object>> org.springframework.boot.autoconfigure.web.servlet.error.BasicErrorController.error(javax.servlet.http.HttpServletRequest)
02-22 12:58:21.460 [ INFO] [s.w.s.m.m.a.RequestMappingHandlerMapping:549] - Mapped "{[/error],produces=[text/html]}" onto public org.springframework.web.servlet.ModelAndView org.springframework.boot.autoconfigure.web.servlet.error.BasicErrorController.errorHtml(javax.servlet.http.HttpServletRequest,javax.servlet.http.HttpServletResponse)
02-22 12:58:21.494 [ INFO] [       o.s.w.s.h.SimpleUrlHandlerMapping:373] - Mapped URL path [/webjars/**] onto handler of type [class org.springframework.web.servlet.resource.ResourceHttpRequestHandler]
02-22 12:58:21.494 [ INFO] [       o.s.w.s.h.SimpleUrlHandlerMapping:373] - Mapped URL path [/**] onto handler of type [class org.springframework.web.servlet.resource.ResourceHttpRequestHandler]
02-22 12:58:21.531 [ INFO] [   o.s.b.a.w.s.WelcomePageHandlerMapping: 56] - Adding welcome page: class path resource [static/index.html]
02-22 12:58:21.692 [ INFO] [       o.s.j.e.a.AnnotationMBeanExporter:433] - Registering beans for JMX exposure on startup
02-22 12:58:21.694 [ INFO] [       o.s.j.e.a.AnnotationMBeanExporter:895] - Bean with name 'dataSource' has been autodetected for JMX exposure
02-22 12:58:21.697 [ INFO] [       o.s.j.e.a.AnnotationMBeanExporter:668] - Located MBean 'dataSource': registering with JMX server as MBean [com.zaxxer.hikari:name=dataSource,type=HikariDataSource]
02-22 12:58:21.727 [ INFO] [               o.a.c.h.Http11NioProtocol:180] - Starting ProtocolHandler ["http-nio-8080"]
02-22 12:58:21.735 [ INFO] [               o.a.t.u.n.NioSelectorPool:180] - Using a shared selector for servlet write/read
02-22 12:58:21.745 [ INFO] [             o.s.b.w.e.t.TomcatWebServer:206] - Tomcat started on port(s): 8080 (http) with context path ''
02-22 12:58:21.748 [ INFO] [                    c.t.f.FlyApplication: 59] - Started FlyApplication in 2.629 seconds (JVM running for 3.406)
02-22 12:58:34.229 [ INFO] [                       o.a.c.c.C.[.[.[/]:180] - Initializing Spring FrameworkServlet 'dispatcherServlet'
02-22 12:58:34.229 [ INFO] [               o.s.w.s.DispatcherServlet:494] - FrameworkServlet 'dispatcherServlet': initialization started
02-22 12:58:34.246 [ INFO] [               o.s.w.s.DispatcherServlet:509] - FrameworkServlet 'dispatcherServlet': initialization completed in 17 ms
02-22 12:58:35.256 [ INFO] [                  c.z.h.HikariDataSource:110] - DatebookHikariCP - Starting...
02-22 12:58:35.492 [ INFO] [                  c.z.h.HikariDataSource:123] - DatebookHikariCP - Start completed.
