11-13 18:47:36.248 [ INFO] [                    c.t.f.FlyApplication: 50] - Starting FlyApplication on wxs with PID 6956 (D:\fly\target\classes started by Administrator in D:\fly)
11-13 18:47:36.251 [ INFO] [                    c.t.f.FlyApplication:680] - No active profile set, falling back to default profiles: default
11-13 18:47:36.289 [ INFO] [ConfigServletWebServerApplicationContext:590] - Refreshing org.springframework.boot.web.servlet.context.AnnotationConfigServletWebServerApplicationContext@fa36558: startup date [Tue Nov 13 18:47:36 CST 2018]; root of context hierarchy
11-13 18:47:37.529 [ INFO] [             o.s.b.w.e.t.TomcatWebServer: 91] - Tomcat initialized with port(s): 8080 (http)
11-13 18:47:37.543 [ INFO] [               o.a.c.h.Http11NioProtocol:180] - Initializing ProtocolHandler ["http-nio-8080"]
11-13 18:47:37.551 [ INFO] [                 o.a.c.c.StandardService:180] - Starting service [Tomcat]
11-13 18:47:37.551 [ INFO] [                  o.a.c.c.StandardEngine:180] - Starting Servlet Engine: Apache Tomcat/8.5.34
11-13 18:47:37.556 [ INFO] [            o.a.c.c.AprLifecycleListener:180] - Loaded APR based Apache Tomcat Native library [1.2.17] using APR version [1.6.3].
11-13 18:47:37.557 [ INFO] [            o.a.c.c.AprLifecycleListener:180] - APR capabilities: IPv6 [true], sendfile [true], accept filters [false], random [true].
11-13 18:47:37.557 [ INFO] [            o.a.c.c.AprLifecycleListener:180] - APR/OpenSSL configuration: useAprConnector [false], useOpenSSL [true]
11-13 18:47:38.590 [ INFO] [            o.a.c.c.AprLifecycleListener:180] - OpenSSL successfully initialized [OpenSSL 1.0.2o  27 Mar 2018]
11-13 18:47:38.695 [ INFO] [                       o.a.c.c.C.[.[.[/]:180] - Initializing Spring embedded WebApplicationContext
11-13 18:47:38.695 [ INFO] [                   o.s.w.c.ContextLoader:285] - Root WebApplicationContext: initialization completed in 2409 ms
11-13 18:47:38.744 [ INFO] [       o.s.b.w.s.ServletRegistrationBean:187] - Servlet dispatcherServlet mapped to [/]
11-13 18:47:38.747 [ INFO] [        o.s.b.w.s.FilterRegistrationBean:245] - Mapping filter: 'characterEncodingFilter' to: [/*]
11-13 18:47:38.747 [ INFO] [        o.s.b.w.s.FilterRegistrationBean:245] - Mapping filter: 'hiddenHttpMethodFilter' to: [/*]
11-13 18:47:38.747 [ INFO] [        o.s.b.w.s.FilterRegistrationBean:245] - Mapping filter: 'httpPutFormContentFilter' to: [/*]
11-13 18:47:38.747 [ INFO] [        o.s.b.w.s.FilterRegistrationBean:245] - Mapping filter: 'requestContextFilter' to: [/*]
11-13 18:47:39.182 [ INFO] [       o.s.w.s.h.SimpleUrlHandlerMapping:373] - Mapped URL path [/**/favicon.ico] onto handler of type [class org.springframework.web.servlet.resource.ResourceHttpRequestHandler]
11-13 18:47:39.403 [ INFO] [s.w.s.m.m.a.RequestMappingHandlerAdapter:588] - Looking for @ControllerAdvice: org.springframework.boot.web.servlet.context.AnnotationConfigServletWebServerApplicationContext@fa36558: startup date [Tue Nov 13 18:47:36 CST 2018]; root of context hierarchy
11-13 18:47:39.442 [ INFO] [s.w.s.m.m.a.RequestMappingHandlerMapping:549] - Mapped "{[/add],methods=[POST]}" onto public com.test.fly.common.ServerResponse<java.lang.Integer> com.test.fly.controller.UserController.Add(com.test.fly.pojo.Data)
11-13 18:47:39.443 [ INFO] [s.w.s.m.m.a.RequestMappingHandlerMapping:549] - Mapped "{[/locate],methods=[POST]}" onto public com.test.fly.common.ServerResponse<java.util.List<com.test.fly.pojo.Data>> com.test.fly.controller.UserController.getLocate()
11-13 18:47:39.446 [ INFO] [s.w.s.m.m.a.RequestMappingHandlerMapping:549] - Mapped "{[/error]}" onto public org.springframework.http.ResponseEntity<java.util.Map<java.lang.String, java.lang.Object>> org.springframework.boot.autoconfigure.web.servlet.error.BasicErrorController.error(javax.servlet.http.HttpServletRequest)
11-13 18:47:39.447 [ INFO] [s.w.s.m.m.a.RequestMappingHandlerMapping:549] - Mapped "{[/error],produces=[text/html]}" onto public org.springframework.web.servlet.ModelAndView org.springframework.boot.autoconfigure.web.servlet.error.BasicErrorController.errorHtml(javax.servlet.http.HttpServletRequest,javax.servlet.http.HttpServletResponse)
11-13 18:47:39.487 [ INFO] [       o.s.w.s.h.SimpleUrlHandlerMapping:373] - Mapped URL path [/webjars/**] onto handler of type [class org.springframework.web.servlet.resource.ResourceHttpRequestHandler]
11-13 18:47:39.487 [ INFO] [       o.s.w.s.h.SimpleUrlHandlerMapping:373] - Mapped URL path [/**] onto handler of type [class org.springframework.web.servlet.resource.ResourceHttpRequestHandler]
11-13 18:47:39.550 [ INFO] [   o.s.b.a.w.s.WelcomePageHandlerMapping: 56] - Adding welcome page: class path resource [static/index.html]
11-13 18:47:39.727 [ INFO] [       o.s.j.e.a.AnnotationMBeanExporter:433] - Registering beans for JMX exposure on startup
11-13 18:47:39.728 [ INFO] [       o.s.j.e.a.AnnotationMBeanExporter:895] - Bean with name 'dataSource' has been autodetected for JMX exposure
11-13 18:47:39.732 [ INFO] [       o.s.j.e.a.AnnotationMBeanExporter:668] - Located MBean 'dataSource': registering with JMX server as MBean [com.zaxxer.hikari:name=dataSource,type=HikariDataSource]
11-13 18:47:39.752 [ INFO] [               o.a.c.h.Http11NioProtocol:180] - Starting ProtocolHandler ["http-nio-8080"]
11-13 18:47:39.759 [ INFO] [               o.a.t.u.n.NioSelectorPool:180] - Using a shared selector for servlet write/read
11-13 18:47:39.770 [ INFO] [             o.s.b.w.e.t.TomcatWebServer:206] - Tomcat started on port(s): 8080 (http) with context path ''
11-13 18:47:39.773 [ INFO] [                    c.t.f.FlyApplication: 59] - Started FlyApplication in 3.833 seconds (JVM running for 4.778)
11-13 18:48:01.655 [ INFO] [                       o.a.c.c.C.[.[.[/]:180] - Initializing Spring FrameworkServlet 'dispatcherServlet'
11-13 18:48:01.655 [ INFO] [               o.s.w.s.DispatcherServlet:494] - FrameworkServlet 'dispatcherServlet': initialization started
11-13 18:48:01.677 [ INFO] [               o.s.w.s.DispatcherServlet:509] - FrameworkServlet 'dispatcherServlet': initialization completed in 22 ms
11-13 18:48:01.786 [ INFO] [                  c.z.h.HikariDataSource:110] - DatebookHikariCP - Starting...
11-13 18:48:02.034 [ INFO] [                  c.z.h.HikariDataSource:123] - DatebookHikariCP - Start completed.
11-13 18:48:02.073 [ INFO] [       o.s.b.f.x.XmlBeanDefinitionReader:317] - Loading XML bean definitions from class path resource [org/springframework/jdbc/support/sql-error-codes.xml]
11-13 18:55:03.589 [ INFO] [                    c.t.f.FlyApplication: 50] - Starting FlyApplication on wxs with PID 1520 (D:\fly\target\classes started by Administrator in D:\fly)
11-13 18:55:03.590 [ INFO] [                    c.t.f.FlyApplication:680] - No active profile set, falling back to default profiles: default
11-13 18:55:03.620 [ INFO] [ConfigServletWebServerApplicationContext:590] - Refreshing org.springframework.boot.web.servlet.context.AnnotationConfigServletWebServerApplicationContext@313b2ea6: startup date [Tue Nov 13 18:55:03 CST 2018]; root of context hierarchy
11-13 18:55:04.609 [ INFO] [             o.s.b.w.e.t.TomcatWebServer: 91] - Tomcat initialized with port(s): 8080 (http)
11-13 18:55:04.621 [ INFO] [               o.a.c.h.Http11NioProtocol:180] - Initializing ProtocolHandler ["http-nio-8080"]
11-13 18:55:04.629 [ INFO] [                 o.a.c.c.StandardService:180] - Starting service [Tomcat]
11-13 18:55:04.629 [ INFO] [                  o.a.c.c.StandardEngine:180] - Starting Servlet Engine: Apache Tomcat/8.5.34
11-13 18:55:04.633 [ INFO] [            o.a.c.c.AprLifecycleListener:180] - Loaded APR based Apache Tomcat Native library [1.2.17] using APR version [1.6.3].
11-13 18:55:04.633 [ INFO] [            o.a.c.c.AprLifecycleListener:180] - APR capabilities: IPv6 [true], sendfile [true], accept filters [false], random [true].
11-13 18:55:04.633 [ INFO] [            o.a.c.c.AprLifecycleListener:180] - APR/OpenSSL configuration: useAprConnector [false], useOpenSSL [true]
11-13 18:55:05.656 [ INFO] [            o.a.c.c.AprLifecycleListener:180] - OpenSSL successfully initialized [OpenSSL 1.0.2o  27 Mar 2018]
11-13 18:55:05.726 [ INFO] [                       o.a.c.c.C.[.[.[/]:180] - Initializing Spring embedded WebApplicationContext
11-13 18:55:05.726 [ INFO] [                   o.s.w.c.ContextLoader:285] - Root WebApplicationContext: initialization completed in 2109 ms
11-13 18:55:05.772 [ INFO] [       o.s.b.w.s.ServletRegistrationBean:187] - Servlet dispatcherServlet mapped to [/]
11-13 18:55:05.778 [ INFO] [        o.s.b.w.s.FilterRegistrationBean:245] - Mapping filter: 'characterEncodingFilter' to: [/*]
11-13 18:55:05.779 [ INFO] [        o.s.b.w.s.FilterRegistrationBean:245] - Mapping filter: 'hiddenHttpMethodFilter' to: [/*]
11-13 18:55:05.779 [ INFO] [        o.s.b.w.s.FilterRegistrationBean:245] - Mapping filter: 'httpPutFormContentFilter' to: [/*]
11-13 18:55:05.779 [ INFO] [        o.s.b.w.s.FilterRegistrationBean:245] - Mapping filter: 'requestContextFilter' to: [/*]
11-13 18:55:06.115 [ INFO] [       o.s.w.s.h.SimpleUrlHandlerMapping:373] - Mapped URL path [/**/favicon.ico] onto handler of type [class org.springframework.web.servlet.resource.ResourceHttpRequestHandler]
11-13 18:55:06.323 [ INFO] [s.w.s.m.m.a.RequestMappingHandlerAdapter:588] - Looking for @ControllerAdvice: org.springframework.boot.web.servlet.context.AnnotationConfigServletWebServerApplicationContext@313b2ea6: startup date [Tue Nov 13 18:55:03 CST 2018]; root of context hierarchy
11-13 18:55:06.362 [ INFO] [s.w.s.m.m.a.RequestMappingHandlerMapping:549] - Mapped "{[/add],methods=[POST]}" onto public com.test.fly.common.ServerResponse<java.lang.Integer> com.test.fly.controller.UserController.Add(com.test.fly.pojo.Data)
11-13 18:55:06.362 [ INFO] [s.w.s.m.m.a.RequestMappingHandlerMapping:549] - Mapped "{[/locate],methods=[POST]}" onto public com.test.fly.common.ServerResponse<java.util.List<com.test.fly.pojo.Data>> com.test.fly.controller.UserController.getLocate()
11-13 18:55:06.366 [ INFO] [s.w.s.m.m.a.RequestMappingHandlerMapping:549] - Mapped "{[/error]}" onto public org.springframework.http.ResponseEntity<java.util.Map<java.lang.String, java.lang.Object>> org.springframework.boot.autoconfigure.web.servlet.error.BasicErrorController.error(javax.servlet.http.HttpServletRequest)
11-13 18:55:06.366 [ INFO] [s.w.s.m.m.a.RequestMappingHandlerMapping:549] - Mapped "{[/error],produces=[text/html]}" onto public org.springframework.web.servlet.ModelAndView org.springframework.boot.autoconfigure.web.servlet.error.BasicErrorController.errorHtml(javax.servlet.http.HttpServletRequest,javax.servlet.http.HttpServletResponse)
11-13 18:55:06.414 [ INFO] [       o.s.w.s.h.SimpleUrlHandlerMapping:373] - Mapped URL path [/webjars/**] onto handler of type [class org.springframework.web.servlet.resource.ResourceHttpRequestHandler]
11-13 18:55:06.414 [ INFO] [       o.s.w.s.h.SimpleUrlHandlerMapping:373] - Mapped URL path [/**] onto handler of type [class org.springframework.web.servlet.resource.ResourceHttpRequestHandler]
11-13 18:55:06.473 [ INFO] [   o.s.b.a.w.s.WelcomePageHandlerMapping: 56] - Adding welcome page: class path resource [static/index.html]
11-13 18:55:06.642 [ INFO] [       o.s.j.e.a.AnnotationMBeanExporter:433] - Registering beans for JMX exposure on startup
11-13 18:55:06.643 [ INFO] [       o.s.j.e.a.AnnotationMBeanExporter:895] - Bean with name 'dataSource' has been autodetected for JMX exposure
11-13 18:55:06.646 [ INFO] [       o.s.j.e.a.AnnotationMBeanExporter:668] - Located MBean 'dataSource': registering with JMX server as MBean [com.zaxxer.hikari:name=dataSource,type=HikariDataSource]
11-13 18:55:06.672 [ INFO] [               o.a.c.h.Http11NioProtocol:180] - Starting ProtocolHandler ["http-nio-8080"]
11-13 18:55:06.679 [ INFO] [               o.a.t.u.n.NioSelectorPool:180] - Using a shared selector for servlet write/read
11-13 18:55:06.693 [ INFO] [             o.s.b.w.e.t.TomcatWebServer:206] - Tomcat started on port(s): 8080 (http) with context path ''
11-13 18:55:06.699 [ INFO] [                    c.t.f.FlyApplication: 59] - Started FlyApplication in 3.328 seconds (JVM running for 3.906)
11-13 18:55:13.831 [ INFO] [                       o.a.c.c.C.[.[.[/]:180] - Initializing Spring FrameworkServlet 'dispatcherServlet'
11-13 18:55:13.831 [ INFO] [               o.s.w.s.DispatcherServlet:494] - FrameworkServlet 'dispatcherServlet': initialization started
11-13 18:55:13.847 [ INFO] [               o.s.w.s.DispatcherServlet:509] - FrameworkServlet 'dispatcherServlet': initialization completed in 15 ms
11-13 18:55:13.891 [ INFO] [                  c.z.h.HikariDataSource:110] - DatebookHikariCP - Starting...
11-13 18:55:14.072 [ INFO] [                  c.z.h.HikariDataSource:123] - DatebookHikariCP - Start completed.
11-13 18:55:14.101 [ INFO] [       o.s.b.f.x.XmlBeanDefinitionReader:317] - Loading XML bean definitions from class path resource [org/springframework/jdbc/support/sql-error-codes.xml]
11-13 20:37:56.463 [ INFO] [                    c.t.f.FlyApplication: 50] - Starting FlyApplication on wxs with PID 10804 (D:\fly\target\classes started by Administrator in D:\fly)
11-13 20:37:56.464 [ INFO] [                    c.t.f.FlyApplication:680] - No active profile set, falling back to default profiles: default
11-13 20:37:56.492 [ INFO] [ConfigServletWebServerApplicationContext:590] - Refreshing org.springframework.boot.web.servlet.context.AnnotationConfigServletWebServerApplicationContext@a1cdc6d: startup date [Tue Nov 13 20:37:56 CST 2018]; root of context hierarchy
11-13 20:37:57.455 [ INFO] [             o.s.b.w.e.t.TomcatWebServer: 91] - Tomcat initialized with port(s): 8080 (http)
11-13 20:37:57.465 [ INFO] [               o.a.c.h.Http11NioProtocol:180] - Initializing ProtocolHandler ["http-nio-8080"]
11-13 20:37:57.472 [ INFO] [                 o.a.c.c.StandardService:180] - Starting service [Tomcat]
11-13 20:37:57.472 [ INFO] [                  o.a.c.c.StandardEngine:180] - Starting Servlet Engine: Apache Tomcat/8.5.34
11-13 20:37:57.476 [ INFO] [            o.a.c.c.AprLifecycleListener:180] - Loaded APR based Apache Tomcat Native library [1.2.17] using APR version [1.6.3].
11-13 20:37:57.477 [ INFO] [            o.a.c.c.AprLifecycleListener:180] - APR capabilities: IPv6 [true], sendfile [true], accept filters [false], random [true].
11-13 20:37:57.477 [ INFO] [            o.a.c.c.AprLifecycleListener:180] - APR/OpenSSL configuration: useAprConnector [false], useOpenSSL [true]
11-13 20:37:58.519 [ INFO] [            o.a.c.c.AprLifecycleListener:180] - OpenSSL successfully initialized [OpenSSL 1.0.2o  27 Mar 2018]
11-13 20:37:58.595 [ INFO] [                       o.a.c.c.C.[.[.[/]:180] - Initializing Spring embedded WebApplicationContext
11-13 20:37:58.595 [ INFO] [                   o.s.w.c.ContextLoader:285] - Root WebApplicationContext: initialization completed in 2105 ms
11-13 20:37:58.641 [ INFO] [       o.s.b.w.s.ServletRegistrationBean:187] - Servlet dispatcherServlet mapped to [/]
11-13 20:37:58.643 [ INFO] [        o.s.b.w.s.FilterRegistrationBean:245] - Mapping filter: 'characterEncodingFilter' to: [/*]
11-13 20:37:58.644 [ INFO] [        o.s.b.w.s.FilterRegistrationBean:245] - Mapping filter: 'hiddenHttpMethodFilter' to: [/*]
11-13 20:37:58.644 [ INFO] [        o.s.b.w.s.FilterRegistrationBean:245] - Mapping filter: 'httpPutFormContentFilter' to: [/*]
11-13 20:37:58.644 [ INFO] [        o.s.b.w.s.FilterRegistrationBean:245] - Mapping filter: 'requestContextFilter' to: [/*]
11-13 20:37:58.707 [ INFO] [                 o.a.c.c.StandardService:180] - Stopping service [Tomcat]
11-13 20:39:35.193 [ INFO] [                    c.t.f.FlyApplication: 50] - Starting FlyApplication on wxs with PID 15228 (D:\fly\target\classes started by Administrator in D:\fly)
11-13 20:39:35.194 [ INFO] [                    c.t.f.FlyApplication:680] - No active profile set, falling back to default profiles: default
11-13 20:39:35.223 [ INFO] [ConfigServletWebServerApplicationContext:590] - Refreshing org.springframework.boot.web.servlet.context.AnnotationConfigServletWebServerApplicationContext@57250572: startup date [Tue Nov 13 20:39:35 CST 2018]; root of context hierarchy
11-13 20:39:36.187 [ INFO] [             o.s.b.w.e.t.TomcatWebServer: 91] - Tomcat initialized with port(s): 8080 (http)
11-13 20:39:36.197 [ INFO] [               o.a.c.h.Http11NioProtocol:180] - Initializing ProtocolHandler ["http-nio-8080"]
11-13 20:39:36.204 [ INFO] [                 o.a.c.c.StandardService:180] - Starting service [Tomcat]
11-13 20:39:36.204 [ INFO] [                  o.a.c.c.StandardEngine:180] - Starting Servlet Engine: Apache Tomcat/8.5.34
11-13 20:39:36.209 [ INFO] [            o.a.c.c.AprLifecycleListener:180] - Loaded APR based Apache Tomcat Native library [1.2.17] using APR version [1.6.3].
11-13 20:39:36.210 [ INFO] [            o.a.c.c.AprLifecycleListener:180] - APR capabilities: IPv6 [true], sendfile [true], accept filters [false], random [true].
11-13 20:39:36.210 [ INFO] [            o.a.c.c.AprLifecycleListener:180] - APR/OpenSSL configuration: useAprConnector [false], useOpenSSL [true]
11-13 20:39:37.248 [ INFO] [            o.a.c.c.AprLifecycleListener:180] - OpenSSL successfully initialized [OpenSSL 1.0.2o  27 Mar 2018]
11-13 20:39:37.318 [ INFO] [                       o.a.c.c.C.[.[.[/]:180] - Initializing Spring embedded WebApplicationContext
11-13 20:39:37.318 [ INFO] [                   o.s.w.c.ContextLoader:285] - Root WebApplicationContext: initialization completed in 2098 ms
11-13 20:39:37.364 [ INFO] [       o.s.b.w.s.ServletRegistrationBean:187] - Servlet dispatcherServlet mapped to [/]
11-13 20:39:37.367 [ INFO] [        o.s.b.w.s.FilterRegistrationBean:245] - Mapping filter: 'characterEncodingFilter' to: [/*]
11-13 20:39:37.367 [ INFO] [        o.s.b.w.s.FilterRegistrationBean:245] - Mapping filter: 'hiddenHttpMethodFilter' to: [/*]
11-13 20:39:37.367 [ INFO] [        o.s.b.w.s.FilterRegistrationBean:245] - Mapping filter: 'httpPutFormContentFilter' to: [/*]
11-13 20:39:37.367 [ INFO] [        o.s.b.w.s.FilterRegistrationBean:245] - Mapping filter: 'requestContextFilter' to: [/*]
11-13 20:39:37.583 [ INFO] [                 o.a.c.c.StandardService:180] - Stopping service [Tomcat]
11-13 20:43:06.273 [ INFO] [                    c.t.f.FlyApplication: 50] - Starting FlyApplication on wxs with PID 8492 (D:\fly\target\classes started by Administrator in D:\fly)
11-13 20:43:06.274 [ INFO] [                    c.t.f.FlyApplication:680] - No active profile set, falling back to default profiles: default
11-13 20:43:06.309 [ INFO] [ConfigServletWebServerApplicationContext:590] - Refreshing org.springframework.boot.web.servlet.context.AnnotationConfigServletWebServerApplicationContext@6a2b953e: startup date [Tue Nov 13 20:43:06 CST 2018]; root of context hierarchy
11-13 20:43:07.335 [ INFO] [             o.s.b.w.e.t.TomcatWebServer: 91] - Tomcat initialized with port(s): 8080 (http)
11-13 20:43:07.344 [ INFO] [               o.a.c.h.Http11NioProtocol:180] - Initializing ProtocolHandler ["http-nio-8080"]
11-13 20:43:07.351 [ INFO] [                 o.a.c.c.StandardService:180] - Starting service [Tomcat]
11-13 20:43:07.351 [ INFO] [                  o.a.c.c.StandardEngine:180] - Starting Servlet Engine: Apache Tomcat/8.5.34
11-13 20:43:07.355 [ INFO] [            o.a.c.c.AprLifecycleListener:180] - Loaded APR based Apache Tomcat Native library [1.2.17] using APR version [1.6.3].
11-13 20:43:07.356 [ INFO] [            o.a.c.c.AprLifecycleListener:180] - APR capabilities: IPv6 [true], sendfile [true], accept filters [false], random [true].
11-13 20:43:07.356 [ INFO] [            o.a.c.c.AprLifecycleListener:180] - APR/OpenSSL configuration: useAprConnector [false], useOpenSSL [true]
11-13 20:43:08.390 [ INFO] [            o.a.c.c.AprLifecycleListener:180] - OpenSSL successfully initialized [OpenSSL 1.0.2o  27 Mar 2018]
11-13 20:43:08.482 [ INFO] [                       o.a.c.c.C.[.[.[/]:180] - Initializing Spring embedded WebApplicationContext
11-13 20:43:08.482 [ INFO] [                   o.s.w.c.ContextLoader:285] - Root WebApplicationContext: initialization completed in 2176 ms
11-13 20:43:08.528 [ INFO] [       o.s.b.w.s.ServletRegistrationBean:187] - Servlet dispatcherServlet mapped to [/]
11-13 20:43:08.531 [ INFO] [        o.s.b.w.s.FilterRegistrationBean:245] - Mapping filter: 'characterEncodingFilter' to: [/*]
11-13 20:43:08.531 [ INFO] [        o.s.b.w.s.FilterRegistrationBean:245] - Mapping filter: 'hiddenHttpMethodFilter' to: [/*]
11-13 20:43:08.531 [ INFO] [        o.s.b.w.s.FilterRegistrationBean:245] - Mapping filter: 'httpPutFormContentFilter' to: [/*]
11-13 20:43:08.531 [ INFO] [        o.s.b.w.s.FilterRegistrationBean:245] - Mapping filter: 'requestContextFilter' to: [/*]
11-13 20:43:08.752 [ INFO] [                 o.a.c.c.StandardService:180] - Stopping service [Tomcat]
11-13 20:49:32.341 [ INFO] [                    c.t.f.FlyApplication: 50] - Starting FlyApplication on wxs with PID 1556 (D:\fly\target\classes started by Administrator in D:\fly)
11-13 20:49:32.343 [ INFO] [                    c.t.f.FlyApplication:680] - No active profile set, falling back to default profiles: default
11-13 20:49:32.370 [ INFO] [ConfigServletWebServerApplicationContext:590] - Refreshing org.springframework.boot.web.servlet.context.AnnotationConfigServletWebServerApplicationContext@6236eb5f: startup date [Tue Nov 13 20:49:32 CST 2018]; root of context hierarchy
11-13 20:49:33.307 [ INFO] [             o.s.b.w.e.t.TomcatWebServer: 91] - Tomcat initialized with port(s): 8080 (http)
11-13 20:49:33.316 [ INFO] [               o.a.c.h.Http11NioProtocol:180] - Initializing ProtocolHandler ["http-nio-8080"]
11-13 20:49:33.324 [ INFO] [                 o.a.c.c.StandardService:180] - Starting service [Tomcat]
11-13 20:49:33.324 [ INFO] [                  o.a.c.c.StandardEngine:180] - Starting Servlet Engine: Apache Tomcat/8.5.34
11-13 20:49:33.330 [ INFO] [            o.a.c.c.AprLifecycleListener:180] - Loaded APR based Apache Tomcat Native library [1.2.17] using APR version [1.6.3].
11-13 20:49:33.330 [ INFO] [            o.a.c.c.AprLifecycleListener:180] - APR capabilities: IPv6 [true], sendfile [true], accept filters [false], random [true].
11-13 20:49:33.331 [ INFO] [            o.a.c.c.AprLifecycleListener:180] - APR/OpenSSL configuration: useAprConnector [false], useOpenSSL [true]
11-13 20:49:34.362 [ INFO] [            o.a.c.c.AprLifecycleListener:180] - OpenSSL successfully initialized [OpenSSL 1.0.2o  27 Mar 2018]
11-13 20:49:34.435 [ INFO] [                       o.a.c.c.C.[.[.[/]:180] - Initializing Spring embedded WebApplicationContext
11-13 20:49:34.435 [ INFO] [                   o.s.w.c.ContextLoader:285] - Root WebApplicationContext: initialization completed in 2067 ms
11-13 20:49:34.480 [ INFO] [       o.s.b.w.s.ServletRegistrationBean:187] - Servlet dispatcherServlet mapped to [/]
11-13 20:49:34.483 [ INFO] [        o.s.b.w.s.FilterRegistrationBean:245] - Mapping filter: 'characterEncodingFilter' to: [/*]
11-13 20:49:34.483 [ INFO] [        o.s.b.w.s.FilterRegistrationBean:245] - Mapping filter: 'hiddenHttpMethodFilter' to: [/*]
11-13 20:49:34.484 [ INFO] [        o.s.b.w.s.FilterRegistrationBean:245] - Mapping filter: 'httpPutFormContentFilter' to: [/*]
11-13 20:49:34.484 [ INFO] [        o.s.b.w.s.FilterRegistrationBean:245] - Mapping filter: 'requestContextFilter' to: [/*]
11-13 20:49:34.811 [ INFO] [       o.s.w.s.h.SimpleUrlHandlerMapping:373] - Mapped URL path [/**/favicon.ico] onto handler of type [class org.springframework.web.servlet.resource.ResourceHttpRequestHandler]
11-13 20:49:35.045 [ INFO] [s.w.s.m.m.a.RequestMappingHandlerAdapter:588] - Looking for @ControllerAdvice: org.springframework.boot.web.servlet.context.AnnotationConfigServletWebServerApplicationContext@6236eb5f: startup date [Tue Nov 13 20:49:32 CST 2018]; root of context hierarchy
11-13 20:49:35.087 [ INFO] [s.w.s.m.m.a.RequestMappingHandlerMapping:549] - Mapped "{[/add],methods=[POST]}" onto public com.test.fly.common.ServerResponse<java.lang.String> com.test.fly.controller.UserController.Add(com.test.fly.pojo.Data)
11-13 20:49:35.088 [ INFO] [s.w.s.m.m.a.RequestMappingHandlerMapping:549] - Mapped "{[/locate],methods=[POST]}" onto public com.test.fly.common.ServerResponse<java.util.List<com.test.fly.pojo.Data>> com.test.fly.controller.UserController.getLocate()
11-13 20:49:35.092 [ INFO] [s.w.s.m.m.a.RequestMappingHandlerMapping:549] - Mapped "{[/error]}" onto public org.springframework.http.ResponseEntity<java.util.Map<java.lang.String, java.lang.Object>> org.springframework.boot.autoconfigure.web.servlet.error.BasicErrorController.error(javax.servlet.http.HttpServletRequest)
11-13 20:49:35.092 [ INFO] [s.w.s.m.m.a.RequestMappingHandlerMapping:549] - Mapped "{[/error],produces=[text/html]}" onto public org.springframework.web.servlet.ModelAndView org.springframework.boot.autoconfigure.web.servlet.error.BasicErrorController.errorHtml(javax.servlet.http.HttpServletRequest,javax.servlet.http.HttpServletResponse)
11-13 20:49:35.131 [ INFO] [       o.s.w.s.h.SimpleUrlHandlerMapping:373] - Mapped URL path [/webjars/**] onto handler of type [class org.springframework.web.servlet.resource.ResourceHttpRequestHandler]
11-13 20:49:35.131 [ INFO] [       o.s.w.s.h.SimpleUrlHandlerMapping:373] - Mapped URL path [/**] onto handler of type [class org.springframework.web.servlet.resource.ResourceHttpRequestHandler]
11-13 20:49:35.166 [ INFO] [   o.s.b.a.w.s.WelcomePageHandlerMapping: 56] - Adding welcome page: class path resource [static/index.html]
11-13 20:49:35.330 [ INFO] [       o.s.j.e.a.AnnotationMBeanExporter:433] - Registering beans for JMX exposure on startup
11-13 20:49:35.331 [ INFO] [       o.s.j.e.a.AnnotationMBeanExporter:895] - Bean with name 'dataSource' has been autodetected for JMX exposure
11-13 20:49:35.335 [ INFO] [       o.s.j.e.a.AnnotationMBeanExporter:668] - Located MBean 'dataSource': registering with JMX server as MBean [com.zaxxer.hikari:name=dataSource,type=HikariDataSource]
11-13 20:49:35.361 [ INFO] [               o.a.c.h.Http11NioProtocol:180] - Starting ProtocolHandler ["http-nio-8080"]
11-13 20:49:35.368 [ INFO] [               o.a.t.u.n.NioSelectorPool:180] - Using a shared selector for servlet write/read
11-13 20:49:35.377 [ INFO] [             o.s.b.w.e.t.TomcatWebServer:206] - Tomcat started on port(s): 8080 (http) with context path ''
11-13 20:49:35.380 [ INFO] [                    c.t.f.FlyApplication: 59] - Started FlyApplication in 3.259 seconds (JVM running for 3.836)
11-13 20:49:40.293 [ INFO] [                       o.a.c.c.C.[.[.[/]:180] - Initializing Spring FrameworkServlet 'dispatcherServlet'
11-13 20:49:40.293 [ INFO] [               o.s.w.s.DispatcherServlet:494] - FrameworkServlet 'dispatcherServlet': initialization started
11-13 20:49:40.311 [ INFO] [               o.s.w.s.DispatcherServlet:509] - FrameworkServlet 'dispatcherServlet': initialization completed in 18 ms
11-13 20:49:40.351 [ INFO] [                  c.z.h.HikariDataSource:110] - DatebookHikariCP - Starting...
11-13 20:49:40.487 [ INFO] [                  c.z.h.HikariDataSource:123] - DatebookHikariCP - Start completed.
11-13 20:49:40.518 [ INFO] [       o.s.b.f.x.XmlBeanDefinitionReader:317] - Loading XML bean definitions from class path resource [org/springframework/jdbc/support/sql-error-codes.xml]
11-13 21:01:15.975 [ INFO] [                    c.t.f.FlyApplication: 50] - Starting FlyApplication on wxs with PID 11644 (D:\fly\target\classes started by Administrator in D:\fly)
11-13 21:01:15.977 [ INFO] [                    c.t.f.FlyApplication:680] - No active profile set, falling back to default profiles: default
11-13 21:01:16.003 [ INFO] [ConfigServletWebServerApplicationContext:590] - Refreshing org.springframework.boot.web.servlet.context.AnnotationConfigServletWebServerApplicationContext@6a03bcb1: startup date [Tue Nov 13 21:01:16 CST 2018]; root of context hierarchy
11-13 21:01:16.993 [ INFO] [             o.s.b.w.e.t.TomcatWebServer: 91] - Tomcat initialized with port(s): 8080 (http)
11-13 21:01:17.002 [ INFO] [               o.a.c.h.Http11NioProtocol:180] - Initializing ProtocolHandler ["http-nio-8080"]
11-13 21:01:17.010 [ INFO] [                 o.a.c.c.StandardService:180] - Starting service [Tomcat]
11-13 21:01:17.010 [ INFO] [                  o.a.c.c.StandardEngine:180] - Starting Servlet Engine: Apache Tomcat/8.5.34
11-13 21:01:17.015 [ INFO] [            o.a.c.c.AprLifecycleListener:180] - Loaded APR based Apache Tomcat Native library [1.2.17] using APR version [1.6.3].
11-13 21:01:17.016 [ INFO] [            o.a.c.c.AprLifecycleListener:180] - APR capabilities: IPv6 [true], sendfile [true], accept filters [false], random [true].
11-13 21:01:17.016 [ INFO] [            o.a.c.c.AprLifecycleListener:180] - APR/OpenSSL configuration: useAprConnector [false], useOpenSSL [true]
11-13 21:01:18.045 [ INFO] [            o.a.c.c.AprLifecycleListener:180] - OpenSSL successfully initialized [OpenSSL 1.0.2o  27 Mar 2018]
11-13 21:01:18.115 [ INFO] [                       o.a.c.c.C.[.[.[/]:180] - Initializing Spring embedded WebApplicationContext
11-13 21:01:18.115 [ INFO] [                   o.s.w.c.ContextLoader:285] - Root WebApplicationContext: initialization completed in 2114 ms
11-13 21:01:18.161 [ INFO] [       o.s.b.w.s.ServletRegistrationBean:187] - Servlet dispatcherServlet mapped to [/]
11-13 21:01:18.163 [ INFO] [        o.s.b.w.s.FilterRegistrationBean:245] - Mapping filter: 'characterEncodingFilter' to: [/*]
11-13 21:01:18.164 [ INFO] [        o.s.b.w.s.FilterRegistrationBean:245] - Mapping filter: 'hiddenHttpMethodFilter' to: [/*]
11-13 21:01:18.164 [ INFO] [        o.s.b.w.s.FilterRegistrationBean:245] - Mapping filter: 'httpPutFormContentFilter' to: [/*]
11-13 21:01:18.164 [ INFO] [        o.s.b.w.s.FilterRegistrationBean:245] - Mapping filter: 'requestContextFilter' to: [/*]
11-13 21:01:18.503 [ INFO] [       o.s.w.s.h.SimpleUrlHandlerMapping:373] - Mapped URL path [/**/favicon.ico] onto handler of type [class org.springframework.web.servlet.resource.ResourceHttpRequestHandler]
11-13 21:01:18.721 [ INFO] [s.w.s.m.m.a.RequestMappingHandlerAdapter:588] - Looking for @ControllerAdvice: org.springframework.boot.web.servlet.context.AnnotationConfigServletWebServerApplicationContext@6a03bcb1: startup date [Tue Nov 13 21:01:16 CST 2018]; root of context hierarchy
11-13 21:01:18.761 [ INFO] [s.w.s.m.m.a.RequestMappingHandlerMapping:549] - Mapped "{[/add],methods=[POST]}" onto public com.test.fly.common.ServerResponse<java.lang.String> com.test.fly.controller.UserController.Add(com.test.fly.pojo.Data)
11-13 21:01:18.762 [ INFO] [s.w.s.m.m.a.RequestMappingHandlerMapping:549] - Mapped "{[/locate],methods=[POST]}" onto public com.test.fly.common.ServerResponse<java.util.List<com.test.fly.pojo.Data>> com.test.fly.controller.UserController.getLocate()
11-13 21:01:18.766 [ INFO] [s.w.s.m.m.a.RequestMappingHandlerMapping:549] - Mapped "{[/error]}" onto public org.springframework.http.ResponseEntity<java.util.Map<java.lang.String, java.lang.Object>> org.springframework.boot.autoconfigure.web.servlet.error.BasicErrorController.error(javax.servlet.http.HttpServletRequest)
11-13 21:01:18.767 [ INFO] [s.w.s.m.m.a.RequestMappingHandlerMapping:549] - Mapped "{[/error],produces=[text/html]}" onto public org.springframework.web.servlet.ModelAndView org.springframework.boot.autoconfigure.web.servlet.error.BasicErrorController.errorHtml(javax.servlet.http.HttpServletRequest,javax.servlet.http.HttpServletResponse)
11-13 21:01:18.803 [ INFO] [       o.s.w.s.h.SimpleUrlHandlerMapping:373] - Mapped URL path [/webjars/**] onto handler of type [class org.springframework.web.servlet.resource.ResourceHttpRequestHandler]
11-13 21:01:18.803 [ INFO] [       o.s.w.s.h.SimpleUrlHandlerMapping:373] - Mapped URL path [/**] onto handler of type [class org.springframework.web.servlet.resource.ResourceHttpRequestHandler]
11-13 21:01:18.836 [ INFO] [   o.s.b.a.w.s.WelcomePageHandlerMapping: 56] - Adding welcome page: class path resource [static/index.html]
11-13 21:01:18.994 [ INFO] [       o.s.j.e.a.AnnotationMBeanExporter:433] - Registering beans for JMX exposure on startup
11-13 21:01:18.995 [ INFO] [       o.s.j.e.a.AnnotationMBeanExporter:895] - Bean with name 'dataSource' has been autodetected for JMX exposure
11-13 21:01:18.999 [ INFO] [       o.s.j.e.a.AnnotationMBeanExporter:668] - Located MBean 'dataSource': registering with JMX server as MBean [com.zaxxer.hikari:name=dataSource,type=HikariDataSource]
11-13 21:01:19.037 [ INFO] [               o.a.c.h.Http11NioProtocol:180] - Starting ProtocolHandler ["http-nio-8080"]
11-13 21:01:19.048 [ INFO] [               o.a.t.u.n.NioSelectorPool:180] - Using a shared selector for servlet write/read
11-13 21:01:19.065 [ INFO] [             o.s.b.w.e.t.TomcatWebServer:206] - Tomcat started on port(s): 8080 (http) with context path ''
11-13 21:01:19.072 [ INFO] [                    c.t.f.FlyApplication: 59] - Started FlyApplication in 3.314 seconds (JVM running for 3.971)
11-13 21:01:22.321 [ INFO] [                       o.a.c.c.C.[.[.[/]:180] - Initializing Spring FrameworkServlet 'dispatcherServlet'
11-13 21:01:22.322 [ INFO] [               o.s.w.s.DispatcherServlet:494] - FrameworkServlet 'dispatcherServlet': initialization started
11-13 21:01:22.350 [ INFO] [               o.s.w.s.DispatcherServlet:509] - FrameworkServlet 'dispatcherServlet': initialization completed in 28 ms
11-13 21:01:22.399 [ INFO] [                  c.z.h.HikariDataSource:110] - DatebookHikariCP - Starting...
11-13 21:01:22.561 [ INFO] [                  c.z.h.HikariDataSource:123] - DatebookHikariCP - Start completed.
11-13 21:01:22.602 [ INFO] [       o.s.b.f.x.XmlBeanDefinitionReader:317] - Loading XML bean definitions from class path resource [org/springframework/jdbc/support/sql-error-codes.xml]
11-13 21:09:46.834 [ INFO] [                    c.t.f.FlyApplication: 50] - Starting FlyApplication on wxs with PID 6584 (D:\fly\target\classes started by Administrator in D:\fly)
11-13 21:09:46.835 [ INFO] [                    c.t.f.FlyApplication:680] - No active profile set, falling back to default profiles: default
11-13 21:09:46.865 [ INFO] [ConfigServletWebServerApplicationContext:590] - Refreshing org.springframework.boot.web.servlet.context.AnnotationConfigServletWebServerApplicationContext@6236eb5f: startup date [Tue Nov 13 21:09:46 CST 2018]; root of context hierarchy
11-13 21:09:47.887 [ INFO] [             o.s.b.w.e.t.TomcatWebServer: 91] - Tomcat initialized with port(s): 8080 (http)
11-13 21:09:47.897 [ INFO] [               o.a.c.h.Http11NioProtocol:180] - Initializing ProtocolHandler ["http-nio-8080"]
11-13 21:09:47.904 [ INFO] [                 o.a.c.c.StandardService:180] - Starting service [Tomcat]
11-13 21:09:47.905 [ INFO] [                  o.a.c.c.StandardEngine:180] - Starting Servlet Engine: Apache Tomcat/8.5.34
11-13 21:09:47.911 [ INFO] [            o.a.c.c.AprLifecycleListener:180] - Loaded APR based Apache Tomcat Native library [1.2.17] using APR version [1.6.3].
11-13 21:09:47.911 [ INFO] [            o.a.c.c.AprLifecycleListener:180] - APR capabilities: IPv6 [true], sendfile [true], accept filters [false], random [true].
11-13 21:09:47.912 [ INFO] [            o.a.c.c.AprLifecycleListener:180] - APR/OpenSSL configuration: useAprConnector [false], useOpenSSL [true]
11-13 21:09:48.936 [ INFO] [            o.a.c.c.AprLifecycleListener:180] - OpenSSL successfully initialized [OpenSSL 1.0.2o  27 Mar 2018]
11-13 21:09:49.013 [ INFO] [                       o.a.c.c.C.[.[.[/]:180] - Initializing Spring embedded WebApplicationContext
11-13 21:09:49.014 [ INFO] [                   o.s.w.c.ContextLoader:285] - Root WebApplicationContext: initialization completed in 2152 ms
11-13 21:09:49.064 [ INFO] [       o.s.b.w.s.ServletRegistrationBean:187] - Servlet dispatcherServlet mapped to [/]
11-13 21:09:49.067 [ INFO] [        o.s.b.w.s.FilterRegistrationBean:245] - Mapping filter: 'characterEncodingFilter' to: [/*]
11-13 21:09:49.068 [ INFO] [        o.s.b.w.s.FilterRegistrationBean:245] - Mapping filter: 'hiddenHttpMethodFilter' to: [/*]
11-13 21:09:49.068 [ INFO] [        o.s.b.w.s.FilterRegistrationBean:245] - Mapping filter: 'httpPutFormContentFilter' to: [/*]
11-13 21:09:49.068 [ INFO] [        o.s.b.w.s.FilterRegistrationBean:245] - Mapping filter: 'requestContextFilter' to: [/*]
11-13 21:09:49.387 [ INFO] [       o.s.w.s.h.SimpleUrlHandlerMapping:373] - Mapped URL path [/**/favicon.ico] onto handler of type [class org.springframework.web.servlet.resource.ResourceHttpRequestHandler]
11-13 21:09:49.610 [ INFO] [s.w.s.m.m.a.RequestMappingHandlerAdapter:588] - Looking for @ControllerAdvice: org.springframework.boot.web.servlet.context.AnnotationConfigServletWebServerApplicationContext@6236eb5f: startup date [Tue Nov 13 21:09:46 CST 2018]; root of context hierarchy
11-13 21:09:49.648 [ INFO] [s.w.s.m.m.a.RequestMappingHandlerMapping:549] - Mapped "{[/add],methods=[POST]}" onto public com.test.fly.common.ServerResponse<java.lang.String> com.test.fly.controller.UserController.Add(com.test.fly.pojo.Data)
11-13 21:09:49.649 [ INFO] [s.w.s.m.m.a.RequestMappingHandlerMapping:549] - Mapped "{[/locate],methods=[POST]}" onto public com.test.fly.common.ServerResponse<java.util.List<com.test.fly.pojo.Data>> com.test.fly.controller.UserController.getLocate()
11-13 21:09:49.655 [ INFO] [s.w.s.m.m.a.RequestMappingHandlerMapping:549] - Mapped "{[/error]}" onto public org.springframework.http.ResponseEntity<java.util.Map<java.lang.String, java.lang.Object>> org.springframework.boot.autoconfigure.web.servlet.error.BasicErrorController.error(javax.servlet.http.HttpServletRequest)
11-13 21:09:49.655 [ INFO] [s.w.s.m.m.a.RequestMappingHandlerMapping:549] - Mapped "{[/error],produces=[text/html]}" onto public org.springframework.web.servlet.ModelAndView org.springframework.boot.autoconfigure.web.servlet.error.BasicErrorController.errorHtml(javax.servlet.http.HttpServletRequest,javax.servlet.http.HttpServletResponse)
11-13 21:09:49.702 [ INFO] [       o.s.w.s.h.SimpleUrlHandlerMapping:373] - Mapped URL path [/webjars/**] onto handler of type [class org.springframework.web.servlet.resource.ResourceHttpRequestHandler]
11-13 21:09:49.702 [ INFO] [       o.s.w.s.h.SimpleUrlHandlerMapping:373] - Mapped URL path [/**] onto handler of type [class org.springframework.web.servlet.resource.ResourceHttpRequestHandler]
11-13 21:09:49.735 [ INFO] [   o.s.b.a.w.s.WelcomePageHandlerMapping: 56] - Adding welcome page: class path resource [static/index.html]
11-13 21:09:49.888 [ INFO] [       o.s.j.e.a.AnnotationMBeanExporter:433] - Registering beans for JMX exposure on startup
11-13 21:09:49.890 [ INFO] [       o.s.j.e.a.AnnotationMBeanExporter:895] - Bean with name 'dataSource' has been autodetected for JMX exposure
11-13 21:09:49.893 [ INFO] [       o.s.j.e.a.AnnotationMBeanExporter:668] - Located MBean 'dataSource': registering with JMX server as MBean [com.zaxxer.hikari:name=dataSource,type=HikariDataSource]
11-13 21:09:49.924 [ INFO] [               o.a.c.h.Http11NioProtocol:180] - Starting ProtocolHandler ["http-nio-8080"]
11-13 21:09:49.939 [ INFO] [               o.a.t.u.n.NioSelectorPool:180] - Using a shared selector for servlet write/read
11-13 21:09:49.951 [ INFO] [             o.s.b.w.e.t.TomcatWebServer:206] - Tomcat started on port(s): 8080 (http) with context path ''
11-13 21:09:49.957 [ INFO] [                    c.t.f.FlyApplication: 59] - Started FlyApplication in 3.357 seconds (JVM running for 3.998)
11-13 21:09:53.529 [ INFO] [                       o.a.c.c.C.[.[.[/]:180] - Initializing Spring FrameworkServlet 'dispatcherServlet'
11-13 21:09:53.529 [ INFO] [               o.s.w.s.DispatcherServlet:494] - FrameworkServlet 'dispatcherServlet': initialization started
11-13 21:09:53.551 [ INFO] [               o.s.w.s.DispatcherServlet:509] - FrameworkServlet 'dispatcherServlet': initialization completed in 22 ms
11-13 21:09:53.843 [ INFO] [                  c.z.h.HikariDataSource:110] - DatebookHikariCP - Starting...
11-13 21:09:54.062 [ INFO] [                  c.z.h.HikariDataSource:123] - DatebookHikariCP - Start completed.
11-13 21:13:26.133 [ INFO] [       o.s.b.f.x.XmlBeanDefinitionReader:317] - Loading XML bean definitions from class path resource [org/springframework/jdbc/support/sql-error-codes.xml]
11-13 21:31:45.278 [ INFO] [                    c.t.f.FlyApplication: 50] - Starting FlyApplication on wxs with PID 9276 (D:\fly\target\classes started by Administrator in D:\fly)
11-13 21:31:45.279 [ INFO] [                    c.t.f.FlyApplication:680] - No active profile set, falling back to default profiles: default
11-13 21:31:45.308 [ INFO] [ConfigServletWebServerApplicationContext:590] - Refreshing org.springframework.boot.web.servlet.context.AnnotationConfigServletWebServerApplicationContext@6ff29830: startup date [Tue Nov 13 21:31:45 CST 2018]; root of context hierarchy
11-13 21:31:46.318 [ INFO] [             o.s.b.w.e.t.TomcatWebServer: 91] - Tomcat initialized with port(s): 8080 (http)
11-13 21:31:46.328 [ INFO] [               o.a.c.h.Http11NioProtocol:180] - Initializing ProtocolHandler ["http-nio-8080"]
11-13 21:31:46.336 [ INFO] [                 o.a.c.c.StandardService:180] - Starting service [Tomcat]
11-13 21:31:46.336 [ INFO] [                  o.a.c.c.StandardEngine:180] - Starting Servlet Engine: Apache Tomcat/8.5.34
11-13 21:31:46.341 [ INFO] [            o.a.c.c.AprLifecycleListener:180] - Loaded APR based Apache Tomcat Native library [1.2.17] using APR version [1.6.3].
11-13 21:31:46.342 [ INFO] [            o.a.c.c.AprLifecycleListener:180] - APR capabilities: IPv6 [true], sendfile [true], accept filters [false], random [true].
11-13 21:31:46.342 [ INFO] [            o.a.c.c.AprLifecycleListener:180] - APR/OpenSSL configuration: useAprConnector [false], useOpenSSL [true]
11-13 21:31:47.378 [ INFO] [            o.a.c.c.AprLifecycleListener:180] - OpenSSL successfully initialized [OpenSSL 1.0.2o  27 Mar 2018]
11-13 21:31:47.470 [ INFO] [                       o.a.c.c.C.[.[.[/]:180] - Initializing Spring embedded WebApplicationContext
11-13 21:31:47.471 [ INFO] [                   o.s.w.c.ContextLoader:285] - Root WebApplicationContext: initialization completed in 2166 ms
11-13 21:31:47.518 [ INFO] [       o.s.b.w.s.ServletRegistrationBean:187] - Servlet dispatcherServlet mapped to [/]
11-13 21:31:47.524 [ INFO] [        o.s.b.w.s.FilterRegistrationBean:245] - Mapping filter: 'characterEncodingFilter' to: [/*]
11-13 21:31:47.525 [ INFO] [        o.s.b.w.s.FilterRegistrationBean:245] - Mapping filter: 'hiddenHttpMethodFilter' to: [/*]
11-13 21:31:47.525 [ INFO] [        o.s.b.w.s.FilterRegistrationBean:245] - Mapping filter: 'httpPutFormContentFilter' to: [/*]
11-13 21:31:47.525 [ INFO] [        o.s.b.w.s.FilterRegistrationBean:245] - Mapping filter: 'requestContextFilter' to: [/*]
11-13 21:31:47.831 [ INFO] [       o.s.w.s.h.SimpleUrlHandlerMapping:373] - Mapped URL path [/**/favicon.ico] onto handler of type [class org.springframework.web.servlet.resource.ResourceHttpRequestHandler]
11-13 21:31:47.978 [ INFO] [s.w.s.m.m.a.RequestMappingHandlerAdapter:588] - Looking for @ControllerAdvice: org.springframework.boot.web.servlet.context.AnnotationConfigServletWebServerApplicationContext@6ff29830: startup date [Tue Nov 13 21:31:45 CST 2018]; root of context hierarchy
11-13 21:31:48.076 [ INFO] [s.w.s.m.m.a.RequestMappingHandlerMapping:549] - Mapped "{[/add],methods=[POST]}" onto public com.test.fly.common.ServerResponse<java.lang.String> com.test.fly.controller.UserController.Add(com.test.fly.pojo.Data)
11-13 21:31:48.076 [ INFO] [s.w.s.m.m.a.RequestMappingHandlerMapping:549] - Mapped "{[/locate],methods=[POST]}" onto public com.test.fly.common.ServerResponse<java.util.List<com.test.fly.pojo.Data>> com.test.fly.controller.UserController.getLocate()
11-13 21:31:48.080 [ INFO] [s.w.s.m.m.a.RequestMappingHandlerMapping:549] - Mapped "{[/error]}" onto public org.springframework.http.ResponseEntity<java.util.Map<java.lang.String, java.lang.Object>> org.springframework.boot.autoconfigure.web.servlet.error.BasicErrorController.error(javax.servlet.http.HttpServletRequest)
11-13 21:31:48.080 [ INFO] [s.w.s.m.m.a.RequestMappingHandlerMapping:549] - Mapped "{[/error],produces=[text/html]}" onto public org.springframework.web.servlet.ModelAndView org.springframework.boot.autoconfigure.web.servlet.error.BasicErrorController.errorHtml(javax.servlet.http.HttpServletRequest,javax.servlet.http.HttpServletResponse)
11-13 21:31:48.118 [ INFO] [       o.s.w.s.h.SimpleUrlHandlerMapping:373] - Mapped URL path [/webjars/**] onto handler of type [class org.springframework.web.servlet.resource.ResourceHttpRequestHandler]
11-13 21:31:48.118 [ INFO] [       o.s.w.s.h.SimpleUrlHandlerMapping:373] - Mapped URL path [/**] onto handler of type [class org.springframework.web.servlet.resource.ResourceHttpRequestHandler]
11-13 21:31:48.152 [ INFO] [   o.s.b.a.w.s.WelcomePageHandlerMapping: 56] - Adding welcome page: class path resource [static/index.html]
11-13 21:31:48.332 [ INFO] [       o.s.j.e.a.AnnotationMBeanExporter:433] - Registering beans for JMX exposure on startup
11-13 21:31:48.334 [ INFO] [       o.s.j.e.a.AnnotationMBeanExporter:895] - Bean with name 'dataSource' has been autodetected for JMX exposure
11-13 21:31:48.337 [ INFO] [       o.s.j.e.a.AnnotationMBeanExporter:668] - Located MBean 'dataSource': registering with JMX server as MBean [com.zaxxer.hikari:name=dataSource,type=HikariDataSource]
11-13 21:31:48.365 [ INFO] [               o.a.c.h.Http11NioProtocol:180] - Starting ProtocolHandler ["http-nio-8080"]
11-13 21:31:48.371 [ INFO] [               o.a.t.u.n.NioSelectorPool:180] - Using a shared selector for servlet write/read
11-13 21:31:48.381 [ INFO] [             o.s.b.w.e.t.TomcatWebServer:206] - Tomcat started on port(s): 8080 (http) with context path ''
11-13 21:31:48.383 [ INFO] [                    c.t.f.FlyApplication: 59] - Started FlyApplication in 3.332 seconds (JVM running for 4.169)
11-13 21:32:25.092 [ INFO] [                       o.a.c.c.C.[.[.[/]:180] - Initializing Spring FrameworkServlet 'dispatcherServlet'
11-13 21:32:25.092 [ INFO] [               o.s.w.s.DispatcherServlet:494] - FrameworkServlet 'dispatcherServlet': initialization started
11-13 21:32:25.112 [ INFO] [               o.s.w.s.DispatcherServlet:509] - FrameworkServlet 'dispatcherServlet': initialization completed in 20 ms
11-13 21:32:25.146 [ INFO] [                  c.z.h.HikariDataSource:110] - DatebookHikariCP - Starting...
11-13 21:32:25.360 [ INFO] [                  c.z.h.HikariDataSource:123] - DatebookHikariCP - Start completed.
11-13 21:33:28.819 [ INFO] [       o.s.b.f.x.XmlBeanDefinitionReader:317] - Loading XML bean definitions from class path resource [org/springframework/jdbc/support/sql-error-codes.xml]
11-13 22:07:35.665 [ INFO] [                    c.t.f.FlyApplication: 50] - Starting FlyApplication on wxs with PID 844 (D:\fly\target\classes started by Administrator in D:\fly)
11-13 22:07:35.667 [ INFO] [                    c.t.f.FlyApplication:680] - No active profile set, falling back to default profiles: default
11-13 22:07:35.696 [ INFO] [ConfigServletWebServerApplicationContext:590] - Refreshing org.springframework.boot.web.servlet.context.AnnotationConfigServletWebServerApplicationContext@5609159b: startup date [Tue Nov 13 22:07:35 CST 2018]; root of context hierarchy
11-13 22:07:36.714 [ INFO] [             o.s.b.w.e.t.TomcatWebServer: 91] - Tomcat initialized with port(s): 8080 (http)
11-13 22:07:36.725 [ INFO] [               o.a.c.h.Http11NioProtocol:180] - Initializing ProtocolHandler ["http-nio-8080"]
11-13 22:07:36.734 [ INFO] [                 o.a.c.c.StandardService:180] - Starting service [Tomcat]
11-13 22:07:36.734 [ INFO] [                  o.a.c.c.StandardEngine:180] - Starting Servlet Engine: Apache Tomcat/8.5.34
11-13 22:07:36.739 [ INFO] [            o.a.c.c.AprLifecycleListener:180] - Loaded APR based Apache Tomcat Native library [1.2.17] using APR version [1.6.3].
11-13 22:07:36.739 [ INFO] [            o.a.c.c.AprLifecycleListener:180] - APR capabilities: IPv6 [true], sendfile [true], accept filters [false], random [true].
11-13 22:07:36.739 [ INFO] [            o.a.c.c.AprLifecycleListener:180] - APR/OpenSSL configuration: useAprConnector [false], useOpenSSL [true]
11-13 22:07:37.762 [ INFO] [            o.a.c.c.AprLifecycleListener:180] - OpenSSL successfully initialized [OpenSSL 1.0.2o  27 Mar 2018]
11-13 22:07:37.862 [ INFO] [                       o.a.c.c.C.[.[.[/]:180] - Initializing Spring embedded WebApplicationContext
11-13 22:07:37.863 [ INFO] [                   o.s.w.c.ContextLoader:285] - Root WebApplicationContext: initialization completed in 2170 ms
11-13 22:07:37.910 [ INFO] [       o.s.b.w.s.ServletRegistrationBean:187] - Servlet dispatcherServlet mapped to [/]
11-13 22:07:37.917 [ INFO] [        o.s.b.w.s.FilterRegistrationBean:245] - Mapping filter: 'characterEncodingFilter' to: [/*]
11-13 22:07:37.918 [ INFO] [        o.s.b.w.s.FilterRegistrationBean:245] - Mapping filter: 'hiddenHttpMethodFilter' to: [/*]
11-13 22:07:37.918 [ INFO] [        o.s.b.w.s.FilterRegistrationBean:245] - Mapping filter: 'httpPutFormContentFilter' to: [/*]
11-13 22:07:37.918 [ INFO] [        o.s.b.w.s.FilterRegistrationBean:245] - Mapping filter: 'requestContextFilter' to: [/*]
11-13 22:07:38.250 [ INFO] [       o.s.w.s.h.SimpleUrlHandlerMapping:373] - Mapped URL path [/**/favicon.ico] onto handler of type [class org.springframework.web.servlet.resource.ResourceHttpRequestHandler]
11-13 22:07:38.497 [ INFO] [s.w.s.m.m.a.RequestMappingHandlerAdapter:588] - Looking for @ControllerAdvice: org.springframework.boot.web.servlet.context.AnnotationConfigServletWebServerApplicationContext@5609159b: startup date [Tue Nov 13 22:07:35 CST 2018]; root of context hierarchy
11-13 22:07:38.534 [ INFO] [s.w.s.m.m.a.RequestMappingHandlerMapping:549] - Mapped "{[/add],methods=[POST]}" onto public com.test.fly.common.ServerResponse<java.lang.String> com.test.fly.controller.UserController.Add(com.test.fly.pojo.Data)
11-13 22:07:38.534 [ INFO] [s.w.s.m.m.a.RequestMappingHandlerMapping:549] - Mapped "{[/locate],methods=[POST]}" onto public com.test.fly.common.ServerResponse<java.util.List<com.test.fly.pojo.Data>> com.test.fly.controller.UserController.getLocate()
11-13 22:07:38.538 [ INFO] [s.w.s.m.m.a.RequestMappingHandlerMapping:549] - Mapped "{[/error]}" onto public org.springframework.http.ResponseEntity<java.util.Map<java.lang.String, java.lang.Object>> org.springframework.boot.autoconfigure.web.servlet.error.BasicErrorController.error(javax.servlet.http.HttpServletRequest)
11-13 22:07:38.538 [ INFO] [s.w.s.m.m.a.RequestMappingHandlerMapping:549] - Mapped "{[/error],produces=[text/html]}" onto public org.springframework.web.servlet.ModelAndView org.springframework.boot.autoconfigure.web.servlet.error.BasicErrorController.errorHtml(javax.servlet.http.HttpServletRequest,javax.servlet.http.HttpServletResponse)
11-13 22:07:38.583 [ INFO] [       o.s.w.s.h.SimpleUrlHandlerMapping:373] - Mapped URL path [/webjars/**] onto handler of type [class org.springframework.web.servlet.resource.ResourceHttpRequestHandler]
11-13 22:07:38.583 [ INFO] [       o.s.w.s.h.SimpleUrlHandlerMapping:373] - Mapped URL path [/**] onto handler of type [class org.springframework.web.servlet.resource.ResourceHttpRequestHandler]
11-13 22:07:38.633 [ INFO] [   o.s.b.a.w.s.WelcomePageHandlerMapping: 56] - Adding welcome page: class path resource [static/index.html]
11-13 22:07:38.806 [ INFO] [       o.s.j.e.a.AnnotationMBeanExporter:433] - Registering beans for JMX exposure on startup
11-13 22:07:38.808 [ INFO] [       o.s.j.e.a.AnnotationMBeanExporter:895] - Bean with name 'dataSource' has been autodetected for JMX exposure
11-13 22:07:38.811 [ INFO] [       o.s.j.e.a.AnnotationMBeanExporter:668] - Located MBean 'dataSource': registering with JMX server as MBean [com.zaxxer.hikari:name=dataSource,type=HikariDataSource]
11-13 22:07:38.834 [ INFO] [               o.a.c.h.Http11NioProtocol:180] - Starting ProtocolHandler ["http-nio-8080"]
11-13 22:07:38.841 [ INFO] [               o.a.t.u.n.NioSelectorPool:180] - Using a shared selector for servlet write/read
11-13 22:07:38.850 [ INFO] [             o.s.b.w.e.t.TomcatWebServer:206] - Tomcat started on port(s): 8080 (http) with context path ''
11-13 22:07:38.854 [ INFO] [                    c.t.f.FlyApplication: 59] - Started FlyApplication in 3.407 seconds (JVM running for 4.084)
11-13 22:07:45.675 [ INFO] [                       o.a.c.c.C.[.[.[/]:180] - Initializing Spring FrameworkServlet 'dispatcherServlet'
11-13 22:07:45.675 [ INFO] [               o.s.w.s.DispatcherServlet:494] - FrameworkServlet 'dispatcherServlet': initialization started
11-13 22:07:45.692 [ INFO] [               o.s.w.s.DispatcherServlet:509] - FrameworkServlet 'dispatcherServlet': initialization completed in 17 ms
11-13 22:07:45.739 [ INFO] [                  c.z.h.HikariDataSource:110] - DatebookHikariCP - Starting...
11-13 22:07:45.875 [ INFO] [                  c.z.h.HikariDataSource:123] - DatebookHikariCP - Start completed.
11-13 22:09:32.176 [ INFO] [       o.s.b.f.x.XmlBeanDefinitionReader:317] - Loading XML bean definitions from class path resource [org/springframework/jdbc/support/sql-error-codes.xml]
